#
# There is insufficient memory for the Java Runtime Environment to continue.
# Native memory allocation (malloc) failed to allocate 1143056 bytes for Chunk::new
# Possible reasons:
#   The system is out of physical RAM or swap space
#   The process is running with CompressedOops enabled, and the Java Heap may be blocking the growth of the native heap
# Possible solutions:
#   Reduce memory load on the system
#   Increase physical memory or swap space
#   Check if swap backing store is full
#   Decrease Java heap size (-Xmx/-Xms)
#   Decrease number of Java threads
#   Decrease Java thread stack sizes (-Xss)
#   Set larger code cache with -XX:ReservedCodeCacheSize=
#   JVM is running with Unscaled Compressed Oops mode in which the Java heap is
#     placed in the first 4GB address space. The Java Heap base address is the
#     maximum limit for the native heap growth. Please use -XX:HeapBaseMinAddress
#     to set the Java Heap base and to place the Java Heap above 4GB virtual address.
# This output file may be truncated or incomplete.
#
#  Out of Memory Error (arena.cpp:189), pid=20988, tid=5248
#
# JRE version: OpenJDK Runtime Environment (17.0.2+8) (build 17.0.2+8-86)
# Java VM: OpenJDK 64-Bit Server VM (17.0.2+8-86, mixed mode, sharing, tiered, compressed oops, compressed class ptrs, g1 gc, windows-amd64)
# No core dump will be written. Minidumps are not enabled by default on client versions of Windows
#

---------------  S U M M A R Y ------------

Command Line: --add-opens=java.base/java.util=ALL-UNNAMED --add-opens=java.base/java.lang=ALL-UNNAMED --add-opens=java.base/java.lang.invoke=ALL-UNNAMED --add-opens=java.prefs/java.util.prefs=ALL-UNNAMED --add-exports=jdk.compiler/com.sun.tools.javac.api=ALL-UNNAMED --add-exports=jdk.compiler/com.sun.tools.javac.util=ALL-UNNAMED --add-opens=java.base/java.nio.charset=ALL-UNNAMED --add-opens=java.base/java.net=ALL-UNNAMED --add-opens=java.base/java.util.concurrent.atomic=ALL-UNNAMED -Xmx768m -Dfile.encoding=UTF-8 -Duser.country=FR -Duser.language=fr -Duser.variant -javaagent:C:\Users\bilal\.gradle\wrapper\dists\gradle-8.9-bin\90cnw93cvbtalezasaz0blq0a\gradle-8.9\lib\agents\gradle-instrumentation-agent-8.9.jar org.gradle.launcher.daemon.bootstrap.GradleDaemon 8.9

Host: AMD Ryzen 7 5700G with Radeon Graphics         , 16 cores, 7G,  Windows 11 , 64 bit Build 26100 (10.0.26100.3323)
Time: Sat Apr 12 12:28:17 2025 Paris, Madrid (heure duild 26100 (10.0.26100.3323) elapsed time: 21.146358 seconds (0d 0h 0m 21s)

---------------  T H R E A D  ---------------

Current thread (0x00000273468612c0):  JavaThread "C2 CompilerThread1" daemon [_thread_in_native, id=5248, stack(0x0000007c35600000,0x0000007c35700000)]


Current CompileTask:
C2:  21146 15101   !   4       java.io.ObjectOutputStream::writeObject0 (620 bytes)

Stack: [0x0000007c35600000,0x0000007c35700000]
Native frames: (J=compiled Java code, j=interpreted, Vv=VM code, C=native code)
V  [jvm.dll+0x670baa]
V  [jvm.dll+0x7cfcb4]
V  [jvm.dll+0x7d145e]
V  [jvm.dll+0x7d1ac3]
V  [jvm.dll+0x242bc5]
V  [jvm.dll+0xaa57b]
V  [jvm.dll+0xaab0c]
V  [jvm.dll+0x2a991f]
V  [jvm.dll+0x5792d9]
V  [jvm.dll+0x21de3d]
V  [jvm.dll+0x21e21f]
V  [jvm.dll+0x217ae5]
V  [jvm.dll+0x214fab]
V  [jvm.dll+0x1a1bbd]
V  [jvm.dll+0x224908]
V  [jvm.dll+0x222a6c]
V  [jvm.dll+0x7859bb]
V  [jvm.dll+0x77ff7a]
V  [jvm.dll+0x66fa35]
C  [ucrtbase.dll+0x37b0]
C  [KERNEL32.DLL+0x2e8d7]
C  [ntdll.dll+0xbbf6c]


---------------  P R O C E S S  ---------------

Threads class SMR info:
_java_thread_list=0x000002734b24e3e0, length=48, elements={
0x0000027325c87500, 0x0000027343877c00, 0x0000027343879230, 0x00000273438903d0,
0x0000027343890c90, 0x0000027343892860, 0x00000273438b5450, 0x00000273438c8770,
0x00000273438cc900, 0x00000273438ce9b0, 0x000002734449e750, 0x00000273445ae660,
0x0000027346761600, 0x0000027346870ba0, 0x00000273468d2a00, 0x0000027346ab58a0,
0x0000027346aae6b0, 0x0000027346c134e0, 0x0000027346c2b8d0, 0x0000027346c3b5e0,
0x0000027346c39dd0, 0x0000027346c3a2a0, 0x00000273468612c0, 0x0000027346c3a770,
0x0000027346c3ac40, 0x0000027346c3b110, 0x0000027346863b40, 0x0000027346c3cdf0,
0x0000027346c39430, 0x0000027346c39900, 0x0000027346c3bf80, 0x0000027346c3c450,
0x0000027347edcc60, 0x0000027347edb920, 0x0000027347edd130, 0x0000027347edc2c0,
0x0000027347edaab0, 0x0000027347eddad0, 0x0000027347ee0af0, 0x0000027347ede940,
0x0000027349b68400, 0x0000027349b66720, 0x0000027349b66250, 0x0000027349b66bf0,
0x0000027349b69270, 0x0000027349b688d0, 0x000002734c5a8d40, 0x0000027349b67a60
}

Java Threads: ( => current thread )
  0x0000027325c87500 JavaThread "main" [_thread_blocked, id=21036, stack(0x0000007c33100000,0x0000007c33200000)]
  0x0000027343877c00 JavaThread "Reference Handler" daemon [_thread_blocked, id=2384, stack(0x0000007c33800000,0x0000007c33900000)]
  0x0000027343879230 JavaThread "Finalizer" daemon [_thread_blocked, id=20832, stack(0x0000007c33900000,0x0000007c33a00000)]
  0x00000273438903d0 JavaThread "Signal Dispatcher" daemon [_thread_blocked, id=7916, stack(0x0000007c33a00000,0x0000007c33b00000)]
  0x0000027343890c90 JavaThread "Attach Listener" daemon [_thread_blocked, id=9120, stack(0x0000007c33b00000,0x0000007c33c00000)]
  0x0000027343892860 JavaThread "Service Thread" daemon [_thread_blocked, id=20816, stack(0x0000007c33c00000,0x0000007c33d00000)]
  0x00000273438b5450 JavaThread "Monitor Deflation Thread" daemon [_thread_blocked, id=20808, stack(0x0000007c33d00000,0x0000007c33e00000)]
  0x00000273438c8770 JavaThread "C2 CompilerThread0" daemon [_thread_in_native, id=20824, stack(0x0000007c33e00000,0x0000007c33f00000)]
  0x00000273438cc900 JavaThread "C1 CompilerThread0" daemon [_thread_blocked, id=6416, stack(0x0000007c33f00000,0x0000007c34000000)]
  0x00000273438ce9b0 JavaThread "Sweeper thread" daemon [_thread_blocked, id=13176, stack(0x0000007c34000000,0x0000007c34100000)]
  0x000002734449e750 JavaThread "Common-Cleaner" daemon [_thread_blocked, id=20840, stack(0x0000007c34100000,0x0000007c34200000)]
  0x00000273445ae660 JavaThread "Notification Thread" daemon [_thread_blocked, id=9720, stack(0x0000007c34600000,0x0000007c34700000)]
  0x0000027346761600 JavaThread "Daemon health stats" [_thread_blocked, id=2800, stack(0x0000007c34a00000,0x0000007c34b00000)]
  0x0000027346870ba0 JavaThread "Incoming local TCP Connector on port 59394" [_thread_in_native, id=14172, stack(0x0000007c34f00000,0x0000007c35000000)]
  0x00000273468d2a00 JavaThread "Daemon periodic checks" [_thread_blocked, id=11180, stack(0x0000007c35000000,0x0000007c35100000)]
  0x0000027346ab58a0 JavaThread "Daemon" [_thread_blocked, id=4776, stack(0x0000007c34500000,0x0000007c34600000)]
  0x0000027346aae6b0 JavaThread "Handler for socket connection from /127.0.0.1:59394 to /127.0.0.1:59395" [_thread_in_native, id=4936, stack(0x0000007c34800000,0x0000007c34900000)]
  0x0000027346c134e0 JavaThread "Cancel handler" [_thread_blocked, id=3096, stack(0x0000007c35100000,0x0000007c35200000)]
  0x0000027346c2b8d0 JavaThread "Daemon worker" [_thread_blocked, id=10736, stack(0x0000007c35200000,0x0000007c35300000)]
  0x0000027346c3b5e0 JavaThread "Asynchronous log dispatcher for DefaultDaemonConnection: socket connection from /127.0.0.1:59394 to /127.0.0.1:59395" [_thread_blocked, id=18336, stack(0x0000007c35300000,0x0000007c35400000)]
  0x0000027346c39dd0 JavaThread "Stdin handler" [_thread_blocked, id=5428, stack(0x0000007c35400000,0x0000007c35500000)]
  0x0000027346c3a2a0 JavaThread "Daemon client event forwarder" [_thread_blocked, id=13332, stack(0x0000007c35500000,0x0000007c35600000)]
=>0x00000273468612c0 JavaThread "C2 CompilerThread1" daemon [_thread_in_native, id=5248, stack(0x0000007c35600000,0x0000007c35700000)]
  0x0000027346c3a770 JavaThread "Cache worker for journal cache (C:\Users\bilal\.gradle\caches\journal-1)" [_thread_blocked, id=5700, stack(0x0000007c35700000,0x0000007c35800000)]
  0x0000027346c3ac40 JavaThread "File lock request listener" [_thread_in_native, id=20148, stack(0x0000007c35800000,0x0000007c35900000)]
  0x0000027346c3b110 JavaThread "Cache worker for file hash cache (C:\Users\bilal\.gradle\caches\8.9\fileHashes)" [_thread_blocked, id=7204, stack(0x0000007c35900000,0x0000007c35a00000)]
  0x0000027346863b40 JavaThread "C2 CompilerThread2" daemon [_thread_in_native, id=16312, stack(0x0000007c36100000,0x0000007c36200000)]
  0x0000027346c3cdf0 JavaThread "Cache worker for file hash cache (C:\Users\bilal\AndroidStudioProjects\25-airlocunlock\.gradle\8.9\fileHashes)" [_thread_blocked, id=19660, stack(0x0000007c36200000,0x0000007c36300000)]
  0x0000027346c39430 JavaThread "Cache worker for Build Output Cleanup Cache (C:\Users\bilal\AndroidStudioProjects\25-airlocunlock\.gradle\buildOutputCleanup)" [_thread_blocked, id=10412, stack(0x0000007c36300000,0x0000007c36400000)]
  0x0000027346c39900 JavaThread "File watcher server" daemon [_thread_in_native, id=20464, stack(0x0000007c36600000,0x0000007c36700000)]
  0x0000027346c3bf80 JavaThread "File watcher consumer" daemon [_thread_blocked, id=20512, stack(0x0000007c36700000,0x0000007c36800000)]
  0x0000027346c3c450 JavaThread "Cache worker for checksums cache (C:\Users\bilal\AndroidStudioProjects\25-airlocunlock\.gradle\8.9\checksums)" [_thread_blocked, id=21428, stack(0x0000007c36800000,0x0000007c36900000)]
  0x0000027347edcc60 JavaThread "Cache worker for file content cache (C:\Users\bilal\.gradle\caches\8.9\fileContent)" [_thread_blocked, id=21476, stack(0x0000007c36900000,0x0000007c36a00000)]
  0x0000027347edb920 JavaThread "Cache worker for cache directory md-rule (C:\Users\bilal\.gradle\caches\8.9\md-rule)" [_thread_blocked, id=21376, stack(0x0000007c36a00000,0x0000007c36b00000)]
  0x0000027347edd130 JavaThread "Cache worker for cache directory md-supplier (C:\Users\bilal\.gradle\caches\8.9\md-supplier)" [_thread_blocked, id=2316, stack(0x0000007c36b00000,0x0000007c36c00000)]
  0x0000027347edc2c0 JavaThread "Unconstrained build operations" [_thread_blocked, id=20552, stack(0x0000007c36d00000,0x0000007c36e00000)]
  0x0000027347edaab0 JavaThread "Unconstrained build operations Thread 2" [_thread_blocked, id=20548, stack(0x0000007c36e00000,0x0000007c36f00000)]
  0x0000027347eddad0 JavaThread "Unconstrained build operations Thread 3" [_thread_blocked, id=20544, stack(0x0000007c37100000,0x0000007c37200000)]
  0x0000027347ee0af0 JavaThread "Memory manager" [_thread_blocked, id=12924, stack(0x0000007c36c00000,0x0000007c36d00000)]
  0x0000027347ede940 JavaThread "build event listener" [_thread_blocked, id=2484, stack(0x0000007c37200000,0x0000007c37300000)]
  0x0000027349b68400 JavaThread "included builds" [_thread_blocked, id=6576, stack(0x0000007c37300000,0x0000007c37400000)]
  0x0000027349b66720 JavaThread "Execution worker" [_thread_blocked, id=3716, stack(0x0000007c37400000,0x0000007c37500000)]
  0x0000027349b66250 JavaThread "Cache worker for execution history cache (C:\Users\bilal\AndroidStudioProjects\25-airlocunlock\.gradle\8.9\executionHistory)" [_thread_blocked, id=11844, stack(0x0000007c37500000,0x0000007c37600000)]
  0x0000027349b66bf0 JavaThread "Unconstrained build operations Thread 4" [_thread_blocked, id=19408, stack(0x0000007c37600000,0x0000007c37700000)]
  0x0000027349b69270 JavaThread "WorkerExecutor Queue" [_thread_in_native, id=1904, stack(0x0000007c37700000,0x0000007c37800000)]
  0x0000027349b688d0 JavaThread "Unconstrained build operations Thread 5" [_thread_blocked, id=11864, stack(0x0000007c37800000,0x0000007c37900000)]
  0x000002734c5a8d40 JavaThread "C2 CompilerThread3" daemon [_thread_in_native, id=11436, stack(0x0000007c37900000,0x0000007c37a00000)]
  0x0000027349b67a60 JavaThread "WorkerExecutor Queue Thread 2" [_thread_blocked, id=4352, stack(0x0000007c37a00000,0x0000007c37b00000)]

Other Threads:
  0x0000027343874f60 VMThread "VM Thread" [stack: 0x0000007c33700000,0x0000007c33800000] [id=11472]
  0x0000027325cca7a0 WatcherThread [stack: 0x0000007c34700000,0x0000007c34800000] [id=19564]
  0x0000027325cb51c0 GCTaskThread "GC Thread#0" [stack: 0x0000007c33200000,0x0000007c33300000] [id=16164]
  0x0000027344726990 GCTaskThread "GC Thread#1" [stack: 0x0000007c34b00000,0x0000007c34c00000] [id=4632]
  0x000002734488b2f0 GCTaskThread "GC Thread#2" [stack: 0x0000007c34c00000,0x0000007c34d00000] [id=20504]
  0x00000273455cf240 GCTaskThread "GC Thread#3" [stack: 0x0000007c34d00000,0x0000007c34e00000] [id=4212]
  0x000002734507f3f0 GCTaskThread "GC Thread#4" [stack: 0x0000007c34e00000,0x0000007c34f00000] [id=20000]
  0x0000027346703fa0 GCTaskThread "GC Thread#5" [stack: 0x0000007c34900000,0x0000007c34a00000] [id=18436]
  0x0000027346a109e0 GCTaskThread "GC Thread#6" [stack: 0x0000007c35a00000,0x0000007c35b00000] [id=10452]
  0x0000027346a111f0 GCTaskThread "GC Thread#7" [stack: 0x0000007c35b00000,0x0000007c35c00000] [id=6976]
  0x0000027346a114a0 GCTaskThread "GC Thread#8" [stack: 0x0000007c35c00000,0x0000007c35d00000] [id=1604]
  0x0000027346a10f40 GCTaskThread "GC Thread#9" [stack: 0x0000007c35d00000,0x0000007c35e00000] [id=2804]
  0x0000027346a11cb0 GCTaskThread "GC Thread#10" [stack: 0x0000007c35e00000,0x0000007c35f00000] [id=9580]
  0x0000027346a11750 GCTaskThread "GC Thread#11" [stack: 0x0000007c35f00000,0x0000007c36000000] [id=3568]
  0x0000027346a11a00 GCTaskThread "GC Thread#12" [stack: 0x0000007c36000000,0x0000007c36100000] [id=7052]
  0x0000027325cbc010 ConcurrentGCThread "G1 Main Marker" [stack: 0x0000007c33300000,0x0000007c33400000] [id=21160]
  0x0000027325cbdda0 ConcurrentGCThread "G1 Conc#0" [stack: 0x0000007c33400000,0x0000007c33500000] [id=21000]
  0x0000027348a0bf60 ConcurrentGCThread "G1 Conc#1" [stack: 0x0000007c36400000,0x0000007c36500000] [id=16832]
  0x0000027348a0d230 ConcurrentGCThread "G1 Conc#2" [stack: 0x0000007c36500000,0x0000007c36600000] [id=11656]
  0x0000027325d405f0 ConcurrentGCThread "G1 Refine#0" [stack: 0x0000007c33500000,0x0000007c33600000] [id=20216]
  0x00000273485049c0 ConcurrentGCThread "G1 Refine#1" [stack: 0x0000007c36f00000,0x0000007c37000000] [id=21368]
  0x00000273485063a0 ConcurrentGCThread "G1 Refine#2" [stack: 0x0000007c37000000,0x0000007c37100000] [id=4384]
  0x0000027343740090 ConcurrentGCThread "G1 Service" [stack: 0x0000007c33600000,0x0000007c33700000] [id=7848]

Threads with active compile tasks:
C2 CompilerThread0    22196 15117   !   4       java.io.ObjectOutputStream::writeSerialData (223 bytes)
C2 CompilerThread1    22196 15101   !   4       java.io.ObjectOutputStream::writeObject0 (620 bytes)
C2 CompilerThread2    22196 15186   !   4       java.io.ObjectInputStream::readSerialData (549 bytes)
C2 CompilerThread3    22196 15064       4       com.android.ide.common.resources.NodeUtils::duplicateNode (315 bytes)

VM state: not at safepoint (normal execution)

VM Mutex/Monitor currently owned by a thread: None

Heap address: 0x00000000d0000000, size: 768 MB, Compressed Oops mode: 32-bit

CDS archive(s) mapped at: [0x0000000800000000-0x0000000800bc0000-0x0000000800bc0000), size 12320768, SharedBaseAddress: 0x0000000800000000, ArchiveRelocationMode: 0.
Compressed class space mapped at: 0x0000000800c00000-0x0000000840c00000, reserved size: 1073741824
Narrow klass base: 0x0000000800000000, Narrow klass shift: 0, Narrow klass range: 0x100000000

GC Precious Log:
 CPUs: 16 total, 16 available
 Memory: 7471M
 Large Page Support: Disabled
 NUMA Support: Disabled
 Compressed Oops: Enabled (32-bit)
 Heap Region Size: 1M
 Heap Min Capacity: 8M
 Heap Initial Capacity: 118M
 Heap Max Capacity: 768M
 Pre-touch: Disabled
 Parallel Workers: 13
 Concurrent Workers: 3
 Concurrent Refinement Workers: 13
 Periodic GC: Disabled

Heap:
 garbage-first heap   total 227328K, used 169798K [0x00000000d0000000, 0x0000000100000000)
  region size 1024K, 38 young (38912K), 6 survivors (6144K)
 Metaspace       used 101709K, committed 102592K, reserved 1138688K
  class space    used 13896K, committed 14336K, reserved 1048576K

Heap Regions: E=young(eden), S=young(survivor), O=old, HS=humongous(starts), HC=humongous(continues), CS=collection set, F=free, OA=open archive, CA=closed archive, TAMS=top-at-mark-start (previous, next)
|   0|0x00000000d0000000, 0x00000000d0100000, 0x00000000d0100000|100%|HS|  |TAMS 0x00000000d0100000, 0x00000000d0000000| Complete 
|   1|0x00000000d0100000, 0x00000000d0200000, 0x00000000d0200000|100%|HC|  |TAMS 0x00000000d0200000, 0x00000000d0100000| Complete 
|   2|0x00000000d0200000, 0x00000000d0300000, 0x00000000d0300000|100%|HC|  |TAMS 0x00000000d0300000, 0x00000000d0200000| Complete 
|   3|0x00000000d0300000, 0x00000000d0400000, 0x00000000d0400000|100%|HC|  |TAMS 0x00000000d0400000, 0x00000000d0300000| Complete 
|   4|0x00000000d0400000, 0x00000000d0500000, 0x00000000d0500000|100%| O|  |TAMS 0x00000000d0500000, 0x00000000d0400000| Untracked 
|   5|0x00000000d0500000, 0x00000000d0600000, 0x00000000d0600000|100%| O|  |TAMS 0x00000000d0600000, 0x00000000d0500000| Untracked 
|   6|0x00000000d0600000, 0x00000000d0700000, 0x00000000d0700000|100%| O|  |TAMS 0x00000000d0700000, 0x00000000d0600000| Untracked 
|   7|0x00000000d0700000, 0x00000000d0800000, 0x00000000d0800000|100%| O|  |TAMS 0x00000000d0800000, 0x00000000d0700000| Untracked 
|   8|0x00000000d0800000, 0x00000000d0900000, 0x00000000d0900000|100%| O|  |TAMS 0x00000000d0900000, 0x00000000d0800000| Untracked 
|   9|0x00000000d0900000, 0x00000000d0a00000, 0x00000000d0a00000|100%| O|  |TAMS 0x00000000d0a00000, 0x00000000d0900000| Untracked 
|  10|0x00000000d0a00000, 0x00000000d0b00000, 0x00000000d0b00000|100%|HS|  |TAMS 0x00000000d0b00000, 0x00000000d0a00000| Complete 
|  11|0x00000000d0b00000, 0x00000000d0c00000, 0x00000000d0c00000|100%| O|  |TAMS 0x00000000d0c00000, 0x00000000d0b00000| Untracked 
|  12|0x00000000d0c00000, 0x00000000d0d00000, 0x00000000d0d00000|100%| O|  |TAMS 0x00000000d0d00000, 0x00000000d0c00000| Untracked 
|  13|0x00000000d0d00000, 0x00000000d0e00000, 0x00000000d0e00000|100%| O|  |TAMS 0x00000000d0e00000, 0x00000000d0d00000| Untracked 
|  14|0x00000000d0e00000, 0x00000000d0f00000, 0x00000000d0f00000|100%| O|  |TAMS 0x00000000d0f00000, 0x00000000d0e00000| Untracked 
|  15|0x00000000d0f00000, 0x00000000d1000000, 0x00000000d1000000|100%| O|  |TAMS 0x00000000d1000000, 0x00000000d0f00000| Untracked 
|  16|0x00000000d1000000, 0x00000000d1100000, 0x00000000d1100000|100%| O|  |TAMS 0x00000000d1100000, 0x00000000d1000000| Untracked 
|  17|0x00000000d1100000, 0x00000000d1200000, 0x00000000d1200000|100%| O|  |TAMS 0x00000000d1200000, 0x00000000d1100000| Untracked 
|  18|0x00000000d1200000, 0x00000000d1300000, 0x00000000d1300000|100%| O|  |TAMS 0x00000000d1300000, 0x00000000d1200000| Untracked 
|  19|0x00000000d1300000, 0x00000000d1400000, 0x00000000d1400000|100%| O|  |TAMS 0x00000000d1400000, 0x00000000d1300000| Untracked 
|  20|0x00000000d1400000, 0x00000000d1500000, 0x00000000d1500000|100%| O|  |TAMS 0x00000000d1500000, 0x00000000d1400000| Untracked 
|  21|0x00000000d1500000, 0x00000000d1600000, 0x00000000d1600000|100%| O|  |TAMS 0x00000000d1600000, 0x00000000d1500000| Untracked 
|  22|0x00000000d1600000, 0x00000000d1700000, 0x00000000d1700000|100%| O|  |TAMS 0x00000000d1700000, 0x00000000d1600000| Untracked 
|  23|0x00000000d1700000, 0x00000000d1800000, 0x00000000d1800000|100%| O|  |TAMS 0x00000000d1800000, 0x00000000d1700000| Untracked 
|  24|0x00000000d1800000, 0x00000000d1900000, 0x00000000d1900000|100%| O|  |TAMS 0x00000000d1900000, 0x00000000d1800000| Untracked 
|  25|0x00000000d1900000, 0x00000000d1a00000, 0x00000000d1a00000|100%| O|  |TAMS 0x00000000d1a00000, 0x00000000d1900000| Untracked 
|  26|0x00000000d1a00000, 0x00000000d1b00000, 0x00000000d1b00000|100%| O|  |TAMS 0x00000000d1b00000, 0x00000000d1a00000| Untracked 
|  27|0x00000000d1b00000, 0x00000000d1c00000, 0x00000000d1c00000|100%| O|  |TAMS 0x00000000d1c00000, 0x00000000d1b00000| Untracked 
|  28|0x00000000d1c00000, 0x00000000d1d00000, 0x00000000d1d00000|100%| O|  |TAMS 0x00000000d1d00000, 0x00000000d1c00000| Untracked 
|  29|0x00000000d1d00000, 0x00000000d1e00000, 0x00000000d1e00000|100%| O|  |TAMS 0x00000000d1e00000, 0x00000000d1d00000| Untracked 
|  30|0x00000000d1e00000, 0x00000000d1f00000, 0x00000000d1f00000|100%| O|  |TAMS 0x00000000d1f00000, 0x00000000d1e00000| Untracked 
|  31|0x00000000d1f00000, 0x00000000d2000000, 0x00000000d2000000|100%| O|  |TAMS 0x00000000d2000000, 0x00000000d1f00000| Untracked 
|  32|0x00000000d2000000, 0x00000000d2100000, 0x00000000d2100000|100%| O|  |TAMS 0x00000000d2100000, 0x00000000d2000000| Untracked 
|  33|0x00000000d2100000, 0x00000000d2200000, 0x00000000d2200000|100%| O|  |TAMS 0x00000000d2200000, 0x00000000d2100000| Untracked 
|  34|0x00000000d2200000, 0x00000000d2300000, 0x00000000d2300000|100%| O|  |TAMS 0x00000000d2300000, 0x00000000d2200000| Untracked 
|  35|0x00000000d2300000, 0x00000000d2400000, 0x00000000d2400000|100%|HS|  |TAMS 0x00000000d2400000, 0x00000000d2300000| Complete 
|  36|0x00000000d2400000, 0x00000000d2500000, 0x00000000d2500000|100%| O|  |TAMS 0x00000000d2500000, 0x00000000d2400000| Untracked 
|  37|0x00000000d2500000, 0x00000000d2600000, 0x00000000d2600000|100%| O|  |TAMS 0x00000000d2600000, 0x00000000d2500000| Untracked 
|  38|0x00000000d2600000, 0x00000000d2700000, 0x00000000d2700000|100%| O|  |TAMS 0x00000000d2700000, 0x00000000d2600000| Untracked 
|  39|0x00000000d2700000, 0x00000000d2800000, 0x00000000d2800000|100%| O|  |TAMS 0x00000000d2800000, 0x00000000d2700000| Untracked 
|  40|0x00000000d2800000, 0x00000000d2900000, 0x00000000d2900000|100%| O|  |TAMS 0x00000000d2900000, 0x00000000d2800000| Untracked 
|  41|0x00000000d2900000, 0x00000000d2a00000, 0x00000000d2a00000|100%| O|  |TAMS 0x00000000d2a00000, 0x00000000d2900000| Untracked 
|  42|0x00000000d2a00000, 0x00000000d2b00000, 0x00000000d2b00000|100%| O|  |TAMS 0x00000000d2b00000, 0x00000000d2a00000| Untracked 
|  43|0x00000000d2b00000, 0x00000000d2c00000, 0x00000000d2c00000|100%| O|  |TAMS 0x00000000d2c00000, 0x00000000d2b00000| Untracked 
|  44|0x00000000d2c00000, 0x00000000d2d00000, 0x00000000d2d00000|100%| O|  |TAMS 0x00000000d2d00000, 0x00000000d2c00000| Untracked 
|  45|0x00000000d2d00000, 0x00000000d2e00000, 0x00000000d2e00000|100%| O|  |TAMS 0x00000000d2e00000, 0x00000000d2d00000| Untracked 
|  46|0x00000000d2e00000, 0x00000000d2f00000, 0x00000000d2f00000|100%| O|  |TAMS 0x00000000d2f00000, 0x00000000d2e00000| Untracked 
|  47|0x00000000d2f00000, 0x00000000d3000000, 0x00000000d3000000|100%|HS|  |TAMS 0x00000000d3000000, 0x00000000d2f00000| Complete 
|  48|0x00000000d3000000, 0x00000000d3100000, 0x00000000d3100000|100%|HS|  |TAMS 0x00000000d3100000, 0x00000000d3000000| Complete 
|  49|0x00000000d3100000, 0x00000000d3200000, 0x00000000d3200000|100%|HS|  |TAMS 0x00000000d3200000, 0x00000000d3100000| Complete 
|  50|0x00000000d3200000, 0x00000000d3300000, 0x00000000d3300000|100%|HC|  |TAMS 0x00000000d3300000, 0x00000000d3200000| Complete 
|  51|0x00000000d3300000, 0x00000000d3400000, 0x00000000d3400000|100%|HS|  |TAMS 0x00000000d3400000, 0x00000000d3300000| Complete 
|  52|0x00000000d3400000, 0x00000000d3500000, 0x00000000d3500000|100%|HC|  |TAMS 0x00000000d3500000, 0x00000000d3400000| Complete 
|  53|0x00000000d3500000, 0x00000000d3600000, 0x00000000d3600000|100%|HS|  |TAMS 0x00000000d3600000, 0x00000000d3500000| Complete 
|  54|0x00000000d3600000, 0x00000000d3700000, 0x00000000d3700000|100%|HS|  |TAMS 0x00000000d3700000, 0x00000000d3600000| Complete 
|  55|0x00000000d3700000, 0x00000000d3800000, 0x00000000d3800000|100%|HC|  |TAMS 0x00000000d3800000, 0x00000000d3700000| Complete 
|  56|0x00000000d3800000, 0x00000000d3900000, 0x00000000d3900000|100%|HC|  |TAMS 0x00000000d3900000, 0x00000000d3800000| Complete 
|  57|0x00000000d3900000, 0x00000000d3a00000, 0x00000000d3a00000|100%|HS|  |TAMS 0x00000000d3a00000, 0x00000000d3900000| Complete 
|  58|0x00000000d3a00000, 0x00000000d3b00000, 0x00000000d3b00000|100%| O|  |TAMS 0x00000000d3b00000, 0x00000000d3a00000| Untracked 
|  59|0x00000000d3b00000, 0x00000000d3c00000, 0x00000000d3c00000|100%|HS|  |TAMS 0x00000000d3c00000, 0x00000000d3b00000| Complete 
|  60|0x00000000d3c00000, 0x00000000d3d00000, 0x00000000d3d00000|100%| O|  |TAMS 0x00000000d3d00000, 0x00000000d3c00000| Untracked 
|  61|0x00000000d3d00000, 0x00000000d3e00000, 0x00000000d3e00000|100%| O|  |TAMS 0x00000000d3e00000, 0x00000000d3d00000| Untracked 
|  62|0x00000000d3e00000, 0x00000000d3f00000, 0x00000000d3f00000|100%| O|  |TAMS 0x00000000d3f00000, 0x00000000d3e00000| Untracked 
|  63|0x00000000d3f00000, 0x00000000d4000000, 0x00000000d4000000|100%| O|  |TAMS 0x00000000d4000000, 0x00000000d3f00000| Untracked 
|  64|0x00000000d4000000, 0x00000000d4100000, 0x00000000d4100000|100%| O|  |TAMS 0x00000000d4100000, 0x00000000d4000000| Untracked 
|  65|0x00000000d4100000, 0x00000000d4200000, 0x00000000d4200000|100%| O|  |TAMS 0x00000000d4200000, 0x00000000d4100000| Untracked 
|  66|0x00000000d4200000, 0x00000000d4300000, 0x00000000d4300000|100%| O|  |TAMS 0x00000000d4300000, 0x00000000d4200000| Untracked 
|  67|0x00000000d4300000, 0x00000000d4400000, 0x00000000d4400000|100%| O|  |TAMS 0x00000000d4400000, 0x00000000d4300000| Untracked 
|  68|0x00000000d4400000, 0x00000000d4500000, 0x00000000d4500000|100%| O|  |TAMS 0x00000000d4500000, 0x00000000d4400000| Untracked 
|  69|0x00000000d4500000, 0x00000000d4600000, 0x00000000d4600000|100%|HS|  |TAMS 0x00000000d4600000, 0x00000000d4500000| Complete 
|  70|0x00000000d4600000, 0x00000000d4700000, 0x00000000d4700000|100%| O|  |TAMS 0x00000000d4700000, 0x00000000d4600000| Untracked 
|  71|0x00000000d4700000, 0x00000000d4800000, 0x00000000d4800000|100%| O|  |TAMS 0x00000000d4800000, 0x00000000d4700000| Untracked 
|  72|0x00000000d4800000, 0x00000000d4900000, 0x00000000d4900000|100%| O|  |TAMS 0x00000000d4900000, 0x00000000d4800000| Untracked 
|  73|0x00000000d4900000, 0x00000000d4a00000, 0x00000000d4a00000|100%| O|  |TAMS 0x00000000d4a00000, 0x00000000d4900000| Untracked 
|  74|0x00000000d4a00000, 0x00000000d4b00000, 0x00000000d4b00000|100%| O|  |TAMS 0x00000000d4b00000, 0x00000000d4a00000| Untracked 
|  75|0x00000000d4b00000, 0x00000000d4c00000, 0x00000000d4c00000|100%|HS|  |TAMS 0x00000000d4c00000, 0x00000000d4b00000| Complete 
|  76|0x00000000d4c00000, 0x00000000d4d00000, 0x00000000d4d00000|100%|HC|  |TAMS 0x00000000d4d00000, 0x00000000d4c00000| Complete 
|  77|0x00000000d4d00000, 0x00000000d4e00000, 0x00000000d4e00000|100%|HC|  |TAMS 0x00000000d4e00000, 0x00000000d4d00000| Complete 
|  78|0x00000000d4e00000, 0x00000000d4f00000, 0x00000000d4f00000|100%| O|  |TAMS 0x00000000d4f00000, 0x00000000d4e00000| Untracked 
|  79|0x00000000d4f00000, 0x00000000d5000000, 0x00000000d5000000|100%| O|  |TAMS 0x00000000d5000000, 0x00000000d4f00000| Untracked 
|  80|0x00000000d5000000, 0x00000000d5100000, 0x00000000d5100000|100%| O|  |TAMS 0x00000000d5100000, 0x00000000d5000000| Untracked 
|  81|0x00000000d5100000, 0x00000000d5200000, 0x00000000d5200000|100%| O|  |TAMS 0x00000000d5200000, 0x00000000d5100000| Untracked 
|  82|0x00000000d5200000, 0x00000000d5300000, 0x00000000d5300000|100%| O|  |TAMS 0x00000000d5300000, 0x00000000d5200000| Untracked 
|  83|0x00000000d5300000, 0x00000000d5400000, 0x00000000d5400000|100%| O|  |TAMS 0x00000000d5400000, 0x00000000d5300000| Untracked 
|  84|0x00000000d5400000, 0x00000000d5500000, 0x00000000d5500000|100%| O|  |TAMS 0x00000000d5500000, 0x00000000d5400000| Untracked 
|  85|0x00000000d5500000, 0x00000000d5600000, 0x00000000d5600000|100%| O|  |TAMS 0x00000000d5600000, 0x00000000d5500000| Untracked 
|  86|0x00000000d5600000, 0x00000000d5700000, 0x00000000d5700000|100%| O|  |TAMS 0x00000000d5700000, 0x00000000d5600000| Untracked 
|  87|0x00000000d5700000, 0x00000000d5800000, 0x00000000d5800000|100%| O|  |TAMS 0x00000000d5800000, 0x00000000d5700000| Untracked 
|  88|0x00000000d5800000, 0x00000000d5900000, 0x00000000d5900000|100%| O|  |TAMS 0x00000000d5900000, 0x00000000d5800000| Untracked 
|  89|0x00000000d5900000, 0x00000000d5a00000, 0x00000000d5a00000|100%| O|  |TAMS 0x00000000d5a00000, 0x00000000d5900000| Untracked 
|  90|0x00000000d5a00000, 0x00000000d5b00000, 0x00000000d5b00000|100%| O|  |TAMS 0x00000000d5b00000, 0x00000000d5a00000| Untracked 
|  91|0x00000000d5b00000, 0x00000000d5c00000, 0x00000000d5c00000|100%| O|  |TAMS 0x00000000d5c00000, 0x00000000d5b00000| Untracked 
|  92|0x00000000d5c00000, 0x00000000d5d00000, 0x00000000d5d00000|100%| O|  |TAMS 0x00000000d5d00000, 0x00000000d5c00000| Untracked 
|  93|0x00000000d5d00000, 0x00000000d5e00000, 0x00000000d5e00000|100%| O|  |TAMS 0x00000000d5e00000, 0x00000000d5d00000| Untracked 
|  94|0x00000000d5e00000, 0x00000000d5f00000, 0x00000000d5f00000|100%| O|  |TAMS 0x00000000d5f00000, 0x00000000d5e00000| Untracked 
|  95|0x00000000d5f00000, 0x00000000d5f00000, 0x00000000d6000000|  0%| F|  |TAMS 0x00000000d5f00000, 0x00000000d5f00000| Untracked 
|  96|0x00000000d6000000, 0x00000000d6100000, 0x00000000d6100000|100%| O|  |TAMS 0x00000000d6100000, 0x00000000d6000000| Untracked 
|  97|0x00000000d6100000, 0x00000000d6200000, 0x00000000d6200000|100%| O|  |TAMS 0x00000000d6200000, 0x00000000d6100000| Untracked 
|  98|0x00000000d6200000, 0x00000000d6300000, 0x00000000d6300000|100%| O|  |TAMS 0x00000000d6300000, 0x00000000d6200000| Untracked 
|  99|0x00000000d6300000, 0x00000000d6400000, 0x00000000d6400000|100%| O|  |TAMS 0x00000000d6400000, 0x00000000d6300000| Untracked 
| 100|0x00000000d6400000, 0x00000000d6500000, 0x00000000d6500000|100%| O|  |TAMS 0x00000000d6500000, 0x00000000d6400000| Untracked 
| 101|0x00000000d6500000, 0x00000000d6600000, 0x00000000d6600000|100%| O|  |TAMS 0x00000000d6600000, 0x00000000d6500000| Untracked 
| 102|0x00000000d6600000, 0x00000000d6700000, 0x00000000d6700000|100%| O|  |TAMS 0x00000000d6700000, 0x00000000d6600000| Untracked 
| 103|0x00000000d6700000, 0x00000000d6800000, 0x00000000d6800000|100%| O|  |TAMS 0x00000000d6800000, 0x00000000d6700000| Untracked 
| 104|0x00000000d6800000, 0x00000000d6900000, 0x00000000d6900000|100%| O|  |TAMS 0x00000000d6900000, 0x00000000d6800000| Untracked 
| 105|0x00000000d6900000, 0x00000000d6900000, 0x00000000d6a00000|  0%| F|  |TAMS 0x00000000d6900000, 0x00000000d6900000| Untracked 
| 106|0x00000000d6a00000, 0x00000000d6b00000, 0x00000000d6b00000|100%| O|  |TAMS 0x00000000d6b00000, 0x00000000d6a00000| Untracked 
| 107|0x00000000d6b00000, 0x00000000d6c00000, 0x00000000d6c00000|100%| O|  |TAMS 0x00000000d6c00000, 0x00000000d6b00000| Untracked 
| 108|0x00000000d6c00000, 0x00000000d6d00000, 0x00000000d6d00000|100%| O|  |TAMS 0x00000000d6d00000, 0x00000000d6c00000| Untracked 
| 109|0x00000000d6d00000, 0x00000000d6e00000, 0x00000000d6e00000|100%| O|  |TAMS 0x00000000d6e00000, 0x00000000d6d00000| Untracked 
| 110|0x00000000d6e00000, 0x00000000d6f00000, 0x00000000d6f00000|100%| O|  |TAMS 0x00000000d6f00000, 0x00000000d6e00000| Untracked 
| 111|0x00000000d6f00000, 0x00000000d7000000, 0x00000000d7000000|100%| O|  |TAMS 0x00000000d7000000, 0x00000000d6f00000| Untracked 
| 112|0x00000000d7000000, 0x00000000d7100000, 0x00000000d7100000|100%| O|  |TAMS 0x00000000d7100000, 0x00000000d7000000| Untracked 
| 113|0x00000000d7100000, 0x00000000d7200000, 0x00000000d7200000|100%| O|  |TAMS 0x00000000d7200000, 0x00000000d7100000| Untracked 
| 114|0x00000000d7200000, 0x00000000d7300000, 0x00000000d7300000|100%| O|  |TAMS 0x00000000d7300000, 0x00000000d7200000| Untracked 
| 115|0x00000000d7300000, 0x00000000d7400000, 0x00000000d7400000|100%| O|  |TAMS 0x00000000d73ede00, 0x00000000d7300000| Untracked 
| 116|0x00000000d7400000, 0x00000000d7500000, 0x00000000d7500000|100%| O|  |TAMS 0x00000000d7400000, 0x00000000d7400000| Untracked 
| 117|0x00000000d7500000, 0x00000000d7600000, 0x00000000d7600000|100%| O|  |TAMS 0x00000000d7500000, 0x00000000d7500000| Untracked 
| 118|0x00000000d7600000, 0x00000000d7700000, 0x00000000d7700000|100%| O|  |TAMS 0x00000000d7600000, 0x00000000d7600000| Untracked 
| 119|0x00000000d7700000, 0x00000000d7800000, 0x00000000d7800000|100%| O|  |TAMS 0x00000000d7700000, 0x00000000d7700000| Untracked 
| 120|0x00000000d7800000, 0x00000000d7900000, 0x00000000d7900000|100%| O|  |TAMS 0x00000000d7800000, 0x00000000d7800000| Untracked 
| 121|0x00000000d7900000, 0x00000000d7a00000, 0x00000000d7a00000|100%| O|  |TAMS 0x00000000d7900000, 0x00000000d7900000| Untracked 
| 122|0x00000000d7a00000, 0x00000000d7b00000, 0x00000000d7b00000|100%| O|  |TAMS 0x00000000d7a00000, 0x00000000d7a00000| Untracked 
| 123|0x00000000d7b00000, 0x00000000d7c00000, 0x00000000d7c00000|100%| O|  |TAMS 0x00000000d7b00000, 0x00000000d7b00000| Untracked 
| 124|0x00000000d7c00000, 0x00000000d7d00000, 0x00000000d7d00000|100%| O|  |TAMS 0x00000000d7c00000, 0x00000000d7c00000| Untracked 
| 125|0x00000000d7d00000, 0x00000000d7e00000, 0x00000000d7e00000|100%| O|  |TAMS 0x00000000d7d00000, 0x00000000d7d00000| Untracked 
| 126|0x00000000d7e00000, 0x00000000d7f00000, 0x00000000d7f00000|100%| O|  |TAMS 0x00000000d7e00000, 0x00000000d7e00000| Untracked 
| 127|0x00000000d7f00000, 0x00000000d8000000, 0x00000000d8000000|100%| O|  |TAMS 0x00000000d7f00000, 0x00000000d7f00000| Untracked 
| 128|0x00000000d8000000, 0x00000000d8100000, 0x00000000d8100000|100%| O|  |TAMS 0x00000000d8000000, 0x00000000d8000000| Untracked 
| 129|0x00000000d8100000, 0x00000000d8200000, 0x00000000d8200000|100%| O|  |TAMS 0x00000000d8100000, 0x00000000d8100000| Untracked 
| 130|0x00000000d8200000, 0x00000000d8300000, 0x00000000d8300000|100%| O|  |TAMS 0x00000000d8200000, 0x00000000d8200000| Untracked 
| 131|0x00000000d8300000, 0x00000000d83e0800, 0x00000000d8400000| 87%| O|  |TAMS 0x00000000d8300000, 0x00000000d8300000| Untracked 
| 132|0x00000000d8400000, 0x00000000d8400000, 0x00000000d8500000|  0%| F|  |TAMS 0x00000000d8400000, 0x00000000d8400000| Untracked 
| 133|0x00000000d8500000, 0x00000000d8500000, 0x00000000d8600000|  0%| F|  |TAMS 0x00000000d8500000, 0x00000000d8500000| Untracked 
| 134|0x00000000d8600000, 0x00000000d8600000, 0x00000000d8700000|  0%| F|  |TAMS 0x00000000d8600000, 0x00000000d8600000| Untracked 
| 135|0x00000000d8700000, 0x00000000d8700000, 0x00000000d8800000|  0%| F|  |TAMS 0x00000000d8700000, 0x00000000d8700000| Untracked 
| 136|0x00000000d8800000, 0x00000000d8800000, 0x00000000d8900000|  0%| F|  |TAMS 0x00000000d8800000, 0x00000000d8800000| Untracked 
| 137|0x00000000d8900000, 0x00000000d8900000, 0x00000000d8a00000|  0%| F|  |TAMS 0x00000000d8900000, 0x00000000d8900000| Untracked 
| 138|0x00000000d8a00000, 0x00000000d8a00000, 0x00000000d8b00000|  0%| F|  |TAMS 0x00000000d8a00000, 0x00000000d8a00000| Untracked 
| 139|0x00000000d8b00000, 0x00000000d8b00000, 0x00000000d8c00000|  0%| F|  |TAMS 0x00000000d8b00000, 0x00000000d8b00000| Untracked 
| 140|0x00000000d8c00000, 0x00000000d8c00000, 0x00000000d8d00000|  0%| F|  |TAMS 0x00000000d8c00000, 0x00000000d8c00000| Untracked 
| 141|0x00000000d8d00000, 0x00000000d8d00000, 0x00000000d8e00000|  0%| F|  |TAMS 0x00000000d8d00000, 0x00000000d8d00000| Untracked 
| 142|0x00000000d8e00000, 0x00000000d8e00000, 0x00000000d8f00000|  0%| F|  |TAMS 0x00000000d8e00000, 0x00000000d8e00000| Untracked 
| 143|0x00000000d8f00000, 0x00000000d8f00000, 0x00000000d9000000|  0%| F|  |TAMS 0x00000000d8f00000, 0x00000000d8f00000| Untracked 
| 144|0x00000000d9000000, 0x00000000d9000000, 0x00000000d9100000|  0%| F|  |TAMS 0x00000000d9000000, 0x00000000d9000000| Untracked 
| 145|0x00000000d9100000, 0x00000000d9100000, 0x00000000d9200000|  0%| F|  |TAMS 0x00000000d9100000, 0x00000000d9100000| Untracked 
| 146|0x00000000d9200000, 0x00000000d9200000, 0x00000000d9300000|  0%| F|  |TAMS 0x00000000d9200000, 0x00000000d9200000| Untracked 
| 147|0x00000000d9300000, 0x00000000d9300000, 0x00000000d9400000|  0%| F|  |TAMS 0x00000000d9300000, 0x00000000d9300000| Untracked 
| 148|0x00000000d9400000, 0x00000000d9400000, 0x00000000d9500000|  0%| F|  |TAMS 0x00000000d9400000, 0x00000000d9400000| Untracked 
| 149|0x00000000d9500000, 0x00000000d9500000, 0x00000000d9600000|  0%| F|  |TAMS 0x00000000d9500000, 0x00000000d9500000| Untracked 
| 150|0x00000000d9600000, 0x00000000d9600000, 0x00000000d9700000|  0%| F|  |TAMS 0x00000000d9600000, 0x00000000d9600000| Untracked 
| 151|0x00000000d9700000, 0x00000000d9700000, 0x00000000d9800000|  0%| F|  |TAMS 0x00000000d9700000, 0x00000000d9700000| Untracked 
| 152|0x00000000d9800000, 0x00000000d9800000, 0x00000000d9900000|  0%| F|  |TAMS 0x00000000d9800000, 0x00000000d9800000| Untracked 
| 153|0x00000000d9900000, 0x00000000d9900000, 0x00000000d9a00000|  0%| F|  |TAMS 0x00000000d9900000, 0x00000000d9900000| Untracked 
| 154|0x00000000d9a00000, 0x00000000d9a00000, 0x00000000d9b00000|  0%| F|  |TAMS 0x00000000d9a00000, 0x00000000d9a00000| Untracked 
| 155|0x00000000d9b00000, 0x00000000d9b00000, 0x00000000d9c00000|  0%| F|  |TAMS 0x00000000d9b00000, 0x00000000d9b00000| Untracked 
| 156|0x00000000d9c00000, 0x00000000d9c00000, 0x00000000d9d00000|  0%| F|  |TAMS 0x00000000d9c00000, 0x00000000d9c00000| Untracked 
| 157|0x00000000d9d00000, 0x00000000d9d00000, 0x00000000d9e00000|  0%| F|  |TAMS 0x00000000d9d00000, 0x00000000d9d00000| Untracked 
| 158|0x00000000d9e00000, 0x00000000d9e00000, 0x00000000d9f00000|  0%| F|  |TAMS 0x00000000d9e00000, 0x00000000d9e00000| Untracked 
| 159|0x00000000d9f00000, 0x00000000d9f00000, 0x00000000da000000|  0%| F|  |TAMS 0x00000000d9f00000, 0x00000000d9f00000| Untracked 
| 160|0x00000000da000000, 0x00000000da000000, 0x00000000da100000|  0%| F|  |TAMS 0x00000000da000000, 0x00000000da000000| Untracked 
| 161|0x00000000da100000, 0x00000000da100000, 0x00000000da200000|  0%| F|  |TAMS 0x00000000da100000, 0x00000000da100000| Untracked 
| 162|0x00000000da200000, 0x00000000da200000, 0x00000000da300000|  0%| F|  |TAMS 0x00000000da200000, 0x00000000da200000| Untracked 
| 163|0x00000000da300000, 0x00000000da300000, 0x00000000da400000|  0%| F|  |TAMS 0x00000000da300000, 0x00000000da300000| Untracked 
| 164|0x00000000da400000, 0x00000000da400000, 0x00000000da500000|  0%| F|  |TAMS 0x00000000da400000, 0x00000000da400000| Untracked 
| 165|0x00000000da500000, 0x00000000da500000, 0x00000000da600000|  0%| F|  |TAMS 0x00000000da500000, 0x00000000da500000| Untracked 
| 166|0x00000000da600000, 0x00000000da600000, 0x00000000da700000|  0%| F|  |TAMS 0x00000000da600000, 0x00000000da600000| Untracked 
| 167|0x00000000da700000, 0x00000000da700000, 0x00000000da800000|  0%| F|  |TAMS 0x00000000da700000, 0x00000000da700000| Untracked 
| 168|0x00000000da800000, 0x00000000da800000, 0x00000000da900000|  0%| F|  |TAMS 0x00000000da800000, 0x00000000da800000| Untracked 
| 169|0x00000000da900000, 0x00000000da900000, 0x00000000daa00000|  0%| F|  |TAMS 0x00000000da900000, 0x00000000da900000| Untracked 
| 170|0x00000000daa00000, 0x00000000daa00000, 0x00000000dab00000|  0%| F|  |TAMS 0x00000000daa00000, 0x00000000daa00000| Untracked 
| 171|0x00000000dab00000, 0x00000000dabf1358, 0x00000000dac00000| 94%| S|CS|TAMS 0x00000000dab00000, 0x00000000dab00000| Complete 
| 172|0x00000000dac00000, 0x00000000dad00000, 0x00000000dad00000|100%| S|CS|TAMS 0x00000000dac00000, 0x00000000dac00000| Complete 
| 173|0x00000000dad00000, 0x00000000dae00000, 0x00000000dae00000|100%| S|CS|TAMS 0x00000000dad00000, 0x00000000dad00000| Complete 
| 174|0x00000000dae00000, 0x00000000daf00000, 0x00000000daf00000|100%| S|CS|TAMS 0x00000000dae00000, 0x00000000dae00000| Complete 
| 175|0x00000000daf00000, 0x00000000db000000, 0x00000000db000000|100%| S|CS|TAMS 0x00000000daf00000, 0x00000000daf00000| Complete 
| 176|0x00000000db000000, 0x00000000db100000, 0x00000000db100000|100%| S|CS|TAMS 0x00000000db000000, 0x00000000db000000| Complete 
| 177|0x00000000db100000, 0x00000000db100000, 0x00000000db200000|  0%| F|  |TAMS 0x00000000db100000, 0x00000000db100000| Untracked 
| 178|0x00000000db200000, 0x00000000db200000, 0x00000000db300000|  0%| F|  |TAMS 0x00000000db200000, 0x00000000db200000| Untracked 
| 179|0x00000000db300000, 0x00000000db300000, 0x00000000db400000|  0%| F|  |TAMS 0x00000000db300000, 0x00000000db300000| Untracked 
| 180|0x00000000db400000, 0x00000000db400000, 0x00000000db500000|  0%| F|  |TAMS 0x00000000db400000, 0x00000000db400000| Untracked 
| 181|0x00000000db500000, 0x00000000db500000, 0x00000000db600000|  0%| F|  |TAMS 0x00000000db500000, 0x00000000db500000| Untracked 
| 182|0x00000000db600000, 0x00000000db600000, 0x00000000db700000|  0%| F|  |TAMS 0x00000000db600000, 0x00000000db600000| Untracked 
| 183|0x00000000db700000, 0x00000000db700000, 0x00000000db800000|  0%| F|  |TAMS 0x00000000db700000, 0x00000000db700000| Untracked 
| 184|0x00000000db800000, 0x00000000db800000, 0x00000000db900000|  0%| F|  |TAMS 0x00000000db800000, 0x00000000db800000| Untracked 
| 185|0x00000000db900000, 0x00000000db900000, 0x00000000dba00000|  0%| F|  |TAMS 0x00000000db900000, 0x00000000db900000| Untracked 
| 186|0x00000000dba00000, 0x00000000dba00000, 0x00000000dbb00000|  0%| F|  |TAMS 0x00000000dba00000, 0x00000000dba00000| Untracked 
| 187|0x00000000dbb00000, 0x00000000dbb00000, 0x00000000dbc00000|  0%| F|  |TAMS 0x00000000dbb00000, 0x00000000dbb00000| Untracked 
| 188|0x00000000dbc00000, 0x00000000dbc00000, 0x00000000dbd00000|  0%| F|  |TAMS 0x00000000dbc00000, 0x00000000dbc00000| Untracked 
| 189|0x00000000dbd00000, 0x00000000dbd00000, 0x00000000dbe00000|  0%| F|  |TAMS 0x00000000dbd00000, 0x00000000dbd00000| Untracked 
| 190|0x00000000dbe00000, 0x00000000dbecc240, 0x00000000dbf00000| 79%| E|  |TAMS 0x00000000dbe00000, 0x00000000dbe00000| Complete 
| 191|0x00000000dbf00000, 0x00000000dc000000, 0x00000000dc000000|100%| E|  |TAMS 0x00000000dbf00000, 0x00000000dbf00000| Complete 
| 192|0x00000000dc000000, 0x00000000dc100000, 0x00000000dc100000|100%| E|CS|TAMS 0x00000000dc000000, 0x00000000dc000000| Complete 
| 193|0x00000000dc100000, 0x00000000dc200000, 0x00000000dc200000|100%| E|CS|TAMS 0x00000000dc100000, 0x00000000dc100000| Complete 
| 194|0x00000000dc200000, 0x00000000dc300000, 0x00000000dc300000|100%| E|CS|TAMS 0x00000000dc200000, 0x00000000dc200000| Complete 
| 195|0x00000000dc300000, 0x00000000dc400000, 0x00000000dc400000|100%| E|CS|TAMS 0x00000000dc300000, 0x00000000dc300000| Complete 
| 196|0x00000000dc400000, 0x00000000dc500000, 0x00000000dc500000|100%| E|CS|TAMS 0x00000000dc400000, 0x00000000dc400000| Complete 
| 197|0x00000000dc500000, 0x00000000dc600000, 0x00000000dc600000|100%| E|CS|TAMS 0x00000000dc500000, 0x00000000dc500000| Complete 
| 198|0x00000000dc600000, 0x00000000dc700000, 0x00000000dc700000|100%| E|CS|TAMS 0x00000000dc600000, 0x00000000dc600000| Complete 
| 199|0x00000000dc700000, 0x00000000dc800000, 0x00000000dc800000|100%| E|CS|TAMS 0x00000000dc700000, 0x00000000dc700000| Complete 
| 200|0x00000000dc800000, 0x00000000dc900000, 0x00000000dc900000|100%| E|CS|TAMS 0x00000000dc800000, 0x00000000dc800000| Complete 
| 201|0x00000000dc900000, 0x00000000dca00000, 0x00000000dca00000|100%| E|CS|TAMS 0x00000000dc900000, 0x00000000dc900000| Complete 
| 202|0x00000000dca00000, 0x00000000dcb00000, 0x00000000dcb00000|100%| E|CS|TAMS 0x00000000dca00000, 0x00000000dca00000| Complete 
| 203|0x00000000dcb00000, 0x00000000dcc00000, 0x00000000dcc00000|100%| E|CS|TAMS 0x00000000dcb00000, 0x00000000dcb00000| Complete 
| 204|0x00000000dcc00000, 0x00000000dcd00000, 0x00000000dcd00000|100%| E|CS|TAMS 0x00000000dcc00000, 0x00000000dcc00000| Complete 
| 205|0x00000000dcd00000, 0x00000000dce00000, 0x00000000dce00000|100%| E|CS|TAMS 0x00000000dcd00000, 0x00000000dcd00000| Complete 
| 206|0x00000000dce00000, 0x00000000dcf00000, 0x00000000dcf00000|100%| E|CS|TAMS 0x00000000dce00000, 0x00000000dce00000| Complete 
| 207|0x00000000dcf00000, 0x00000000dd000000, 0x00000000dd000000|100%| E|CS|TAMS 0x00000000dcf00000, 0x00000000dcf00000| Complete 
| 208|0x00000000dd000000, 0x00000000dd100000, 0x00000000dd100000|100%| E|CS|TAMS 0x00000000dd000000, 0x00000000dd000000| Complete 
| 209|0x00000000dd100000, 0x00000000dd200000, 0x00000000dd200000|100%| E|CS|TAMS 0x00000000dd100000, 0x00000000dd100000| Complete 
| 210|0x00000000dd200000, 0x00000000dd300000, 0x00000000dd300000|100%| E|CS|TAMS 0x00000000dd200000, 0x00000000dd200000| Complete 
| 211|0x00000000dd300000, 0x00000000dd400000, 0x00000000dd400000|100%| E|CS|TAMS 0x00000000dd300000, 0x00000000dd300000| Complete 
| 212|0x00000000dd400000, 0x00000000dd500000, 0x00000000dd500000|100%| E|CS|TAMS 0x00000000dd400000, 0x00000000dd400000| Complete 
| 213|0x00000000dd500000, 0x00000000dd600000, 0x00000000dd600000|100%| E|CS|TAMS 0x00000000dd500000, 0x00000000dd500000| Complete 
| 214|0x00000000dd600000, 0x00000000dd700000, 0x00000000dd700000|100%| E|CS|TAMS 0x00000000dd600000, 0x00000000dd600000| Complete 
| 215|0x00000000dd700000, 0x00000000dd800000, 0x00000000dd800000|100%| E|CS|TAMS 0x00000000dd700000, 0x00000000dd700000| Complete 
| 216|0x00000000dd800000, 0x00000000dd900000, 0x00000000dd900000|100%| E|CS|TAMS 0x00000000dd800000, 0x00000000dd800000| Complete 
| 217|0x00000000dd900000, 0x00000000dda00000, 0x00000000dda00000|100%| E|CS|TAMS 0x00000000dd900000, 0x00000000dd900000| Complete 
| 218|0x00000000dda00000, 0x00000000ddb00000, 0x00000000ddb00000|100%| E|CS|TAMS 0x00000000dda00000, 0x00000000dda00000| Complete 
| 219|0x00000000ddb00000, 0x00000000ddc00000, 0x00000000ddc00000|100%| E|CS|TAMS 0x00000000ddb00000, 0x00000000ddb00000| Complete 
| 220|0x00000000ddc00000, 0x00000000ddd00000, 0x00000000ddd00000|100%| E|CS|TAMS 0x00000000ddc00000, 0x00000000ddc00000| Complete 
| 221|0x00000000ddd00000, 0x00000000dde00000, 0x00000000dde00000|100%| E|CS|TAMS 0x00000000ddd00000, 0x00000000ddd00000| Complete 

Card table byte_map: [0x000002733ee40000,0x000002733efc0000] _byte_map_base: 0x000002733e7c0000

Marking Bits (Prev, Next): (CMBitMap*) 0x0000027325cb56e0, (CMBitMap*) 0x0000027325cb5720
 Prev Bits: [0x000002733f140000, 0x000002733fd40000)
 Next Bits: [0x000002733fd40000, 0x0000027340940000)

Polling page: 0x0000027325d50000

Metaspace:

Usage:
  Non-class:     85.78 MB used.
      Class:     13.58 MB used.
       Both:     99.36 MB used.

Virtual space:
  Non-class space:       88.00 MB reserved,      86.25 MB ( 98%) committed,  11 nodes.
      Class space:        1.00 GB reserved,      14.06 MB (  1%) committed,  1 nodes.
             Both:        1.09 GB reserved,     100.31 MB (  9%) committed. 

Chunk freelists:
   Non-Class:  1.72 MB
       Class:  1.92 MB
        Both:  3.64 MB

MaxMetaspaceSize: unlimited
CompressedClassSpaceSize: 1.00 GB
Initial GC threshold: 21.00 MB
Current GC threshold: 162.81 MB
CDS: on
MetaspaceReclaimPolicy: balanced
 - commit_granule_bytes: 65536.
 - commit_granule_words: 8192.
 - virtual_space_node_default_size: 1048576.
 - enlarge_chunks_in_place: 1.
 - new_chunks_are_fully_committed: 0.
 - uncommit_free_chunks: 1.
 - use_allocation_guard: 0.
 - handle_deallocations: 1.


Internal statistics:

num_allocs_failed_limit: 6.
num_arena_births: 1352.
num_arena_deaths: 0.
num_vsnodes_births: 12.
num_vsnodes_deaths: 0.
num_space_committed: 1603.
num_space_uncommitted: 0.
num_chunks_returned_to_freelist: 6.
num_chunks_taken_from_freelist: 5661.
num_chunk_merges: 6.
num_chunk_splits: 3712.
num_chunks_enlarged: 2453.
num_purges: 0.
num_inconsistent_stats: 0.

CodeHeap 'non-profiled nmethods': size=119168Kb used=7728Kb max_used=7728Kb free=111439Kb
 bounds [0x00000273369a0000, 0x0000027337130000, 0x000002733de00000]
CodeHeap 'profiled nmethods': size=119104Kb used=26553Kb max_used=26553Kb free=92550Kb
 bounds [0x000002732f550000, 0x0000027330f40000, 0x00000273369a0000]
CodeHeap 'non-nmethods': size=7488Kb used=1732Kb max_used=3508Kb free=5755Kb
 bounds [0x000002732ee00000, 0x000002732f180000, 0x000002732f550000]
 total_blobs=14055 nmethods=13230 adapters=737
 compilation: enabled
              stopped_count=0, restarted_count=0
 full_count=0

Compilation events (20 events):
Event: 14.110 Thread 0x00000273444ab010 15593       2       kotlin.collections.CollectionsKt__MutableCollectionsJVMKt::sortWith (28 bytes)
Event: 14.110 Thread 0x00000273438cc900 15594       2       kotlin.comparisons.ComparisonsKt__ComparisonsKt::compareBy (43 bytes)
Event: 14.110 Thread 0x00000273444aeed0 15595       2       kotlin.comparisons.ComparisonsKt__ComparisonsKt$$Lambda$1888/0x000000080199b5c0::<init> (10 bytes)
Event: 14.110 Thread 0x00000273444aeed0 nmethod 15595 0x0000027330f3b390 code [0x0000027330f3b520, 0x0000027330f3b678]
Event: 14.110 Thread 0x00000273444ab010 nmethod 15593 0x0000027330f3b710 code [0x0000027330f3b940, 0x0000027330f3bdb8]
Event: 14.110 Thread 0x00000273438cc900 nmethod 15594 0x0000027330f3c090 code [0x0000027330f3c2a0, 0x0000027330f3c6b8]
Event: 15.102 Thread 0x00000273438cc900 15596       2       javax.management.ObjectName::addProperty (80 bytes)
Event: 15.102 Thread 0x00000273444ab010 15597       2       sun.management.spi.PlatformMBeanProvider$PlatformComponent::getMBeans (87 bytes)
Event: 15.119 Thread 0x00000273438cc900 nmethod 15596 0x0000027330f3c990 code [0x0000027330f3cb80, 0x0000027330f3d088]
Event: 16.089 Thread 0x00000273438cc900 15598       2       java.lang.management.ManagementFactory$$Lambda$68/0x0000000800c734e8::apply (12 bytes)
Event: 16.120 Thread 0x00000273438cc900 nmethod 15598 0x0000027330f3d310 code [0x0000027330f3d4c0, 0x0000027330f3d678]
Event: 16.121 Thread 0x00000273438cc900 15599       2       java.lang.management.ManagementFactory::lambda$getPlatformMXBeans$3 (13 bytes)
Event: 16.121 Thread 0x00000273444ab010 nmethod 15597 0x0000027330f3d790 code [0x0000027330f3da20, 0x0000027330f3e0f8]
Event: 16.121 Thread 0x00000273438cc900 nmethod 15599 0x0000027330f3e590 code [0x0000027330f3e740, 0x0000027330f3e878]
Event: 17.091 Thread 0x00000273444ab010 15600       2       java.util.Collections$UnmodifiableCollection::contains (11 bytes)
Event: 17.092 Thread 0x00000273438cc900 15601       2       java.util.Collections$EmptyList::spliterator (4 bytes)
Event: 17.123 Thread 0x00000273438cc900 nmethod 15601 0x0000027330f3e910 code [0x0000027330f3eaa0, 0x0000027330f3ebb8]
Event: 17.123 Thread 0x00000273444ab010 nmethod 15600 0x0000027330f3ec90 code [0x0000027330f3ee20, 0x0000027330f3ef48]
Event: 17.123 Thread 0x00000273438cc900 15602       2       sun.management.MemoryPoolImpl::getType (15 bytes)
Event: 17.123 Thread 0x00000273438cc900 nmethod 15602 0x0000027330f3f010 code [0x0000027330f3f1a0, 0x0000027330f3f2f8]

GC Heap History (20 events):
Event: 10.874 GC heap before
{Heap before GC invocations=55 (full 0):
 garbage-first heap   total 163840K, used 138173K [0x00000000d0000000, 0x0000000100000000)
  region size 1024K, 40 young (40960K), 3 survivors (3072K)
 Metaspace       used 93960K, committed 94848K, reserved 1130496K
  class space    used 13132K, committed 13568K, reserved 1048576K
}
Event: 10.878 GC heap after
{Heap after GC invocations=56 (full 0):
 garbage-first heap   total 163840K, used 103914K [0x00000000d0000000, 0x0000000100000000)
  region size 1024K, 5 young (5120K), 5 survivors (5120K)
 Metaspace       used 93960K, committed 94848K, reserved 1130496K
  class space    used 13132K, committed 13568K, reserved 1048576K
}
Event: 11.126 GC heap before
{Heap before GC invocations=57 (full 0):
 garbage-first heap   total 179200K, used 137706K [0x00000000d0000000, 0x0000000100000000)
  region size 1024K, 39 young (39936K), 5 survivors (5120K)
 Metaspace       used 95223K, committed 96064K, reserved 1138688K
  class space    used 13315K, committed 13760K, reserved 1048576K
}
Event: 11.131 GC heap after
{Heap after GC invocations=58 (full 0):
 garbage-first heap   total 179200K, used 108953K [0x00000000d0000000, 0x0000000100000000)
  region size 1024K, 5 young (5120K), 5 survivors (5120K)
 Metaspace       used 95223K, committed 96064K, reserved 1138688K
  class space    used 13315K, committed 13760K, reserved 1048576K
}
Event: 11.144 GC heap before
{Heap before GC invocations=58 (full 0):
 garbage-first heap   total 179200K, used 112025K [0x00000000d0000000, 0x0000000100000000)
  region size 1024K, 8 young (8192K), 5 survivors (5120K)
 Metaspace       used 95223K, committed 96064K, reserved 1138688K
  class space    used 13315K, committed 13760K, reserved 1048576K
}
Event: 11.147 GC heap after
{Heap after GC invocations=59 (full 0):
 garbage-first heap   total 179200K, used 108906K [0x00000000d0000000, 0x0000000100000000)
  region size 1024K, 1 young (1024K), 1 survivors (1024K)
 Metaspace       used 95223K, committed 96064K, reserved 1138688K
  class space    used 13315K, committed 13760K, reserved 1048576K
}
Event: 11.376 GC heap before
{Heap before GC invocations=59 (full 0):
 garbage-first heap   total 179200K, used 152938K [0x00000000d0000000, 0x0000000100000000)
  region size 1024K, 40 young (40960K), 1 survivors (1024K)
 Metaspace       used 96473K, committed 97344K, reserved 1138688K
  class space    used 13416K, committed 13888K, reserved 1048576K
}
Event: 11.378 GC heap after
{Heap after GC invocations=60 (full 0):
 garbage-first heap   total 179200K, used 111176K [0x00000000d0000000, 0x0000000100000000)
  region size 1024K, 4 young (4096K), 4 survivors (4096K)
 Metaspace       used 96473K, committed 97344K, reserved 1138688K
  class space    used 13416K, committed 13888K, reserved 1048576K
}
Event: 11.779 GC heap before
{Heap before GC invocations=60 (full 0):
 garbage-first heap   total 179200K, used 147016K [0x00000000d0000000, 0x0000000100000000)
  region size 1024K, 40 young (40960K), 4 survivors (4096K)
 Metaspace       used 98562K, committed 99456K, reserved 1138688K
  class space    used 13645K, committed 14080K, reserved 1048576K
}
Event: 11.783 GC heap after
{Heap after GC invocations=61 (full 0):
 garbage-first heap   total 179200K, used 114512K [0x00000000d0000000, 0x0000000100000000)
  region size 1024K, 5 young (5120K), 5 survivors (5120K)
 Metaspace       used 98562K, committed 99456K, reserved 1138688K
  class space    used 13645K, committed 14080K, reserved 1048576K
}
Event: 12.145 GC heap before
{Heap before GC invocations=61 (full 0):
 garbage-first heap   total 179200K, used 147280K [0x00000000d0000000, 0x0000000100000000)
  region size 1024K, 38 young (38912K), 5 survivors (5120K)
 Metaspace       used 98802K, committed 99712K, reserved 1138688K
  class space    used 13647K, committed 14080K, reserved 1048576K
}
Event: 12.150 GC heap after
{Heap after GC invocations=62 (full 0):
 garbage-first heap   total 179200K, used 123831K [0x00000000d0000000, 0x0000000100000000)
  region size 1024K, 5 young (5120K), 5 survivors (5120K)
 Metaspace       used 98802K, committed 99712K, reserved 1138688K
  class space    used 13647K, committed 14080K, reserved 1048576K
}
Event: 12.343 GC heap before
{Heap before GC invocations=62 (full 0):
 garbage-first heap   total 179200K, used 146359K [0x00000000d0000000, 0x0000000100000000)
  region size 1024K, 28 young (28672K), 5 survivors (5120K)
 Metaspace       used 99048K, committed 99840K, reserved 1138688K
  class space    used 13670K, committed 14080K, reserved 1048576K
}
Event: 12.349 GC heap after
{Heap after GC invocations=63 (full 0):
 garbage-first heap   total 179200K, used 131726K [0x00000000d0000000, 0x0000000100000000)
  region size 1024K, 4 young (4096K), 4 survivors (4096K)
 Metaspace       used 99048K, committed 99840K, reserved 1138688K
  class space    used 13670K, committed 14080K, reserved 1048576K
}
Event: 13.540 GC heap before
{Heap before GC invocations=64 (full 0):
 garbage-first heap   total 227328K, used 147086K [0x00000000d0000000, 0x0000000100000000)
  region size 1024K, 20 young (20480K), 4 survivors (4096K)
 Metaspace       used 99318K, committed 100160K, reserved 1138688K
  class space    used 13693K, committed 14080K, reserved 1048576K
}
Event: 13.544 GC heap after
{Heap after GC invocations=65 (full 0):
 garbage-first heap   total 227328K, used 134458K [0x00000000d0000000, 0x0000000100000000)
  region size 1024K, 3 young (3072K), 3 survivors (3072K)
 Metaspace       used 99318K, committed 100160K, reserved 1138688K
  class space    used 13693K, committed 14080K, reserved 1048576K
}
Event: 13.630 GC heap before
{Heap before GC invocations=65 (full 0):
 garbage-first heap   total 227328K, used 141626K [0x00000000d0000000, 0x0000000100000000)
  region size 1024K, 11 young (11264K), 3 survivors (3072K)
 Metaspace       used 99343K, committed 100160K, reserved 1138688K
  class space    used 13693K, committed 14080K, reserved 1048576K
}
Event: 13.633 GC heap after
{Heap after GC invocations=66 (full 0):
 garbage-first heap   total 227328K, used 134471K [0x00000000d0000000, 0x0000000100000000)
  region size 1024K, 2 young (2048K), 2 survivors (2048K)
 Metaspace       used 99343K, committed 100160K, reserved 1138688K
  class space    used 13693K, committed 14080K, reserved 1048576K
}
Event: 13.933 GC heap before
{Heap before GC invocations=66 (full 0):
 garbage-first heap   total 227328K, used 193863K [0x00000000d0000000, 0x0000000100000000)
  region size 1024K, 45 young (46080K), 2 survivors (2048K)
 Metaspace       used 99793K, committed 100672K, reserved 1138688K
  class space    used 13732K, committed 14144K, reserved 1048576K
}
Event: 13.937 GC heap after
{Heap after GC invocations=67 (full 0):
 garbage-first heap   total 227328K, used 139078K [0x00000000d0000000, 0x0000000100000000)
  region size 1024K, 6 young (6144K), 6 survivors (6144K)
 Metaspace       used 99793K, committed 100672K, reserved 1138688K
  class space    used 13732K, committed 14144K, reserved 1048576K
}

Deoptimization events (20 events):
Event: 14.030 Thread 0x0000027349b69270 DEOPT PACKING pc=0x0000027336b66820 sp=0x0000007c377fd6a0
Event: 14.030 Thread 0x0000027349b69270 DEOPT UNPACKING pc=0x000002732ee523a3 sp=0x0000007c377fd668 mode 2
Event: 14.036 Thread 0x0000027349b69270 Uncommon trap: trap_request=0xffffff45 fr.pc=0x0000027336d72024 relative=0x00000000000008c4
Event: 14.037 Thread 0x0000027349b69270 Uncommon trap: reason=unstable_if action=reinterpret pc=0x0000027336d72024 method=java.lang.String.regionMatches(ZILjava/lang/String;II)Z @ 52 c2
Event: 14.037 Thread 0x0000027349b69270 DEOPT PACKING pc=0x0000027336d72024 sp=0x0000007c377fd410
Event: 14.037 Thread 0x0000027349b69270 DEOPT UNPACKING pc=0x000002732ee523a3 sp=0x0000007c377fd330 mode 2
Event: 14.069 Thread 0x0000027349b69270 Uncommon trap: trap_request=0xffffff45 fr.pc=0x0000027336f81054 relative=0x0000000000000574
Event: 14.069 Thread 0x0000027349b69270 Uncommon trap: reason=unstable_if action=reinterpret pc=0x0000027336f81054 method=com.sun.org.apache.xerces.internal.impl.XMLEntityScanner.scanLiteral(ILcom/sun/org/apache/xerces/internal/xni/XMLString;Z)I @ 44 c2
Event: 14.069 Thread 0x0000027349b69270 DEOPT PACKING pc=0x0000027336f81054 sp=0x0000007c377fd280
Event: 14.069 Thread 0x0000027349b69270 DEOPT UNPACKING pc=0x000002732ee523a3 sp=0x0000007c377fd228 mode 2
Event: 14.091 Thread 0x0000027349b69270 DEOPT PACKING pc=0x0000027330ee77f4 sp=0x0000007c377fd5b0
Event: 14.091 Thread 0x0000027349b69270 DEOPT UNPACKING pc=0x000002732ee52b43 sp=0x0000007c377fca78 mode 0
Event: 14.091 Thread 0x0000027349b69270 Uncommon trap: trap_request=0xffffff45 fr.pc=0x0000027336bb8cf8 relative=0x0000000000000458
Event: 14.091 Thread 0x0000027349b69270 Uncommon trap: reason=unstable_if action=reinterpret pc=0x0000027336bb8cf8 method=java.lang.String.substring(II)Ljava/lang/String; @ 31 c2
Event: 14.091 Thread 0x0000027349b69270 DEOPT PACKING pc=0x0000027336bb8cf8 sp=0x0000007c377fd440
Event: 14.091 Thread 0x0000027349b69270 DEOPT UNPACKING pc=0x000002732ee523a3 sp=0x0000007c377fd388 mode 2
Event: 14.094 Thread 0x0000027349b69270 DEOPT PACKING pc=0x0000027330ea6fde sp=0x0000007c377fd360
Event: 14.094 Thread 0x0000027349b69270 DEOPT UNPACKING pc=0x000002732ee52b43 sp=0x0000007c377fc850 mode 0
Event: 14.103 Thread 0x0000027349b69270 DEOPT PACKING pc=0x0000027330ef2408 sp=0x0000007c377fd590
Event: 14.103 Thread 0x0000027349b69270 DEOPT UNPACKING pc=0x000002732ee52b43 sp=0x0000007c377fcad0 mode 0

Classes unloaded (0 events):
No events

Classes redefined (0 events):
No events

Internal exceptions (20 events):
Event: 11.387 Thread 0x0000027349b69270 Exception <a 'java/lang/NoSuchMethodError'{0x00000000dadcafd8}: 'java.lang.Object java.lang.invoke.DirectMethodHandle$Holder.invokeSpecial(java.lang.Object, java.lang.Object, long, java.lang.Object, java.lang.Object, java.lang.Object, java.lang.Object, java.lang.Object, java.lang.Object, java.lang.Object, java.lang.Object, java.lang.Object)'> (0x00000000dadcafd8) 
thrown [t:\workspace\open\src\hotspot\share\interpreter\linkResolver.cpp, line 766]
Event: 11.388 Thread 0x0000027349b69270 Exception <a 'java/lang/NoSuchMethodError'{0x00000000dadcf780}: 'java.lang.Object java.lang.invoke.DelegatingMethodHandle$Holder.reinvoke_L(java.lang.Object, long, java.lang.Object, java.lang.Object, java.lang.Object, java.lang.Object, java.lang.Object, java.lang.Object, java.lang.Object, java.lang.Object, java.lang.Object)'> (0x00000000dadcf780) 
thrown [t:\workspace\open\src\hotspot\share\interpreter\linkResolver.cpp, line 766]
Event: 11.457 Thread 0x0000027349b66720 Exception <a 'sun/nio/fs/WindowsException'{0x00000000da1aec20}> (0x00000000da1aec20) 
thrown [t:\workspace\open\src\hotspot\share\prims\jni.cpp, line 516]
Event: 11.457 Thread 0x0000027349b66720 Exception <a 'sun/nio/fs/WindowsException'{0x00000000da1afef0}> (0x00000000da1afef0) 
thrown [t:\workspace\open\src\hotspot\share\prims\jni.cpp, line 516]
Event: 11.457 Thread 0x0000027349b66720 Exception <a 'sun/nio/fs/WindowsException'{0x00000000da1aff80}> (0x00000000da1aff80) 
thrown [t:\workspace\open\src\hotspot\share\prims\jni.cpp, line 516]
Event: 11.457 Thread 0x0000027349b66720 Exception <a 'sun/nio/fs/WindowsException'{0x00000000da1b03f0}> (0x00000000da1b03f0) 
thrown [t:\workspace\open\src\hotspot\share\prims\jni.cpp, line 516]
Event: 11.475 Thread 0x0000027349b66720 Exception <a 'sun/nio/fs/WindowsException'{0x00000000da0f0738}> (0x00000000da0f0738) 
thrown [t:\workspace\open\src\hotspot\share\prims\jni.cpp, line 516]
Event: 11.475 Thread 0x0000027349b66720 Exception <a 'sun/nio/fs/WindowsException'{0x00000000da0f1650}> (0x00000000da0f1650) 
thrown [t:\workspace\open\src\hotspot\share\prims\jni.cpp, line 516]
Event: 11.475 Thread 0x0000027349b66720 Exception <a 'sun/nio/fs/WindowsException'{0x00000000da0f16e0}> (0x00000000da0f16e0) 
thrown [t:\workspace\open\src\hotspot\share\prims\jni.cpp, line 516]
Event: 11.476 Thread 0x0000027349b66720 Exception <a 'sun/nio/fs/WindowsException'{0x00000000da0f1c38}> (0x00000000da0f1c38) 
thrown [t:\workspace\open\src\hotspot\share\prims\jni.cpp, line 516]
Event: 11.477 Thread 0x0000027349b66720 Exception <a 'sun/nio/fs/WindowsException'{0x00000000da0fca28}> (0x00000000da0fca28) 
thrown [t:\workspace\open\src\hotspot\share\prims\jni.cpp, line 516]
Event: 12.121 Thread 0x0000027349b66720 Implicit null exception at 0x000002733704b8b0 to 0x000002733704c8e4
Event: 13.874 Thread 0x0000027349b66720 Exception <a 'java/lang/NoSuchMethodError'{0x00000000dc7c4b60}: static Lcom/android/ide/common/resources/CompileResourceRequest;.<clinit>()V> (0x00000000dc7c4b60) 
thrown [t:\workspace\open\src\hotspot\share\prims\jni.cpp, line 1107]
Event: 13.876 Thread 0x0000027349b66720 Exception <a 'java/lang/NoSuchMethodError'{0x00000000dc7ed8c0}: static Ljava/lang/Object;.<clinit>()V> (0x00000000dc7ed8c0) 
thrown [t:\workspace\open\src\hotspot\share\prims\jni.cpp, line 1107]
Event: 13.877 Thread 0x0000027349b66720 Exception <a 'java/lang/NoSuchMethodError'{0x00000000dc7ff5d8}: static Ljava/lang/Object;.<clinit>()V> (0x00000000dc7ff5d8) 
thrown [t:\workspace\open\src\hotspot\share\prims\jni.cpp, line 1107]
Event: 13.878 Thread 0x0000027349b66720 Exception <a 'java/lang/NoSuchMethodError'{0x00000000dc611700}: static Ljava/lang/Object;.<clinit>()V> (0x00000000dc611700) 
thrown [t:\workspace\open\src\hotspot\share\prims\jni.cpp, line 1107]
Event: 13.883 Thread 0x0000027349b66720 Exception <a 'java/lang/NoSuchMethodError'{0x00000000dc6a6a98}: static Lkotlin/InitializedLazyImpl;.<clinit>()V> (0x00000000dc6a6a98) 
thrown [t:\workspace\open\src\hotspot\share\prims\jni.cpp, line 1107]
Event: 13.982 Thread 0x0000027349b67a60 Implicit null exception at 0x0000027337099fe0 to 0x000002733709f3cc
Event: 13.982 Thread 0x0000027349b69270 Implicit null exception at 0x0000027337099fe0 to 0x000002733709f3cc
Event: 13.990 Thread 0x0000027349b67a60 Implicit null exception at 0x00000273370a5407 to 0x00000273370a9748

VM Operations (20 events):
Event: 12.343 Executing VM operation: G1CollectForAllocation
Event: 12.349 Executing VM operation: G1CollectForAllocation done
Event: 12.379 Executing VM operation: HandshakeAllThreads
Event: 12.379 Executing VM operation: HandshakeAllThreads done
Event: 12.400 Executing VM operation: G1Concurrent
Event: 13.405 Executing VM operation: G1Concurrent done
Event: 13.420 Executing VM operation: G1Concurrent
Event: 13.421 Executing VM operation: G1Concurrent done
Event: 13.539 Executing VM operation: G1CollectForAllocation
Event: 13.544 Executing VM operation: G1CollectForAllocation done
Event: 13.630 Executing VM operation: G1CollectForAllocation
Event: 13.633 Executing VM operation: G1CollectForAllocation done
Event: 13.933 Executing VM operation: G1CollectForAllocation
Event: 13.937 Executing VM operation: G1CollectForAllocation done
Event: 13.979 Executing VM operation: HandshakeAllThreads
Event: 13.979 Executing VM operation: HandshakeAllThreads done
Event: 13.993 Executing VM operation: HandshakeAllThreads
Event: 13.993 Executing VM operation: HandshakeAllThreads done
Event: 14.993 Executing VM operation: Cleanup
Event: 14.993 Executing VM operation: Cleanup done

Events (20 events):
Event: 13.990 loading class java/util/PrimitiveIterator
Event: 13.990 loading class java/util/PrimitiveIterator done
Event: 13.990 loading class java/util/PrimitiveIterator$OfInt done
Event: 13.990 loading class java/util/Spliterators$2Adapter done
Event: 13.990 loading class com/sun/xml/internal/stream/events/EndElementEvent
Event: 13.990 loading class javax/xml/stream/events/EndElement
Event: 13.991 loading class javax/xml/stream/events/EndElement done
Event: 13.991 loading class com/sun/xml/internal/stream/events/EndElementEvent done
Event: 13.994 Thread 0x00000273438ce9b0 flushing nmethod 0x0000027336c20b90
Event: 13.994 Thread 0x00000273438ce9b0 flushing nmethod 0x0000027336c21410
Event: 14.007 Thread 0x00000273438ce9b0 flushing nmethod 0x00000273300d9190
Event: 14.009 Thread 0x00000273438ce9b0 flushing nmethod 0x000002733034b690
Event: 14.019 Thread 0x00000273438ce9b0 flushing nmethod 0x0000027330c22310
Event: 14.019 Thread 0x00000273438ce9b0 flushing nmethod 0x0000027330cde690
Event: 14.088 loading class com/sun/xml/internal/stream/events/CommentEvent
Event: 14.088 loading class javax/xml/stream/events/Comment
Event: 14.088 loading class javax/xml/stream/events/Comment done
Event: 14.088 loading class com/sun/xml/internal/stream/events/CommentEvent done
Event: 15.118 Thread 0x00000273444ab690 Thread exited: 0x00000273444ab690
Event: 15.118 Thread 0x00000273444aeed0 Thread exited: 0x00000273444aeed0


Dynamic libraries:
0x00007ff673440000 - 0x00007ff67344e000 	C:\Program Files\Java\jdk-17.0.2\bin\java.exe
0x00007ff84c8c0000 - 0x00007ff84cb23000 	C:\WINDOWS\SYSTEM32\ntdll.dll
0x00007ff819e90000 - 0x00007ff819eaa000 	C:\Program Files\Norton\Suite\aswhook.dll
0x00007ff84aec0000 - 0x00007ff84af87000 	C:\WINDOWS\System32\KERNEL32.DLL
0x00007ff849de0000 - 0x00007ff84a1a9000 	C:\WINDOWS\System32\KERNELBASE.dll
0x00007ff84a440000 - 0x00007ff84a58c000 	C:\WINDOWS\System32\ucrtbase.dll
0x00007ff834ae0000 - 0x00007ff834af8000 	C:\Program Files\Java\jdk-17.0.2\bin\jli.dll
0x00007ff834ac0000 - 0x00007ff834ada000 	C:\Program Files\Java\jdk-17.0.2\bin\VCRUNTIME140.dll
0x00007ff84a840000 - 0x00007ff84aa0a000 	C:\WINDOWS\System32\USER32.dll
0x00007ff8279b0000 - 0x00007ff827c40000 	C:\WINDOWS\WinSxS\amd64_microsoft.windows.common-controls_6595b64144ccf1df_6.0.26100.3323_none_3e088096e3344490\COMCTL32.dll
0x00007ff849c30000 - 0x00007ff849c57000 	C:\WINDOWS\System32\win32u.dll
0x00007ff84b110000 - 0x00007ff84b13a000 	C:\WINDOWS\System32\GDI32.dll
0x00007ff84a6e0000 - 0x00007ff84a789000 	C:\WINDOWS\System32\msvcrt.dll
0x00007ff84a1b0000 - 0x00007ff84a2e1000 	C:\WINDOWS\System32\gdi32full.dll
0x00007ff84a590000 - 0x00007ff84a633000 	C:\WINDOWS\System32\msvcp_win.dll
0x00007ff84bcf0000 - 0x00007ff84bd1f000 	C:\WINDOWS\System32\IMM32.DLL
0x00007ff839d20000 - 0x00007ff839d2c000 	C:\Program Files\Java\jdk-17.0.2\bin\vcruntime140_1.dll
0x00007fffeca10000 - 0x00007fffeca9d000 	C:\Program Files\Java\jdk-17.0.2\bin\msvcp140.dll
0x00007fffc4080000 - 0x00007fffc4c41000 	C:\Program Files\Java\jdk-17.0.2\bin\server\jvm.dll
0x00007ff84be60000 - 0x00007ff84bf12000 	C:\WINDOWS\System32\ADVAPI32.dll
0x00007ff84b600000 - 0x00007ff84b6a6000 	C:\WINDOWS\System32\sechost.dll
0x00007ff84b4d0000 - 0x00007ff84b5e6000 	C:\WINDOWS\System32\RPCRT4.dll
0x00007ff84b5f0000 - 0x00007ff84b5f8000 	C:\WINDOWS\System32\PSAPI.DLL
0x00007ff83a830000 - 0x00007ff83a83a000 	C:\WINDOWS\SYSTEM32\WSOCK32.dll
0x00007ff843810000 - 0x00007ff843846000 	C:\WINDOWS\SYSTEM32\WINMM.dll
0x00007ff843850000 - 0x00007ff84385b000 	C:\WINDOWS\SYSTEM32\VERSION.dll
0x00007ff84bf20000 - 0x00007ff84bf94000 	C:\WINDOWS\System32\WS2_32.dll
0x00007ff8488b0000 - 0x00007ff8488ca000 	C:\WINDOWS\SYSTEM32\kernel.appcore.dll
0x00007ff8366b0000 - 0x00007ff8366ba000 	C:\Program Files\Java\jdk-17.0.2\bin\jimage.dll
0x00007ff8473a0000 - 0x00007ff8475e1000 	C:\WINDOWS\SYSTEM32\DBGHELP.DLL
0x00007ff84b140000 - 0x00007ff84b4c2000 	C:\WINDOWS\System32\combase.dll
0x00007ff84af90000 - 0x00007ff84b066000 	C:\WINDOWS\System32\OLEAUT32.dll
0x00007ff83cc60000 - 0x00007ff83cc99000 	C:\WINDOWS\SYSTEM32\dbgcore.DLL
0x00007ff84a640000 - 0x00007ff84a6d9000 	C:\WINDOWS\System32\bcryptPrimitives.dll
0x00007ff823e70000 - 0x00007ff823e7e000 	C:\Program Files\Java\jdk-17.0.2\bin\instrument.dll
0x00007ff821d30000 - 0x00007ff821d55000 	C:\Program Files\Java\jdk-17.0.2\bin\java.dll
0x00007fffe2ad0000 - 0x00007fffe2ba6000 	C:\Program Files\Java\jdk-17.0.2\bin\jsvml.dll
0x00007ff84c160000 - 0x00007ff84c875000 	C:\WINDOWS\System32\SHELL32.dll
0x00007ff849ac0000 - 0x00007ff849c28000 	C:\WINDOWS\System32\wintypes.dll
0x00007ff847780000 - 0x00007ff847fc5000 	C:\WINDOWS\SYSTEM32\windows.storage.dll
0x00007ff84add0000 - 0x00007ff84aebb000 	C:\WINDOWS\System32\SHCORE.dll
0x00007ff84bd30000 - 0x00007ff84bd8d000 	C:\WINDOWS\System32\shlwapi.dll
0x00007ff8499d0000 - 0x00007ff8499ff000 	C:\WINDOWS\SYSTEM32\profapi.dll
0x00007ff816c60000 - 0x00007ff816c78000 	C:\Program Files\Java\jdk-17.0.2\bin\zip.dll
0x00007ff821d10000 - 0x00007ff821d29000 	C:\Program Files\Java\jdk-17.0.2\bin\net.dll
0x00007ff83e640000 - 0x00007ff83e75e000 	C:\WINDOWS\SYSTEM32\WINHTTP.dll
0x00007ff848e00000 - 0x00007ff848e6a000 	C:\WINDOWS\system32\mswsock.dll
0x00007ff817450000 - 0x00007ff817466000 	C:\Program Files\Java\jdk-17.0.2\bin\nio.dll
0x00007ff826590000 - 0x00007ff8265a0000 	C:\Program Files\Java\jdk-17.0.2\bin\verify.dll
0x00007ff825570000 - 0x00007ff825597000 	C:\Users\bilal\.gradle\native\c067742578af261105cb4f569cf0c3c89f3d7b1fecec35dd04571415982c5e48\windows-amd64\native-platform.dll
0x00007fffeb9e0000 - 0x00007fffebb24000 	C:\Users\bilal\.gradle\native\100fb08df4bc3b14c8652ba06237920a3bd2aa13389f12d3474272988ae205f9\windows-amd64\native-platform-file-events.dll
0x00007ff8242d0000 - 0x00007ff8242d9000 	C:\Program Files\Java\jdk-17.0.2\bin\management.dll
0x00007ff823ec0000 - 0x00007ff823ecb000 	C:\Program Files\Java\jdk-17.0.2\bin\management_ext.dll
0x00007ff8490a0000 - 0x00007ff8490bc000 	C:\WINDOWS\SYSTEM32\CRYPTSP.dll
0x00007ff848810000 - 0x00007ff84884a000 	C:\WINDOWS\system32\rsaenh.dll
0x00007ff848ea0000 - 0x00007ff848ecb000 	C:\WINDOWS\SYSTEM32\USERENV.dll
0x00007ff849340000 - 0x00007ff849366000 	C:\WINDOWS\SYSTEM32\bcrypt.dll
0x00007ff849370000 - 0x00007ff84937c000 	C:\WINDOWS\SYSTEM32\CRYPTBASE.dll
0x00007ff8482c0000 - 0x00007ff8482f3000 	C:\WINDOWS\SYSTEM32\IPHLPAPI.DLL
0x00007ff84c150000 - 0x00007ff84c15a000 	C:\WINDOWS\System32\NSI.dll
0x00007ff83e610000 - 0x00007ff83e62f000 	C:\WINDOWS\SYSTEM32\dhcpcsvc6.DLL
0x00007ff83e5e0000 - 0x00007ff83e605000 	C:\WINDOWS\SYSTEM32\dhcpcsvc.DLL
0x00007ff8483b0000 - 0x00007ff8484d5000 	C:\WINDOWS\SYSTEM32\DNSAPI.dll
0x00007ff823530000 - 0x00007ff82353e000 	C:\Program Files\Java\jdk-17.0.2\bin\sunmscapi.dll
0x00007ff849c60000 - 0x00007ff849dd7000 	C:\WINDOWS\System32\CRYPT32.dll
0x00007ff849300000 - 0x00007ff849330000 	C:\WINDOWS\SYSTEM32\ncrypt.dll
0x00007ff8492b0000 - 0x00007ff8492ef000 	C:\WINDOWS\SYSTEM32\NTASN1.dll
0x00007ff824470000 - 0x00007ff824478000 	C:\WINDOWS\system32\wshunix.dll
0x00007ff837cf0000 - 0x00007ff837d08000 	C:\WINDOWS\system32\napinsp.dll
0x00007ff837cd0000 - 0x00007ff837ce2000 	C:\WINDOWS\System32\winrnr.dll
0x00007ff837ca0000 - 0x00007ff837cc2000 	C:\WINDOWS\system32\nlansp_c.dll
0x00007ff83d7e0000 - 0x00007ff83d7f6000 	C:\WINDOWS\system32\wshbth.dll
0x00007ff841320000 - 0x00007ff84132b000 	C:\Windows\System32\rasadhlp.dll
0x00007ff83d200000 - 0x00007ff83d285000 	C:\WINDOWS\System32\fwpuclnt.dll

dbghelp: loaded successfully - version: 4.0.5 - missing functions: none
symbol engine: initialized successfully - sym options: 0x614 - pdb path: .;C:\Program Files\Java\jdk-17.0.2\bin;C:\WINDOWS\SYSTEM32;C:\Program Files\Norton\Suite;C:\WINDOWS\WinSxS\amd64_microsoft.windows.common-controls_6595b64144ccf1df_6.0.26100.3323_none_3e088096e3344490;C:\Program Files\Java\jdk-17.0.2\bin\server;C:\Users\bilal\.gradle\native\c067742578af261105cb4f569cf0c3c89f3d7b1fecec35dd04571415982c5e48\windows-amd64;C:\Users\bilal\.gradle\native\100fb08df4bc3b14c8652ba06237920a3bd2aa13389f12d3474272988ae205f9\windows-amd64

VM Arguments:
jvm_args: --add-opens=java.base/java.util=ALL-UNNAMED --add-opens=java.base/java.lang=ALL-UNNAMED --add-opens=java.base/java.lang.invoke=ALL-UNNAMED --add-opens=java.prefs/java.util.prefs=ALL-UNNAMED --add-exports=jdk.compiler/com.sun.tools.javac.api=ALL-UNNAMED --add-exports=jdk.compiler/com.sun.tools.javac.util=ALL-UNNAMED --add-opens=java.base/java.nio.charset=ALL-UNNAMED --add-opens=java.base/java.net=ALL-UNNAMED --add-opens=java.base/java.util.concurrent.atomic=ALL-UNNAMED -Xmx768m -Dfile.encoding=UTF-8 -Duser.country=FR -Duser.language=fr -Duser.variant -javaagent:C:\Users\bilal\.gradle\wrapper\dists\gradle-8.9-bin\90cnw93cvbtalezasaz0blq0a\gradle-8.9\lib\agents\gradle-instrumentation-agent-8.9.jar 
java_command: org.gradle.launcher.daemon.bootstrap.GradleDaemon 8.9
java_class_path (initial): C:\Users\bilal\.gradle\wrapper\dists\gradle-8.9-bin\90cnw93cvbtalezasaz0blq0a\gradle-8.9\lib\gradle-daemon-main-8.9.jar
Launcher Type: SUN_STANDARD

[Global flags]
     intx CICompilerCount                          = 12                                        {product} {ergonomic}
     uint ConcGCThreads                            = 3                                         {product} {ergonomic}
     uint G1ConcRefinementThreads                  = 13                                        {product} {ergonomic}
   size_t G1HeapRegionSize                         = 1048576                                   {product} {ergonomic}
    uintx GCDrainStackTargetSize                   = 64                                        {product} {ergonomic}
   size_t InitialHeapSize                          = 123731968                                 {product} {ergonomic}
   size_t MarkStackSize                            = 4194304                                   {product} {ergonomic}
   size_t MaxHeapSize                              = 805306368                                 {product} {command line}
   size_t MaxNewSize                               = 482344960                                 {product} {ergonomic}
   size_t MinHeapDeltaBytes                        = 1048576                                   {product} {ergonomic}
   size_t MinHeapSize                              = 8388608                                   {product} {ergonomic}
    uintx NonNMethodCodeHeapSize                   = 7602480                                {pd product} {ergonomic}
    uintx NonProfiledCodeHeapSize                  = 122027880                              {pd product} {ergonomic}
    uintx ProfiledCodeHeapSize                     = 122027880                              {pd product} {ergonomic}
    uintx ReservedCodeCacheSize                    = 251658240                              {pd product} {ergonomic}
     bool SegmentedCodeCache                       = true                                      {product} {ergonomic}
   size_t SoftMaxHeapSize                          = 805306368                              {manageable} {ergonomic}
     bool UseCompressedClassPointers               = true                           {product lp64_product} {ergonomic}
     bool UseCompressedOops                        = true                           {product lp64_product} {ergonomic}
     bool UseG1GC                                  = true                                      {product} {ergonomic}
     bool UseLargePagesIndividualAllocation        = false                                  {pd product} {ergonomic}

Logging:
Log output configuration:
 #0: stdout all=warning uptime,level,tags
 #1: stderr all=off uptime,level,tags

Environment Variables:
JAVA_HOME=C:\Program Files\Java\jdk-17.0.2
CLASSPATH=C:\Users\bilal\AndroidStudioProjects\25-airlocunlock\\gradle\wrapper\gradle-wrapper.jar
PATH=C:\Program Files (x86)\Common Files\Oracle\Java\java8path;C:\Program Files (x86)\Common Files\Oracle\Java\javapath;C:\Program Files (x86)\VMware\VMware Player\bin\;C:\WINDOWS\system32;C:\WINDOWS;C:\WINDOWS\System32\Wbem;C:\WINDOWS\System32\WindowsPowerShell\v1.0\;C:\WINDOWS\System32\OpenSSH\;C:\Program Files\GitHub CLI\;C:\Program Files\nodejs\;C:\Program Files\Git\cmd;C:\Program Files\Java\jdk-17.0.2\bin;C:\Users\bilal\AppData\Local\Programs\Eclipse Adoptium\jdk-21.0.6.7-hotspot\bin;C:\Users\bilal\AppData\Local\Programs\Python\Python312\Scripts\;C:\Users\bilal\AppData\Local\Programs\Python\Python312\;C:\Users\bilal\AppData\Local\Programs\Python\Launcher\;C:\Users\bilal\AppData\Local\Microsoft\WindowsApps;;C:\Users\bilal\AppData\Local\Programs\Microsoft VS Code\bin;C:\Users\bilal\AppData\Roaming\npm
USERNAME=bilal
OS=Windows_NT
PROCESSOR_IDENTIFIER=AMD64 Family 25 Model 80 Stepping 0, AuthenticAMD



---------------  S Y S T E M  ---------------

OS:
 Windows 11 , 64 bit Build 26100 (10.0.26100.3323)
OS uptime: 0 days 0:13 hours
Hyper-V role detected

CPU: total 16 (initial active 16) (16 cores per cpu, 2 threads per core) family 25 model 80 stepping 0 microcode 0xa50000c, cx8, cmov, fxsr, ht, mmx, 3dnowpref, sse, sse2, sse3, ssse3, sse4a, sse4.1, sse4.2, popcnt, lzcnt, tsc, tscinvbit, avx, avx2, aes, erms, clmul, bmi1, bmi2, adx, sha, fma, vzeroupper, clflush, clflushopt, hv

Memory: 4k page, system-wide physical 7471M (885M free)
TotalPageFile size 9519M (AvailPageFile size 9M)
current process WorkingSet (physical memory assigned to process): 535M, peak: 540M
current process commit charge ("private bytes"): 586M, peak: 592M

vm_info: OpenJDK 64-Bit Server VM (17.0.2+8-86) for windows-amd64 JRE (17.0.2+8-86), built on Dec  7 2021 21:49:10 by "mach5one" with MS VC++ 16.8 / 16.9 (VS2019)

END.
