#
# There is insufficient memory for the Java Runtime Environment to continue.
# Native memory allocation (malloc) failed to allocate 1210896 bytes for Chunk::new
# Possible reasons:
#   The system is out of physical RAM or swap space
#   The process is running with CompressedOops enabled, and the Java Heap may be blocking the growth of the native heap
# Possible solutions:
#   Reduce memory load on the system
#   Increase physical memory or swap space
#   Check if swap backing store is full
#   Decrease Java heap size (-Xmx/-Xms)
#   Decrease number of Java threads
#   Decrease Java thread stack sizes (-Xss)
#   Set larger code cache with -XX:ReservedCodeCacheSize=
#   JVM is running with Unscaled Compressed Oops mode in which the Java heap is
#     placed in the first 4GB address space. The Java Heap base address is the
#     maximum limit for the native heap growth. Please use -XX:HeapBaseMinAddress
#     to set the Java Heap base and to place the Java Heap above 4GB virtual address.
# This output file may be truncated or incomplete.
#
#  Out of Memory Error (arena.cpp:189), pid=6140, tid=12624
#
# JRE version: OpenJDK Runtime Environment (17.0.2+8) (build 17.0.2+8-86)
# Java VM: OpenJDK 64-Bit Server VM (17.0.2+8-86, mixed mode, sharing, tiered, compressed oops, compressed class ptrs, g1 gc, windows-amd64)
# No core dump will be written. Minidumps are not enabled by default on client versions of Windows
#

---------------  S U M M A R Y ------------

Command Line: --add-opens=java.base/java.util=ALL-UNNAMED --add-opens=java.base/java.lang=ALL-UNNAMED --add-opens=java.base/java.lang.invoke=ALL-UNNAMED --add-opens=java.prefs/java.util.prefs=ALL-UNNAMED --add-exports=jdk.compiler/com.sun.tools.javac.api=ALL-UNNAMED --add-exports=jdk.compiler/com.sun.tools.javac.util=ALL-UNNAMED --add-opens=java.base/java.nio.charset=ALL-UNNAMED --add-opens=java.base/java.net=ALL-UNNAMED --add-opens=java.base/java.util.concurrent.atomic=ALL-UNNAMED -Xmx768m -Dfile.encoding=UTF-8 -Duser.country=FR -Duser.language=fr -Duser.variant -javaagent:C:\Users\bilal\.gradle\wrapper\dists\gradle-8.9-bin\90cnw93cvbtalezasaz0blq0a\gradle-8.9\lib\agents\gradle-instrumentation-agent-8.9.jar org.gradle.launcher.daemon.bootstrap.GradleDaemon 8.9

Host: AMD Ryzen 7 5700G with Radeon Graphics         , 16 cores, 7G,  Windows 11 , 64 bit Build 26100 (10.0.26100.3775)
Time: Sat Apr 12 16:22:22 2025 Paris, Madrid (heure duild 26100 (10.0.26100.3775) elapsed time: 3.498601 seconds (0d 0h 0m 3s)

---------------  T H R E A D  ---------------

Current thread (0x00000272e9115040):  JavaThread "C2 CompilerThread1" daemon [_thread_in_native, id=12624, stack(0x00000078d1a00000,0x00000078d1b00000)]


Current CompileTask:
C2:   3498 2595       4       java.net.URLClassLoader$1::run (5 bytes)

Stack: [0x00000078d1a00000,0x00000078d1b00000]
Native frames: (J=compiled Java code, j=interpreted, Vv=VM code, C=native code)
V  [jvm.dll+0x670baa]
V  [jvm.dll+0x7cfcb4]
V  [jvm.dll+0x7d145e]
V  [jvm.dll+0x7d1ac3]
V  [jvm.dll+0x242bc5]
V  [jvm.dll+0xaa57b]
V  [jvm.dll+0xaab0c]
V  [jvm.dll+0x35fcb2]
V  [jvm.dll+0x1b9982]
V  [jvm.dll+0x215de9]
V  [jvm.dll+0x2150b1]
V  [jvm.dll+0x1a1bbd]
V  [jvm.dll+0x224908]
V  [jvm.dll+0x222a6c]
V  [jvm.dll+0x7859bb]
V  [jvm.dll+0x77ff7a]
V  [jvm.dll+0x66fa35]
C  [ucrtbase.dll+0x37b0]
C  [KERNEL32.DLL+0x2e8d7]
C  [ntdll.dll+0xb14fc]


---------------  P R O C E S S  ---------------

Threads class SMR info:
_java_thread_list=0x00000272ec9efb30, length=30, elements={
0x00000272c9de8230, 0x00000272e61dea60, 0x00000272e61e1330, 0x00000272e61f75f0,
0x00000272e61f7eb0, 0x00000272e61f8770, 0x00000272e61f9030, 0x00000272e6205130,
0x00000272e6206a40, 0x00000272e620b360, 0x00000272e61cb8e0, 0x00000272e6c8d070,
0x00000272e6dacaf0, 0x00000272e8586280, 0x00000272e8586c20, 0x00000272e8587f60,
0x00000272e85870f0, 0x00000272e85875c0, 0x00000272e8585410, 0x00000272e85858e0,
0x00000272e8587a90, 0x00000272e8588430, 0x00000272e8586750, 0x00000272e9115040,
0x00000272e8584a70, 0x00000272e8584f40, 0x00000272e8585db0, 0x00000272e979c2e0,
0x00000272e6c962d0, 0x00000272eb07ef40
}

Java Threads: ( => current thread )
  0x00000272c9de8230 JavaThread "main" [_thread_blocked, id=15444, stack(0x00000078cee00000,0x00000078cef00000)]
  0x00000272e61dea60 JavaThread "Reference Handler" daemon [_thread_blocked, id=18120, stack(0x00000078cf500000,0x00000078cf600000)]
  0x00000272e61e1330 JavaThread "Finalizer" daemon [_thread_blocked, id=12452, stack(0x00000078cf600000,0x00000078cf700000)]
  0x00000272e61f75f0 JavaThread "Signal Dispatcher" daemon [_thread_blocked, id=11084, stack(0x00000078cf700000,0x00000078cf800000)]
  0x00000272e61f7eb0 JavaThread "Attach Listener" daemon [_thread_blocked, id=5648, stack(0x00000078cf800000,0x00000078cf900000)]
  0x00000272e61f8770 JavaThread "Service Thread" daemon [_thread_blocked, id=4768, stack(0x00000078cf900000,0x00000078cfa00000)]
  0x00000272e61f9030 JavaThread "Monitor Deflation Thread" daemon [_thread_blocked, id=2136, stack(0x00000078cfa00000,0x00000078cfb00000)]
  0x00000272e6205130 JavaThread "C2 CompilerThread0" daemon [_thread_in_native, id=20260, stack(0x00000078cfb00000,0x00000078cfc00000)]
  0x00000272e6206a40 JavaThread "C1 CompilerThread0" daemon [_thread_blocked, id=14412, stack(0x00000078cfc00000,0x00000078cfd00000)]
  0x00000272e620b360 JavaThread "Sweeper thread" daemon [_thread_blocked, id=12264, stack(0x00000078cfd00000,0x00000078cfe00000)]
  0x00000272e61cb8e0 JavaThread "Common-Cleaner" daemon [_thread_blocked, id=17684, stack(0x00000078cfe00000,0x00000078cff00000)]
  0x00000272e6c8d070 JavaThread "C1 CompilerThread1" daemon [_thread_blocked, id=19512, stack(0x00000078cff00000,0x00000078d0000000)]
  0x00000272e6dacaf0 JavaThread "Notification Thread" daemon [_thread_blocked, id=1848, stack(0x00000078d0300000,0x00000078d0400000)]
  0x00000272e8586280 JavaThread "Daemon health stats" [_thread_blocked, id=18540, stack(0x00000078d0b00000,0x00000078d0c00000)]
  0x00000272e8586c20 JavaThread "Incoming local TCP Connector on port 63637" [_thread_in_native, id=8040, stack(0x00000078d0c00000,0x00000078d0d00000)]
  0x00000272e8587f60 JavaThread "Daemon periodic checks" [_thread_blocked, id=9752, stack(0x00000078d0d00000,0x00000078d0e00000)]
  0x00000272e85870f0 JavaThread "Daemon" [_thread_blocked, id=6592, stack(0x00000078d0200000,0x00000078d0300000)]
  0x00000272e85875c0 JavaThread "Handler for socket connection from /127.0.0.1:63637 to /127.0.0.1:63638" [_thread_in_native, id=2704, stack(0x00000078d0500000,0x00000078d0600000)]
  0x00000272e8585410 JavaThread "Cancel handler" [_thread_blocked, id=16184, stack(0x00000078d0600000,0x00000078d0700000)]
  0x00000272e85858e0 JavaThread "Daemon worker" [_thread_in_native, id=20208, stack(0x00000078d0e00000,0x00000078d0f00000)]
  0x00000272e8587a90 JavaThread "Asynchronous log dispatcher for DefaultDaemonConnection: socket connection from /127.0.0.1:63637 to /127.0.0.1:63638" [_thread_blocked, id=4480, stack(0x00000078d0f00000,0x00000078d1000000)]
  0x00000272e8588430 JavaThread "Stdin handler" [_thread_blocked, id=13136, stack(0x00000078d1000000,0x00000078d1100000)]
  0x00000272e8586750 JavaThread "Daemon client event forwarder" [_thread_blocked, id=18140, stack(0x00000078d1100000,0x00000078d1200000)]
=>0x00000272e9115040 JavaThread "C2 CompilerThread1" daemon [_thread_in_native, id=12624, stack(0x00000078d1a00000,0x00000078d1b00000)]
  0x00000272e8584a70 JavaThread "Cache worker for journal cache (C:\Users\bilal\.gradle\caches\journal-1)" [_thread_blocked, id=16532, stack(0x00000078d1b00000,0x00000078d1c00000)]
  0x00000272e8584f40 JavaThread "File lock request listener" [_thread_in_native, id=15580, stack(0x00000078d1c00000,0x00000078d1d00000)]
  0x00000272e8585db0 JavaThread "Cache worker for file hash cache (C:\Users\bilal\.gradle\caches\8.9\fileHashes)" [_thread_blocked, id=20032, stack(0x00000078d1d00000,0x00000078d1e00000)]
  0x00000272e979c2e0 JavaThread "C2 CompilerThread2" daemon [_thread_in_native, id=13268, stack(0x00000078d1e00000,0x00000078d1f00000)]
  0x00000272e6c962d0 JavaThread "C1 CompilerThread2" daemon [_thread_blocked, id=14424, stack(0x00000078d0000000,0x00000078d0100000)]
  0x00000272eb07ef40 JavaThread "C1 CompilerThread3" daemon [_thread_blocked, id=5748, stack(0x00000078d0100000,0x00000078d0200000)]

Other Threads:
  0x00000272e61dd530 VMThread "VM Thread" [stack: 0x00000078cf400000,0x00000078cf500000] [id=11660]
  0x00000272e6e24ce0 WatcherThread [stack: 0x00000078d0400000,0x00000078d0500000] [id=1656]
  0x00000272c9e17d60 GCTaskThread "GC Thread#0" [stack: 0x00000078cef00000,0x00000078cf000000] [id=18832]
  0x00000272e7481760 GCTaskThread "GC Thread#1" [stack: 0x00000078d0700000,0x00000078d0800000] [id=10096]
  0x00000272e6e59e80 GCTaskThread "GC Thread#2" [stack: 0x00000078d0800000,0x00000078d0900000] [id=19660]
  0x00000272e837a300 GCTaskThread "GC Thread#3" [stack: 0x00000078d0900000,0x00000078d0a00000] [id=12660]
  0x00000272e7f916c0 GCTaskThread "GC Thread#4" [stack: 0x00000078d0a00000,0x00000078d0b00000] [id=18564]
  0x00000272e81f9da0 GCTaskThread "GC Thread#5" [stack: 0x00000078d1200000,0x00000078d1300000] [id=19184]
  0x00000272e6ee5b30 GCTaskThread "GC Thread#6" [stack: 0x00000078d1300000,0x00000078d1400000] [id=13068]
  0x00000272e6ee5de0 GCTaskThread "GC Thread#7" [stack: 0x00000078d1400000,0x00000078d1500000] [id=3812]
  0x00000272e78cb210 GCTaskThread "GC Thread#8" [stack: 0x00000078d1500000,0x00000078d1600000] [id=18668]
  0x00000272e78cb4c0 GCTaskThread "GC Thread#9" [stack: 0x00000078d1600000,0x00000078d1700000] [id=3236]
  0x00000272e807db00 GCTaskThread "GC Thread#10" [stack: 0x00000078d1700000,0x00000078d1800000] [id=2848]
  0x00000272e8ffd660 GCTaskThread "GC Thread#11" [stack: 0x00000078d1800000,0x00000078d1900000] [id=18532]
  0x00000272e8ffd3b0 GCTaskThread "GC Thread#12" [stack: 0x00000078d1900000,0x00000078d1a00000] [id=7776]
  0x00000272c9e1ebb0 ConcurrentGCThread "G1 Main Marker" [stack: 0x00000078cf000000,0x00000078cf100000] [id=12212]
  0x00000272c9e201a0 ConcurrentGCThread "G1 Conc#0" [stack: 0x00000078cf100000,0x00000078cf200000] [id=18912]
  0x00000272c9ea4bb0 ConcurrentGCThread "G1 Refine#0" [stack: 0x00000078cf200000,0x00000078cf300000] [id=11068]
  0x00000272c9ea7690 ConcurrentGCThread "G1 Service" [stack: 0x00000078cf300000,0x00000078cf400000] [id=8760]

Threads with active compile tasks:
C2 CompilerThread0     3544 2726   !   4       java.net.URL::<init> (543 bytes)
C2 CompilerThread1     3544 2595       4       java.net.URLClassLoader$1::run (5 bytes)
C2 CompilerThread2     3544 2596   !   4       java.net.URLClassLoader$1::run (81 bytes)

VM state: not at safepoint (normal execution)

VM Mutex/Monitor currently owned by a thread: None

Heap address: 0x00000000d0000000, size: 768 MB, Compressed Oops mode: 32-bit

CDS archive(s) mapped at: [0x0000000800000000-0x0000000800bc0000-0x0000000800bc0000), size 12320768, SharedBaseAddress: 0x0000000800000000, ArchiveRelocationMode: 0.
Compressed class space mapped at: 0x0000000800c00000-0x0000000840c00000, reserved size: 1073741824
Narrow klass base: 0x0000000800000000, Narrow klass shift: 0, Narrow klass range: 0x100000000

GC Precious Log:
 CPUs: 16 total, 16 available
 Memory: 7471M
 Large Page Support: Disabled
 NUMA Support: Disabled
 Compressed Oops: Enabled (32-bit)
 Heap Region Size: 1M
 Heap Min Capacity: 8M
 Heap Initial Capacity: 118M
 Heap Max Capacity: 768M
 Pre-touch: Disabled
 Parallel Workers: 13
 Concurrent Workers: 3
 Concurrent Refinement Workers: 13
 Periodic GC: Disabled

Heap:
 garbage-first heap   total 120832K, used 28749K [0x00000000d0000000, 0x0000000100000000)
  region size 1024K, 10 young (10240K), 4 survivors (4096K)
 Metaspace       used 19293K, committed 19584K, reserved 1073152K
  class space    used 2777K, committed 2944K, reserved 1048576K

Heap Regions: E=young(eden), S=young(survivor), O=old, HS=humongous(starts), HC=humongous(continues), CS=collection set, F=free, OA=open archive, CA=closed archive, TAMS=top-at-mark-start (previous, next)
|   0|0x00000000d0000000, 0x00000000d0100000, 0x00000000d0100000|100%|HS|  |TAMS 0x00000000d0000000, 0x00000000d0000000| Complete 
|   1|0x00000000d0100000, 0x00000000d0200000, 0x00000000d0200000|100%|HC|  |TAMS 0x00000000d0100000, 0x00000000d0100000| Complete 
|   2|0x00000000d0200000, 0x00000000d0300000, 0x00000000d0300000|100%|HC|  |TAMS 0x00000000d0200000, 0x00000000d0200000| Complete 
|   3|0x00000000d0300000, 0x00000000d0400000, 0x00000000d0400000|100%|HC|  |TAMS 0x00000000d0300000, 0x00000000d0300000| Complete 
|   4|0x00000000d0400000, 0x00000000d0500000, 0x00000000d0500000|100%| O|  |TAMS 0x00000000d0400000, 0x00000000d0400000| Untracked 
|   5|0x00000000d0500000, 0x00000000d0600000, 0x00000000d0600000|100%| O|  |TAMS 0x00000000d0500000, 0x00000000d0500000| Untracked 
|   6|0x00000000d0600000, 0x00000000d0700000, 0x00000000d0700000|100%| O|  |TAMS 0x00000000d0600000, 0x00000000d0600000| Untracked 
|   7|0x00000000d0700000, 0x00000000d0800000, 0x00000000d0800000|100%| O|  |TAMS 0x00000000d0700000, 0x00000000d0700000| Untracked 
|   8|0x00000000d0800000, 0x00000000d0900000, 0x00000000d0900000|100%| O|  |TAMS 0x00000000d0800000, 0x00000000d0800000| Untracked 
|   9|0x00000000d0900000, 0x00000000d0a00000, 0x00000000d0a00000|100%| O|  |TAMS 0x00000000d0900000, 0x00000000d0900000| Untracked 
|  10|0x00000000d0a00000, 0x00000000d0b00000, 0x00000000d0b00000|100%| O|  |TAMS 0x00000000d0a00000, 0x00000000d0a00000| Untracked 
|  11|0x00000000d0b00000, 0x00000000d0c00000, 0x00000000d0c00000|100%|HS|  |TAMS 0x00000000d0b00000, 0x00000000d0b00000| Complete 
|  12|0x00000000d0c00000, 0x00000000d0d00000, 0x00000000d0d00000|100%| O|  |TAMS 0x00000000d0c00000, 0x00000000d0c00000| Untracked 
|  13|0x00000000d0d00000, 0x00000000d0e00000, 0x00000000d0e00000|100%| O|  |TAMS 0x00000000d0d00000, 0x00000000d0d00000| Untracked 
|  14|0x00000000d0e00000, 0x00000000d0f00000, 0x00000000d0f00000|100%| O|  |TAMS 0x00000000d0e00000, 0x00000000d0e00000| Untracked 
|  15|0x00000000d0f00000, 0x00000000d1000000, 0x00000000d1000000|100%| O|  |TAMS 0x00000000d0f00000, 0x00000000d0f00000| Untracked 
|  16|0x00000000d1000000, 0x00000000d1100000, 0x00000000d1100000|100%| O|  |TAMS 0x00000000d1000000, 0x00000000d1000000| Untracked 
|  17|0x00000000d1100000, 0x00000000d1200000, 0x00000000d1200000|100%| O|  |TAMS 0x00000000d1100000, 0x00000000d1100000| Untracked 
|  18|0x00000000d1200000, 0x00000000d1300000, 0x00000000d1300000|100%| O|  |TAMS 0x00000000d1200000, 0x00000000d1200000| Untracked 
|  19|0x00000000d1300000, 0x00000000d13db000, 0x00000000d1400000| 85%| O|  |TAMS 0x00000000d1300000, 0x00000000d1300000| Untracked 
|  20|0x00000000d1400000, 0x00000000d1400000, 0x00000000d1500000|  0%| F|  |TAMS 0x00000000d1400000, 0x00000000d1400000| Untracked 
|  21|0x00000000d1500000, 0x00000000d1500000, 0x00000000d1600000|  0%| F|  |TAMS 0x00000000d1500000, 0x00000000d1500000| Untracked 
|  22|0x00000000d1600000, 0x00000000d1600000, 0x00000000d1700000|  0%| F|  |TAMS 0x00000000d1600000, 0x00000000d1600000| Untracked 
|  23|0x00000000d1700000, 0x00000000d1700000, 0x00000000d1800000|  0%| F|  |TAMS 0x00000000d1700000, 0x00000000d1700000| Untracked 
|  24|0x00000000d1800000, 0x00000000d1800000, 0x00000000d1900000|  0%| F|  |TAMS 0x00000000d1800000, 0x00000000d1800000| Untracked 
|  25|0x00000000d1900000, 0x00000000d1900000, 0x00000000d1a00000|  0%| F|  |TAMS 0x00000000d1900000, 0x00000000d1900000| Untracked 
|  26|0x00000000d1a00000, 0x00000000d1a00000, 0x00000000d1b00000|  0%| F|  |TAMS 0x00000000d1a00000, 0x00000000d1a00000| Untracked 
|  27|0x00000000d1b00000, 0x00000000d1b00000, 0x00000000d1c00000|  0%| F|  |TAMS 0x00000000d1b00000, 0x00000000d1b00000| Untracked 
|  28|0x00000000d1c00000, 0x00000000d1c00000, 0x00000000d1d00000|  0%| F|  |TAMS 0x00000000d1c00000, 0x00000000d1c00000| Untracked 
|  29|0x00000000d1d00000, 0x00000000d1d00000, 0x00000000d1e00000|  0%| F|  |TAMS 0x00000000d1d00000, 0x00000000d1d00000| Untracked 
|  30|0x00000000d1e00000, 0x00000000d1e00000, 0x00000000d1f00000|  0%| F|  |TAMS 0x00000000d1e00000, 0x00000000d1e00000| Untracked 
|  31|0x00000000d1f00000, 0x00000000d1f00000, 0x00000000d2000000|  0%| F|  |TAMS 0x00000000d1f00000, 0x00000000d1f00000| Untracked 
|  32|0x00000000d2000000, 0x00000000d2000000, 0x00000000d2100000|  0%| F|  |TAMS 0x00000000d2000000, 0x00000000d2000000| Untracked 
|  33|0x00000000d2100000, 0x00000000d2100000, 0x00000000d2200000|  0%| F|  |TAMS 0x00000000d2100000, 0x00000000d2100000| Untracked 
|  34|0x00000000d2200000, 0x00000000d2200000, 0x00000000d2300000|  0%| F|  |TAMS 0x00000000d2200000, 0x00000000d2200000| Untracked 
|  35|0x00000000d2300000, 0x00000000d2300000, 0x00000000d2400000|  0%| F|  |TAMS 0x00000000d2300000, 0x00000000d2300000| Untracked 
|  36|0x00000000d2400000, 0x00000000d2400000, 0x00000000d2500000|  0%| F|  |TAMS 0x00000000d2400000, 0x00000000d2400000| Untracked 
|  37|0x00000000d2500000, 0x00000000d2500000, 0x00000000d2600000|  0%| F|  |TAMS 0x00000000d2500000, 0x00000000d2500000| Untracked 
|  38|0x00000000d2600000, 0x00000000d2600000, 0x00000000d2700000|  0%| F|  |TAMS 0x00000000d2600000, 0x00000000d2600000| Untracked 
|  39|0x00000000d2700000, 0x00000000d2700000, 0x00000000d2800000|  0%| F|  |TAMS 0x00000000d2700000, 0x00000000d2700000| Untracked 
|  40|0x00000000d2800000, 0x00000000d2800000, 0x00000000d2900000|  0%| F|  |TAMS 0x00000000d2800000, 0x00000000d2800000| Untracked 
|  41|0x00000000d2900000, 0x00000000d2900000, 0x00000000d2a00000|  0%| F|  |TAMS 0x00000000d2900000, 0x00000000d2900000| Untracked 
|  42|0x00000000d2a00000, 0x00000000d2a00000, 0x00000000d2b00000|  0%| F|  |TAMS 0x00000000d2a00000, 0x00000000d2a00000| Untracked 
|  43|0x00000000d2b00000, 0x00000000d2b00000, 0x00000000d2c00000|  0%| F|  |TAMS 0x00000000d2b00000, 0x00000000d2b00000| Untracked 
|  44|0x00000000d2c00000, 0x00000000d2c00000, 0x00000000d2d00000|  0%| F|  |TAMS 0x00000000d2c00000, 0x00000000d2c00000| Untracked 
|  45|0x00000000d2d00000, 0x00000000d2d00000, 0x00000000d2e00000|  0%| F|  |TAMS 0x00000000d2d00000, 0x00000000d2d00000| Untracked 
|  46|0x00000000d2e00000, 0x00000000d2e00000, 0x00000000d2f00000|  0%| F|  |TAMS 0x00000000d2e00000, 0x00000000d2e00000| Untracked 
|  47|0x00000000d2f00000, 0x00000000d2f00000, 0x00000000d3000000|  0%| F|  |TAMS 0x00000000d2f00000, 0x00000000d2f00000| Untracked 
|  48|0x00000000d3000000, 0x00000000d3000000, 0x00000000d3100000|  0%| F|  |TAMS 0x00000000d3000000, 0x00000000d3000000| Untracked 
|  49|0x00000000d3100000, 0x00000000d3100000, 0x00000000d3200000|  0%| F|  |TAMS 0x00000000d3100000, 0x00000000d3100000| Untracked 
|  50|0x00000000d3200000, 0x00000000d3200000, 0x00000000d3300000|  0%| F|  |TAMS 0x00000000d3200000, 0x00000000d3200000| Untracked 
|  51|0x00000000d3300000, 0x00000000d3300000, 0x00000000d3400000|  0%| F|  |TAMS 0x00000000d3300000, 0x00000000d3300000| Untracked 
|  52|0x00000000d3400000, 0x00000000d3400000, 0x00000000d3500000|  0%| F|  |TAMS 0x00000000d3400000, 0x00000000d3400000| Untracked 
|  53|0x00000000d3500000, 0x00000000d3500000, 0x00000000d3600000|  0%| F|  |TAMS 0x00000000d3500000, 0x00000000d3500000| Untracked 
|  54|0x00000000d3600000, 0x00000000d3600000, 0x00000000d3700000|  0%| F|  |TAMS 0x00000000d3600000, 0x00000000d3600000| Untracked 
|  55|0x00000000d3700000, 0x00000000d3700000, 0x00000000d3800000|  0%| F|  |TAMS 0x00000000d3700000, 0x00000000d3700000| Untracked 
|  56|0x00000000d3800000, 0x00000000d3800000, 0x00000000d3900000|  0%| F|  |TAMS 0x00000000d3800000, 0x00000000d3800000| Untracked 
|  57|0x00000000d3900000, 0x00000000d3900000, 0x00000000d3a00000|  0%| F|  |TAMS 0x00000000d3900000, 0x00000000d3900000| Untracked 
|  58|0x00000000d3a00000, 0x00000000d3a387d8, 0x00000000d3b00000| 22%| S|CS|TAMS 0x00000000d3a00000, 0x00000000d3a00000| Complete 
|  59|0x00000000d3b00000, 0x00000000d3c00000, 0x00000000d3c00000|100%| S|CS|TAMS 0x00000000d3b00000, 0x00000000d3b00000| Complete 
|  60|0x00000000d3c00000, 0x00000000d3d00000, 0x00000000d3d00000|100%| S|CS|TAMS 0x00000000d3c00000, 0x00000000d3c00000| Complete 
|  61|0x00000000d3d00000, 0x00000000d3e00000, 0x00000000d3e00000|100%| S|CS|TAMS 0x00000000d3d00000, 0x00000000d3d00000| Complete 
|  62|0x00000000d3e00000, 0x00000000d3e00000, 0x00000000d3f00000|  0%| F|  |TAMS 0x00000000d3e00000, 0x00000000d3e00000| Untracked 
|  63|0x00000000d3f00000, 0x00000000d3f00000, 0x00000000d4000000|  0%| F|  |TAMS 0x00000000d3f00000, 0x00000000d3f00000| Untracked 
|  64|0x00000000d4000000, 0x00000000d4000000, 0x00000000d4100000|  0%| F|  |TAMS 0x00000000d4000000, 0x00000000d4000000| Untracked 
|  65|0x00000000d4100000, 0x00000000d4100000, 0x00000000d4200000|  0%| F|  |TAMS 0x00000000d4100000, 0x00000000d4100000| Untracked 
|  66|0x00000000d4200000, 0x00000000d4200000, 0x00000000d4300000|  0%| F|  |TAMS 0x00000000d4200000, 0x00000000d4200000| Untracked 
|  67|0x00000000d4300000, 0x00000000d4300000, 0x00000000d4400000|  0%| F|  |TAMS 0x00000000d4300000, 0x00000000d4300000| Untracked 
|  68|0x00000000d4400000, 0x00000000d4400000, 0x00000000d4500000|  0%| F|  |TAMS 0x00000000d4400000, 0x00000000d4400000| Untracked 
|  69|0x00000000d4500000, 0x00000000d4500000, 0x00000000d4600000|  0%| F|  |TAMS 0x00000000d4500000, 0x00000000d4500000| Untracked 
|  70|0x00000000d4600000, 0x00000000d4600000, 0x00000000d4700000|  0%| F|  |TAMS 0x00000000d4600000, 0x00000000d4600000| Untracked 
|  71|0x00000000d4700000, 0x00000000d4700000, 0x00000000d4800000|  0%| F|  |TAMS 0x00000000d4700000, 0x00000000d4700000| Untracked 
|  72|0x00000000d4800000, 0x00000000d4800000, 0x00000000d4900000|  0%| F|  |TAMS 0x00000000d4800000, 0x00000000d4800000| Untracked 
|  73|0x00000000d4900000, 0x00000000d4900000, 0x00000000d4a00000|  0%| F|  |TAMS 0x00000000d4900000, 0x00000000d4900000| Untracked 
|  74|0x00000000d4a00000, 0x00000000d4a00000, 0x00000000d4b00000|  0%| F|  |TAMS 0x00000000d4a00000, 0x00000000d4a00000| Untracked 
|  75|0x00000000d4b00000, 0x00000000d4b00000, 0x00000000d4c00000|  0%| F|  |TAMS 0x00000000d4b00000, 0x00000000d4b00000| Untracked 
|  76|0x00000000d4c00000, 0x00000000d4c00000, 0x00000000d4d00000|  0%| F|  |TAMS 0x00000000d4c00000, 0x00000000d4c00000| Untracked 
|  77|0x00000000d4d00000, 0x00000000d4d00000, 0x00000000d4e00000|  0%| F|  |TAMS 0x00000000d4d00000, 0x00000000d4d00000| Untracked 
|  78|0x00000000d4e00000, 0x00000000d4e00000, 0x00000000d4f00000|  0%| F|  |TAMS 0x00000000d4e00000, 0x00000000d4e00000| Untracked 
|  79|0x00000000d4f00000, 0x00000000d4f00000, 0x00000000d5000000|  0%| F|  |TAMS 0x00000000d4f00000, 0x00000000d4f00000| Untracked 
|  80|0x00000000d5000000, 0x00000000d5000000, 0x00000000d5100000|  0%| F|  |TAMS 0x00000000d5000000, 0x00000000d5000000| Untracked 
|  81|0x00000000d5100000, 0x00000000d5100000, 0x00000000d5200000|  0%| F|  |TAMS 0x00000000d5100000, 0x00000000d5100000| Untracked 
|  82|0x00000000d5200000, 0x00000000d5200000, 0x00000000d5300000|  0%| F|  |TAMS 0x00000000d5200000, 0x00000000d5200000| Untracked 
|  83|0x00000000d5300000, 0x00000000d5300000, 0x00000000d5400000|  0%| F|  |TAMS 0x00000000d5300000, 0x00000000d5300000| Untracked 
|  84|0x00000000d5400000, 0x00000000d5400000, 0x00000000d5500000|  0%| F|  |TAMS 0x00000000d5400000, 0x00000000d5400000| Untracked 
|  85|0x00000000d5500000, 0x00000000d5500000, 0x00000000d5600000|  0%| F|  |TAMS 0x00000000d5500000, 0x00000000d5500000| Untracked 
|  86|0x00000000d5600000, 0x00000000d5600000, 0x00000000d5700000|  0%| F|  |TAMS 0x00000000d5600000, 0x00000000d5600000| Untracked 
|  87|0x00000000d5700000, 0x00000000d5700000, 0x00000000d5800000|  0%| F|  |TAMS 0x00000000d5700000, 0x00000000d5700000| Untracked 
|  88|0x00000000d5800000, 0x00000000d5800000, 0x00000000d5900000|  0%| F|  |TAMS 0x00000000d5800000, 0x00000000d5800000| Untracked 
|  89|0x00000000d5900000, 0x00000000d5900000, 0x00000000d5a00000|  0%| F|  |TAMS 0x00000000d5900000, 0x00000000d5900000| Untracked 
|  90|0x00000000d5a00000, 0x00000000d5a00000, 0x00000000d5b00000|  0%| F|  |TAMS 0x00000000d5a00000, 0x00000000d5a00000| Untracked 
|  91|0x00000000d5b00000, 0x00000000d5b00000, 0x00000000d5c00000|  0%| F|  |TAMS 0x00000000d5b00000, 0x00000000d5b00000| Untracked 
|  92|0x00000000d5c00000, 0x00000000d5c00000, 0x00000000d5d00000|  0%| F|  |TAMS 0x00000000d5c00000, 0x00000000d5c00000| Untracked 
|  93|0x00000000d5d00000, 0x00000000d5d00000, 0x00000000d5e00000|  0%| F|  |TAMS 0x00000000d5d00000, 0x00000000d5d00000| Untracked 
|  94|0x00000000d5e00000, 0x00000000d5e00000, 0x00000000d5f00000|  0%| F|  |TAMS 0x00000000d5e00000, 0x00000000d5e00000| Untracked 
|  95|0x00000000d5f00000, 0x00000000d5f00000, 0x00000000d6000000|  0%| F|  |TAMS 0x00000000d5f00000, 0x00000000d5f00000| Untracked 
|  96|0x00000000d6000000, 0x00000000d6000000, 0x00000000d6100000|  0%| F|  |TAMS 0x00000000d6000000, 0x00000000d6000000| Untracked 
|  97|0x00000000d6100000, 0x00000000d6100000, 0x00000000d6200000|  0%| F|  |TAMS 0x00000000d6100000, 0x00000000d6100000| Untracked 
|  98|0x00000000d6200000, 0x00000000d6200000, 0x00000000d6300000|  0%| F|  |TAMS 0x00000000d6200000, 0x00000000d6200000| Untracked 
|  99|0x00000000d6300000, 0x00000000d6300000, 0x00000000d6400000|  0%| F|  |TAMS 0x00000000d6300000, 0x00000000d6300000| Untracked 
| 100|0x00000000d6400000, 0x00000000d6400000, 0x00000000d6500000|  0%| F|  |TAMS 0x00000000d6400000, 0x00000000d6400000| Untracked 
| 101|0x00000000d6500000, 0x00000000d6500000, 0x00000000d6600000|  0%| F|  |TAMS 0x00000000d6500000, 0x00000000d6500000| Untracked 
| 102|0x00000000d6600000, 0x00000000d6600000, 0x00000000d6700000|  0%| F|  |TAMS 0x00000000d6600000, 0x00000000d6600000| Untracked 
| 103|0x00000000d6700000, 0x00000000d6700000, 0x00000000d6800000|  0%| F|  |TAMS 0x00000000d6700000, 0x00000000d6700000| Untracked 
| 104|0x00000000d6800000, 0x00000000d6800000, 0x00000000d6900000|  0%| F|  |TAMS 0x00000000d6800000, 0x00000000d6800000| Untracked 
| 105|0x00000000d6900000, 0x00000000d6900000, 0x00000000d6a00000|  0%| F|  |TAMS 0x00000000d6900000, 0x00000000d6900000| Untracked 
| 106|0x00000000d6a00000, 0x00000000d6a00000, 0x00000000d6b00000|  0%| F|  |TAMS 0x00000000d6a00000, 0x00000000d6a00000| Untracked 
| 107|0x00000000d6b00000, 0x00000000d6b00000, 0x00000000d6c00000|  0%| F|  |TAMS 0x00000000d6b00000, 0x00000000d6b00000| Untracked 
| 108|0x00000000d6c00000, 0x00000000d6c00000, 0x00000000d6d00000|  0%| F|  |TAMS 0x00000000d6c00000, 0x00000000d6c00000| Untracked 
| 109|0x00000000d6d00000, 0x00000000d6d00000, 0x00000000d6e00000|  0%| F|  |TAMS 0x00000000d6d00000, 0x00000000d6d00000| Untracked 
| 110|0x00000000d6e00000, 0x00000000d6e00000, 0x00000000d6f00000|  0%| F|  |TAMS 0x00000000d6e00000, 0x00000000d6e00000| Untracked 
| 111|0x00000000d6f00000, 0x00000000d6f00000, 0x00000000d7000000|  0%| F|  |TAMS 0x00000000d6f00000, 0x00000000d6f00000| Untracked 
| 112|0x00000000d7000000, 0x00000000d70a2928, 0x00000000d7100000| 63%| E|  |TAMS 0x00000000d7000000, 0x00000000d7000000| Complete 
| 113|0x00000000d7100000, 0x00000000d7200000, 0x00000000d7200000|100%| E|CS|TAMS 0x00000000d7100000, 0x00000000d7100000| Complete 
| 114|0x00000000d7200000, 0x00000000d7300000, 0x00000000d7300000|100%| E|CS|TAMS 0x00000000d7200000, 0x00000000d7200000| Complete 
| 115|0x00000000d7300000, 0x00000000d7400000, 0x00000000d7400000|100%| E|CS|TAMS 0x00000000d7300000, 0x00000000d7300000| Complete 
| 116|0x00000000d7400000, 0x00000000d7500000, 0x00000000d7500000|100%| E|CS|TAMS 0x00000000d7400000, 0x00000000d7400000| Complete 
| 117|0x00000000d7500000, 0x00000000d7600000, 0x00000000d7600000|100%| E|CS|TAMS 0x00000000d7500000, 0x00000000d7500000| Complete 

Card table byte_map: [0x00000272e17c0000,0x00000272e1940000] _byte_map_base: 0x00000272e1140000

Marking Bits (Prev, Next): (CMBitMap*) 0x00000272c9e18280, (CMBitMap*) 0x00000272c9e182c0
 Prev Bits: [0x00000272e1ac0000, 0x00000272e26c0000)
 Next Bits: [0x00000272e26c0000, 0x00000272e32c0000)

Polling page: 0x00000272c82f0000

Metaspace:

Usage:
  Non-class:     16.14 MB used.
      Class:      2.71 MB used.
       Both:     18.85 MB used.

Virtual space:
  Non-class space:       24.00 MB reserved,      16.31 MB ( 68%) committed,  3 nodes.
      Class space:        1.00 GB reserved,       2.88 MB ( <1%) committed,  1 nodes.
             Both:        1.02 GB reserved,      19.19 MB (  2%) committed. 

Chunk freelists:
   Non-Class:  3.61 MB
       Class:  1.14 MB
        Both:  4.75 MB

MaxMetaspaceSize: unlimited
CompressedClassSpaceSize: 1.00 GB
Initial GC threshold: 21.00 MB
Current GC threshold: 21.00 MB
CDS: on
MetaspaceReclaimPolicy: balanced
 - commit_granule_bytes: 65536.
 - commit_granule_words: 8192.
 - virtual_space_node_default_size: 1048576.
 - enlarge_chunks_in_place: 1.
 - new_chunks_are_fully_committed: 0.
 - uncommit_free_chunks: 1.
 - use_allocation_guard: 0.
 - handle_deallocations: 1.


Internal statistics:

num_allocs_failed_limit: 0.
num_arena_births: 210.
num_arena_deaths: 0.
num_vsnodes_births: 4.
num_vsnodes_deaths: 0.
num_space_committed: 307.
num_space_uncommitted: 0.
num_chunks_returned_to_freelist: 0.
num_chunks_taken_from_freelist: 900.
num_chunk_merges: 0.
num_chunk_splits: 592.
num_chunks_enlarged: 427.
num_purges: 0.
num_inconsistent_stats: 0.

CodeHeap 'non-profiled nmethods': size=119168Kb used=1416Kb max_used=1416Kb free=117751Kb
 bounds [0x00000272d9230000, 0x00000272d94a0000, 0x00000272e0690000]
CodeHeap 'profiled nmethods': size=119104Kb used=5817Kb max_used=5817Kb free=113287Kb
 bounds [0x00000272d1de0000, 0x00000272d2390000, 0x00000272d9230000]
CodeHeap 'non-nmethods': size=7488Kb used=2910Kb max_used=2963Kb free=4577Kb
 bounds [0x00000272d1690000, 0x00000272d1980000, 0x00000272d1de0000]
 total_blobs=3310 nmethods=2786 adapters=433
 compilation: enabled
              stopped_count=0, restarted_count=0
 full_count=0

Compilation events (20 events):
Event: 2.475 Thread 0x00000272e6c8d070 nmethod 2715 0x00000272d2364690 code [0x00000272d2364840, 0x00000272d23649d8]
Event: 2.475 Thread 0x00000272e6c96380 nmethod 2714 0x00000272d2366990 code [0x00000272d2366be0, 0x00000272d2367308]
Event: 2.475 Thread 0x00000272e6c8db90 nmethod 2707 0x00000272d2364b10 code [0x00000272d2364e40, 0x00000272d2366218]
Event: 2.475 Thread 0x00000272e6206a40 nmethod 2713 0x00000272d2367710 code [0x00000272d2367a20, 0x00000272d2368be8]
Event: 2.479 Thread 0x00000272e6206a40 2716       3       sun.nio.fs.WindowsPath::getFileSystem (5 bytes)
Event: 2.479 Thread 0x00000272e6206a40 nmethod 2716 0x00000272d2369190 code [0x00000272d2369320, 0x00000272d23694d8]
Event: 2.483 Thread 0x00000272e6205130 nmethod 2691 0x00000272d938ae10 code [0x00000272d938b080, 0x00000272d938c830]
Event: 2.483 Thread 0x00000272e6205130 2717       4       java.lang.StringLatin1::compareToCI (108 bytes)
Event: 2.483 Thread 0x00000272e6c96380 2718       3       jdk.internal.reflect.NativeConstructorAccessorImpl::<init> (10 bytes)
Event: 2.483 Thread 0x00000272e6c8d070 2719       3       jdk.internal.reflect.DelegatingConstructorAccessorImpl::<init> (10 bytes)
Event: 2.483 Thread 0x00000272e6c96380 nmethod 2718 0x00000272d2369590 code [0x00000272d2369740, 0x00000272d23699b8]
Event: 2.483 Thread 0x00000272e6c8d070 nmethod 2719 0x00000272d2369a90 code [0x00000272d2369c40, 0x00000272d2369ef8]
Event: 2.487 Thread 0x00000272e6205130 nmethod 2717 0x00000272d938d610 code [0x00000272d938d7c0, 0x00000272d938de78]
Event: 2.487 Thread 0x00000272e6205130 2704       4       jdk.internal.org.objectweb.asm.SymbolTable::addConstantUtf8Reference (101 bytes)
Event: 2.639 Thread 0x00000272e6c8d070 2720       3       java.util.concurrent.locks.ReentrantLock$NonfairSync::initialTryLock (58 bytes)
Event: 2.640 Thread 0x00000272e6c8d070 nmethod 2720 0x00000272d236a010 code [0x00000272d236a1e0, 0x00000272d236a5f8]
Event: 2.822 Thread 0x00000272e6c8db90 2721       3       java.util.concurrent.locks.AbstractQueuedSynchronizer::signalNext (34 bytes)
Event: 2.822 Thread 0x00000272e6c8db90 nmethod 2721 0x00000272d236a710 code [0x00000272d236a8e0, 0x00000272d236ab98]
Event: 3.135 Thread 0x00000272e6c8d070 2722       3       java.util.stream.ReferencePipeline::forEachWithCancel (23 bytes)
Event: 3.136 Thread 0x00000272e6c8d070 nmethod 2722 0x00000272d236ad10 code [0x00000272d236aee0, 0x00000272d236b298]

GC Heap History (8 events):
Event: 0.305 GC heap before
{Heap before GC invocations=0 (full 0):
 garbage-first heap   total 120832K, used 26624K [0x00000000d0000000, 0x0000000100000000)
  region size 1024K, 23 young (23552K), 0 survivors (0K)
 Metaspace       used 1118K, committed 1280K, reserved 1056768K
  class space    used 75K, committed 128K, reserved 1048576K
}
Event: 0.309 GC heap after
{Heap after GC invocations=1 (full 0):
 garbage-first heap   total 120832K, used 10448K [0x00000000d0000000, 0x0000000100000000)
  region size 1024K, 3 young (3072K), 3 survivors (3072K)
 Metaspace       used 1118K, committed 1280K, reserved 1056768K
  class space    used 75K, committed 128K, reserved 1048576K
}
Event: 0.715 GC heap before
{Heap before GC invocations=1 (full 0):
 garbage-first heap   total 120832K, used 40144K [0x00000000d0000000, 0x0000000100000000)
  region size 1024K, 32 young (32768K), 3 survivors (3072K)
 Metaspace       used 4353K, committed 4544K, reserved 1056768K
  class space    used 535K, committed 640K, reserved 1048576K
}
Event: 0.720 GC heap after
{Heap after GC invocations=2 (full 0):
 garbage-first heap   total 120832K, used 11977K [0x00000000d0000000, 0x0000000100000000)
  region size 1024K, 2 young (2048K), 2 survivors (2048K)
 Metaspace       used 4353K, committed 4544K, reserved 1056768K
  class space    used 535K, committed 640K, reserved 1048576K
}
Event: 1.686 GC heap before
{Heap before GC invocations=2 (full 0):
 garbage-first heap   total 120832K, used 80585K [0x00000000d0000000, 0x0000000100000000)
  region size 1024K, 68 young (69632K), 2 survivors (2048K)
 Metaspace       used 10579K, committed 10816K, reserved 1064960K
  class space    used 1408K, committed 1536K, reserved 1048576K
}
Event: 1.691 GC heap after
{Heap after GC invocations=3 (full 0):
 garbage-first heap   total 120832K, used 20318K [0x00000000d0000000, 0x0000000100000000)
  region size 1024K, 9 young (9216K), 9 survivors (9216K)
 Metaspace       used 10579K, committed 10816K, reserved 1064960K
  class space    used 1408K, committed 1536K, reserved 1048576K
}
Event: 2.446 GC heap before
{Heap before GC invocations=3 (full 0):
 garbage-first heap   total 120832K, used 76638K [0x00000000d0000000, 0x0000000100000000)
  region size 1024K, 65 young (66560K), 9 survivors (9216K)
 Metaspace       used 18711K, committed 19008K, reserved 1064960K
  class space    used 2684K, committed 2816K, reserved 1048576K
}
Event: 2.453 GC heap after
{Heap after GC invocations=4 (full 0):
 garbage-first heap   total 120832K, used 23629K [0x00000000d0000000, 0x0000000100000000)
  region size 1024K, 4 young (4096K), 4 survivors (4096K)
 Metaspace       used 18711K, committed 19008K, reserved 1064960K
  class space    used 2684K, committed 2816K, reserved 1048576K
}

Deoptimization events (20 events):
Event: 1.950 Thread 0x00000272e85858e0 DEOPT PACKING pc=0x00000272d924b938 sp=0x00000078d0efa9f0
Event: 1.950 Thread 0x00000272e85858e0 DEOPT UNPACKING pc=0x00000272d16e23a3 sp=0x00000078d0efa980 mode 2
Event: 1.988 Thread 0x00000272e85858e0 Uncommon trap: trap_request=0xffffff45 fr.pc=0x00000272d925300c relative=0x0000000000000a8c
Event: 1.988 Thread 0x00000272e85858e0 Uncommon trap: reason=unstable_if action=reinterpret pc=0x00000272d925300c method=java.io.WinNTFileSystem.resolve(Ljava/lang/String;Ljava/lang/String;)Ljava/lang/String; @ 19 c2
Event: 1.988 Thread 0x00000272e85858e0 DEOPT PACKING pc=0x00000272d925300c sp=0x00000078d0efb5a0
Event: 1.989 Thread 0x00000272e85858e0 DEOPT UNPACKING pc=0x00000272d16e23a3 sp=0x00000078d0efb548 mode 2
Event: 1.990 Thread 0x00000272e85858e0 DEOPT PACKING pc=0x00000272d1ec48bd sp=0x00000078d0efad90
Event: 1.990 Thread 0x00000272e85858e0 DEOPT UNPACKING pc=0x00000272d16e2b43 sp=0x00000078d0efa228 mode 0
Event: 1.990 Thread 0x00000272e85858e0 Uncommon trap: trap_request=0xffffff45 fr.pc=0x00000272d92ce0c0 relative=0x00000000000005a0
Event: 1.990 Thread 0x00000272e85858e0 Uncommon trap: reason=unstable_if action=reinterpret pc=0x00000272d92ce0c0 method=java.io.File.getName()Ljava/lang/String; @ 16 c2
Event: 1.990 Thread 0x00000272e85858e0 DEOPT PACKING pc=0x00000272d92ce0c0 sp=0x00000078d0efb550
Event: 1.990 Thread 0x00000272e85858e0 DEOPT UNPACKING pc=0x00000272d16e23a3 sp=0x00000078d0efb520 mode 2
Event: 2.132 Thread 0x00000272e85858e0 DEOPT PACKING pc=0x00000272d22a3749 sp=0x00000078d0ef9830
Event: 2.132 Thread 0x00000272e85858e0 DEOPT UNPACKING pc=0x00000272d16e2b43 sp=0x00000078d0ef8d40 mode 0
Event: 2.161 Thread 0x00000272e85858e0 DEOPT PACKING pc=0x00000272d22a3749 sp=0x00000078d0efbcb0
Event: 2.161 Thread 0x00000272e85858e0 DEOPT UNPACKING pc=0x00000272d16e2b43 sp=0x00000078d0efb1c0 mode 0
Event: 2.187 Thread 0x00000272e85858e0 DEOPT PACKING pc=0x00000272d22a376a sp=0x00000078d0efb010
Event: 2.187 Thread 0x00000272e85858e0 DEOPT UNPACKING pc=0x00000272d16e2b43 sp=0x00000078d0efa520 mode 0
Event: 2.196 Thread 0x00000272e85858e0 DEOPT PACKING pc=0x00000272d22a376a sp=0x00000078d0efb5b0
Event: 2.196 Thread 0x00000272e85858e0 DEOPT UNPACKING pc=0x00000272d16e2b43 sp=0x00000078d0efaac0 mode 0

Classes unloaded (0 events):
No events

Classes redefined (0 events):
No events

Internal exceptions (20 events):
Event: 1.733 Thread 0x00000272e85858e0 Exception <a 'java/lang/NoSuchMethodError'{0x00000000d71c5588}: 'void java.lang.invoke.DirectMethodHandle$Holder.invokeStatic(java.lang.Object, java.lang.Object)'> (0x00000000d71c5588) 
thrown [t:\workspace\open\src\hotspot\share\interpreter\linkResolver.cpp, line 766]
Event: 1.759 Thread 0x00000272e85858e0 Exception <a 'java/lang/NoSuchMethodError'{0x00000000d6f9c7d0}: 'java.lang.Object java.lang.invoke.DirectMethodHandle$Holder.newInvokeSpecial(java.lang.Object, java.lang.Object, java.lang.Object, java.lang.Object, java.lang.Object)'> (0x00000000d6f9c7d0) 
thrown [t:\workspace\open\src\hotspot\share\interpreter\linkResolver.cpp, line 766]
Event: 1.765 Thread 0x00000272e85858e0 Exception <a 'java/lang/NoSuchMethodError'{0x00000000d6e069e8}: 'int java.lang.invoke.DirectMethodHandle$Holder.invokeVirtual(java.lang.Object, java.lang.Object, java.lang.Object)'> (0x00000000d6e069e8) 
thrown [t:\workspace\open\src\hotspot\share\interpreter\linkResolver.cpp, line 766]
Event: 1.791 Thread 0x00000272e85858e0 Exception <a 'java/lang/NoSuchMethodError'{0x00000000d6c96530}: 'java.lang.Object java.lang.invoke.DirectMethodHandle$Holder.newInvokeSpecial(java.lang.Object, java.lang.Object, java.lang.Object, java.lang.Object, java.lang.Object, java.lang.Object)'> (0x00000000d6c96530) 
thrown [t:\workspace\open\src\hotspot\share\interpreter\linkResolver.cpp, line 766]
Event: 1.792 Thread 0x00000272e85858e0 Exception <a 'java/lang/NoSuchMethodError'{0x00000000d6caed60}: 'void java.lang.invoke.DirectMethodHandle$Holder.invokeSpecial(java.lang.Object, java.lang.Object, java.lang.Object, java.lang.Object, java.lang.Object)'> (0x00000000d6caed60) 
thrown [t:\workspace\open\src\hotspot\share\interpreter\linkResolver.cpp, line 766]
Event: 1.794 Thread 0x00000272e85858e0 Exception <a 'java/lang/NoSuchMethodError'{0x00000000d6cc7228}: 'void java.lang.invoke.DirectMethodHandle$Holder.invokeStaticInit(java.lang.Object, java.lang.Object)'> (0x00000000d6cc7228) 
thrown [t:\workspace\open\src\hotspot\share\interpreter\linkResolver.cpp, line 766]
Event: 1.828 Thread 0x00000272e85858e0 Exception <a 'java/lang/NoSuchMethodError'{0x00000000d69d6a00}: 'void java.lang.invoke.DelegatingMethodHandle$Holder.reinvoke_L(java.lang.Object, java.lang.Object, java.lang.Object, java.lang.Object, java.lang.Object, java.lang.Object, java.lang.Object, java.lang.Object, java.lang.Object, java.lang.Object)'> (0x00000000d69d6a00) 
thrown [t:\workspace\open\src\hotspot\share\interpreter\linkResolver.cpp, line 766]
Event: 1.828 Thread 0x00000272e85858e0 Exception <a 'java/lang/NoSuchMethodError'{0x00000000d69defb0}: 'java.lang.Object java.lang.invoke.DirectMethodHandle$Holder.invokeSpecial(java.lang.Object, java.lang.Object, java.lang.Object, java.lang.Object, java.lang.Object, java.lang.Object, java.lang.Object, java.lang.Object, java.lang.Object, java.lang.Object)'> (0x00000000d69defb0) 
thrown [t:\workspace\open\src\hotspot\share\interpreter\linkResolver.cpp, line 766]
Event: 1.828 Thread 0x00000272e85858e0 Exception <a 'java/lang/NoSuchMethodError'{0x00000000d69e3880}: 'java.lang.Object java.lang.invoke.Invokers$Holder.invoker(java.lang.Object, java.lang.Object, java.lang.Object, java.lang.Object, java.lang.Object, java.lang.Object, java.lang.Object, java.lang.Object, java.lang.Object, java.lang.Object)'> (0x00000000d69e3880) 
thrown [t:\workspace\open\src\hotspot\share\interpreter\linkResolver.cpp, line 766]
Event: 1.829 Thread 0x00000272e85858e0 Exception <a 'java/lang/NoSuchMethodError'{0x00000000d69ec598}: 'java.lang.Object java.lang.invoke.DirectMethodHandle$Holder.invokeSpecial(java.lang.Object, java.lang.Object, java.lang.Object, java.lang.Object, java.lang.Object, java.lang.Object, java.lang.Object, java.lang.Object, java.lang.Object, java.lang.Object, java.lang.Object)'> (0x00000000d69ec598) 
thrown [t:\workspace\open\src\hotspot\share\interpreter\linkResolver.cpp, line 766]
Event: 1.928 Thread 0x00000272e85858e0 Exception <a 'java/lang/NoSuchMethodError'{0x00000000d614c8b8}: 'java.lang.Object java.lang.invoke.DirectMethodHandle$Holder.newInvokeSpecial(java.lang.Object, java.lang.Object, int)'> (0x00000000d614c8b8) 
thrown [t:\workspace\open\src\hotspot\share\interpreter\linkResolver.cpp, line 766]
Event: 2.012 Thread 0x00000272e85858e0 Exception <a 'java/lang/NoSuchMethodError'{0x00000000d5cb5268}: 'int java.lang.invoke.DirectMethodHandle$Holder.invokeSpecialIFC(java.lang.Object, java.lang.Object, java.lang.Object, java.lang.Object)'> (0x00000000d5cb5268) 
thrown [t:\workspace\open\src\hotspot\share\interpreter\linkResolver.cpp, line 766]
Event: 2.014 Thread 0x00000272e85858e0 Exception <a 'java/lang/NoSuchMethodError'{0x00000000d5cc44f8}: 'java.lang.Object java.lang.invoke.DirectMethodHandle$Holder.invokeInterface(java.lang.Object, java.lang.Object, java.lang.Object)'> (0x00000000d5cc44f8) 
thrown [t:\workspace\open\src\hotspot\share\interpreter\linkResolver.cpp, line 766]
Event: 2.014 Thread 0x00000272e85858e0 Exception <a 'java/lang/IncompatibleClassChangeError'{0x00000000d5cc8110}: Found class java.lang.Object, but interface was expected> (0x00000000d5cc8110) 
thrown [t:\workspace\open\src\hotspot\share\interpreter\linkResolver.cpp, line 833]
Event: 2.036 Thread 0x00000272e85858e0 Exception <a 'java/lang/NoSuchMethodError'{0x00000000d5ab9998}: 'int java.lang.invoke.DirectMethodHandle$Holder.invokeStatic(java.lang.Object, java.lang.Object, java.lang.Object, java.lang.Object)'> (0x00000000d5ab9998) 
thrown [t:\workspace\open\src\hotspot\share\interpreter\linkResolver.cpp, line 766]
Event: 2.036 Thread 0x00000272e85858e0 Exception <a 'java/lang/NoSuchMethodError'{0x00000000d5abd5c0}: 'java.lang.Object java.lang.invoke.Invokers$Holder.invokeExact_MT(java.lang.Object, java.lang.Object, java.lang.Object, java.lang.Object, java.lang.Object, java.lang.Object)'> (0x00000000d5abd5c0) 
thrown [t:\workspace\open\src\hotspot\share\interpreter\linkResolver.cpp, line 766]
Event: 2.195 Thread 0x00000272e85858e0 Exception <a 'java/lang/NoSuchMethodError'{0x00000000d4d058a0}: 'int java.lang.invoke.DirectMethodHandle$Holder.invokeStaticInit(java.lang.Object, java.lang.Object, java.lang.Object)'> (0x00000000d4d058a0) 
thrown [t:\workspace\open\src\hotspot\share\interpreter\linkResolver.cpp, line 766]
Event: 2.374 Thread 0x00000272e85858e0 Exception <a 'java/lang/NoSuchMethodError'{0x00000000d417b3e0}: 'java.lang.Object java.lang.invoke.DirectMethodHandle$Holder.invokeVirtual(java.lang.Object, java.lang.Object, java.lang.Object, java.lang.Object)'> (0x00000000d417b3e0) 
thrown [t:\workspace\open\src\hotspot\share\interpreter\linkResolver.cpp, line 766]
Event: 2.426 Thread 0x00000272e85858e0 Exception <a 'java/lang/NoSuchMethodError'{0x00000000d3fb9020}: 'java.lang.Object java.lang.invoke.DirectMethodHandle$Holder.newInvokeSpecial(java.lang.Object, java.lang.Object, java.lang.Object, java.lang.Object, java.lang.Object, java.lang.Object, java.lang.Object)'> (0x00000000d3fb9020) 
thrown [t:\workspace\open\src\hotspot\share\interpreter\linkResolver.cpp, line 766]
Event: 2.427 Thread 0x00000272e85858e0 Exception <a 'java/lang/NoSuchMethodError'{0x00000000d3fbdcf0}: 'java.lang.Object java.lang.invoke.Invokers$Holder.linkToTargetMethod(java.lang.Object, java.lang.Object, java.lang.Object, java.lang.Object, java.lang.Object, java.lang.Object, java.lang.Object)'> (0x00000000d3fbdcf0) 
thrown [t:\workspace\open\src\hotspot\share\interpreter\linkResolver.cpp, line 766]

VM Operations (20 events):
Event: 1.243 Executing VM operation: HandshakeAllThreads done
Event: 1.399 Executing VM operation: HandshakeAllThreads
Event: 1.400 Executing VM operation: HandshakeAllThreads done
Event: 1.590 Executing VM operation: HandshakeAllThreads
Event: 1.590 Executing VM operation: HandshakeAllThreads done
Event: 1.605 Executing VM operation: ICBufferFull
Event: 1.605 Executing VM operation: ICBufferFull done
Event: 1.686 Executing VM operation: G1CollectForAllocation
Event: 1.691 Executing VM operation: G1CollectForAllocation done
Event: 1.815 Executing VM operation: HandshakeAllThreads
Event: 1.815 Executing VM operation: HandshakeAllThreads done
Event: 2.064 Executing VM operation: HandshakeAllThreads
Event: 2.064 Executing VM operation: HandshakeAllThreads done
Event: 2.064 Executing VM operation: HandshakeAllThreads
Event: 2.064 Executing VM operation: HandshakeAllThreads done
Event: 2.344 Executing VM operation: ICBufferFull
Event: 2.344 Executing VM operation: ICBufferFull done
Event: 2.446 Executing VM operation: G1CollectForAllocation
Event: 2.453 Executing VM operation: G1CollectForAllocation done
Event: 3.463 Executing VM operation: Cleanup

Events (20 events):
Event: 2.136 loading class java/security/KeyException done
Event: 2.136 loading class java/security/InvalidKeyException done
Event: 2.139 loading class java/lang/management/MemoryType
Event: 2.140 loading class java/lang/management/MemoryType done
Event: 2.140 loading class java/lang/management/MemoryUsage
Event: 2.140 loading class java/lang/management/MemoryUsage done
Event: 2.140 loading class java/util/concurrent/LinkedBlockingDeque$Node
Event: 2.140 loading class java/util/concurrent/LinkedBlockingDeque$Node done
Event: 2.150 Thread 0x00000272e979c2e0 Thread added: 0x00000272e979c2e0
Event: 2.354 loading class javax/xml/parsers/ParserConfigurationException
Event: 2.354 loading class javax/xml/parsers/ParserConfigurationException done
Event: 2.354 loading class org/xml/sax/SAXException
Event: 2.355 loading class org/xml/sax/SAXException done
Event: 2.355 loading class javax/xml/xpath/XPathExpressionException
Event: 2.355 loading class javax/xml/xpath/XPathException
Event: 2.355 loading class javax/xml/xpath/XPathException done
Event: 2.355 loading class javax/xml/xpath/XPathExpressionException done
Event: 2.355 loading class org/xml/sax/ErrorHandler
Event: 2.355 loading class org/xml/sax/ErrorHandler done
Event: 3.496 Thread 0x00000272e6c96380 Thread exited: 0x00000272e6c96380


Dynamic libraries:
0x00007ff666710000 - 0x00007ff66671e000 	C:\Program Files\Java\jdk-17.0.2\bin\java.exe
0x00007ffed4480000 - 0x00007ffed46e0000 	C:\WINDOWS\SYSTEM32\ntdll.dll
0x00007ffea7330000 - 0x00007ffea734a000 	C:\Program Files\Norton\Suite\aswhook.dll
0x00007ffed2550000 - 0x00007ffed2617000 	C:\WINDOWS\System32\KERNEL32.DLL
0x00007ffed1660000 - 0x00007ffed1a2a000 	C:\WINDOWS\System32\KERNELBASE.dll
0x00007ffed1cf0000 - 0x00007ffed1e3b000 	C:\WINDOWS\System32\ucrtbase.dll
0x00007ffe92620000 - 0x00007ffe92638000 	C:\Program Files\Java\jdk-17.0.2\bin\jli.dll
0x00007ffe92600000 - 0x00007ffe9261a000 	C:\Program Files\Java\jdk-17.0.2\bin\VCRUNTIME140.dll
0x00007ffed2380000 - 0x00007ffed254c000 	C:\WINDOWS\System32\USER32.dll
0x00007ffed21b0000 - 0x00007ffed21d7000 	C:\WINDOWS\System32\win32u.dll
0x00007ffeb02c0000 - 0x00007ffeb0557000 	C:\WINDOWS\WinSxS\amd64_microsoft.windows.common-controls_6595b64144ccf1df_6.0.26100.3624_none_3e086962e3345f24\COMCTL32.dll
0x00007ffed2bb0000 - 0x00007ffed2bda000 	C:\WINDOWS\System32\GDI32.dll
0x00007ffed2660000 - 0x00007ffed2709000 	C:\WINDOWS\System32\msvcrt.dll
0x00007ffed1e40000 - 0x00007ffed1f71000 	C:\WINDOWS\System32\gdi32full.dll
0x00007ffed1f80000 - 0x00007ffed2023000 	C:\WINDOWS\System32\msvcp_win.dll
0x00007ffed2620000 - 0x00007ffed264f000 	C:\WINDOWS\System32\IMM32.DLL
0x00007ffebfce0000 - 0x00007ffebfcec000 	C:\Program Files\Java\jdk-17.0.2\bin\vcruntime140_1.dll
0x00007ffe75cf0000 - 0x00007ffe75d7d000 	C:\Program Files\Java\jdk-17.0.2\bin\msvcp140.dll
0x00007ffe37720000 - 0x00007ffe382e1000 	C:\Program Files\Java\jdk-17.0.2\bin\server\jvm.dll
0x00007ffed3c40000 - 0x00007ffed3cf2000 	C:\WINDOWS\System32\ADVAPI32.dll
0x00007ffed29a0000 - 0x00007ffed2a46000 	C:\WINDOWS\System32\sechost.dll
0x00007ffed3710000 - 0x00007ffed3826000 	C:\WINDOWS\System32\RPCRT4.dll
0x00007ffed2280000 - 0x00007ffed2288000 	C:\WINDOWS\System32\PSAPI.DLL
0x00007ffec1c80000 - 0x00007ffec1c8a000 	C:\WINDOWS\SYSTEM32\WSOCK32.dll
0x00007ffec84c0000 - 0x00007ffec84f6000 	C:\WINDOWS\SYSTEM32\WINMM.dll
0x00007ffec8500000 - 0x00007ffec850b000 	C:\WINDOWS\SYSTEM32\VERSION.dll
0x00007ffed2bf0000 - 0x00007ffed2c64000 	C:\WINDOWS\System32\WS2_32.dll
0x00007ffed0450000 - 0x00007ffed046a000 	C:\WINDOWS\SYSTEM32\kernel.appcore.dll
0x00007ffebfc40000 - 0x00007ffebfc4a000 	C:\Program Files\Java\jdk-17.0.2\bin\jimage.dll
0x00007ffecf060000 - 0x00007ffecf2a1000 	C:\WINDOWS\SYSTEM32\DBGHELP.DLL
0x00007ffed38b0000 - 0x00007ffed3c32000 	C:\WINDOWS\System32\combase.dll
0x00007ffed28c0000 - 0x00007ffed2996000 	C:\WINDOWS\System32\OLEAUT32.dll
0x00007ffec5320000 - 0x00007ffec5359000 	C:\WINDOWS\SYSTEM32\dbgcore.DLL
0x00007ffed21e0000 - 0x00007ffed2279000 	C:\WINDOWS\System32\bcryptPrimitives.dll
0x00007ffe9a130000 - 0x00007ffe9a13e000 	C:\Program Files\Java\jdk-17.0.2\bin\instrument.dll
0x00007ffe92080000 - 0x00007ffe920a5000 	C:\Program Files\Java\jdk-17.0.2\bin\java.dll
0x00007ffe651c0000 - 0x00007ffe65296000 	C:\Program Files\Java\jdk-17.0.2\bin\jsvml.dll
0x00007ffed2c70000 - 0x00007ffed3399000 	C:\WINDOWS\System32\SHELL32.dll
0x00007ffed1a30000 - 0x00007ffed1b98000 	C:\WINDOWS\System32\wintypes.dll
0x00007ffecf2e0000 - 0x00007ffecfb32000 	C:\WINDOWS\SYSTEM32\windows.storage.dll
0x00007ffed2290000 - 0x00007ffed237d000 	C:\WINDOWS\System32\SHCORE.dll
0x00007ffed2ae0000 - 0x00007ffed2b44000 	C:\WINDOWS\System32\shlwapi.dll
0x00007ffed1570000 - 0x00007ffed159f000 	C:\WINDOWS\SYSTEM32\profapi.dll
0x00007ffe75cd0000 - 0x00007ffe75ce8000 	C:\Program Files\Java\jdk-17.0.2\bin\zip.dll
0x00007ffe92060000 - 0x00007ffe92079000 	C:\Program Files\Java\jdk-17.0.2\bin\net.dll
0x00007ffeca180000 - 0x00007ffeca29d000 	C:\WINDOWS\SYSTEM32\WINHTTP.dll
0x00007ffed0990000 - 0x00007ffed09fa000 	C:\WINDOWS\system32\mswsock.dll
0x00007ffe91ef0000 - 0x00007ffe91f06000 	C:\Program Files\Java\jdk-17.0.2\bin\nio.dll
0x00007ffeb4940000 - 0x00007ffeb4950000 	C:\Program Files\Java\jdk-17.0.2\bin\verify.dll
0x00007ffe92660000 - 0x00007ffe92687000 	C:\Users\bilal\.gradle\native\c067742578af261105cb4f569cf0c3c89f3d7b1fecec35dd04571415982c5e48\windows-amd64\native-platform.dll
0x00007ffe3fb80000 - 0x00007ffe3fcc4000 	C:\Users\bilal\.gradle\native\100fb08df4bc3b14c8652ba06237920a3bd2aa13389f12d3474272988ae205f9\windows-amd64\native-platform-file-events.dll
0x00007ffe9b5c0000 - 0x00007ffe9b5c9000 	C:\Program Files\Java\jdk-17.0.2\bin\management.dll
0x00007ffe9b4f0000 - 0x00007ffe9b4fb000 	C:\Program Files\Java\jdk-17.0.2\bin\management_ext.dll
0x00007ffed0c30000 - 0x00007ffed0c4c000 	C:\WINDOWS\SYSTEM32\CRYPTSP.dll
0x00007ffed03a0000 - 0x00007ffed03da000 	C:\WINDOWS\system32\rsaenh.dll
0x00007ffed0a30000 - 0x00007ffed0a5b000 	C:\WINDOWS\SYSTEM32\USERENV.dll
0x00007ffed1540000 - 0x00007ffed1566000 	C:\WINDOWS\SYSTEM32\bcrypt.dll
0x00007ffed0c50000 - 0x00007ffed0c5c000 	C:\WINDOWS\SYSTEM32\CRYPTBASE.dll
0x00007ffecfea0000 - 0x00007ffecfed3000 	C:\WINDOWS\SYSTEM32\IPHLPAPI.DLL
0x00007ffed3650000 - 0x00007ffed365a000 	C:\WINDOWS\System32\NSI.dll
0x00007ffecada0000 - 0x00007ffecadbf000 	C:\WINDOWS\SYSTEM32\dhcpcsvc6.DLL
0x00007ffeca470000 - 0x00007ffeca495000 	C:\WINDOWS\SYSTEM32\dhcpcsvc.DLL
0x00007ffecff40000 - 0x00007ffed0065000 	C:\WINDOWS\SYSTEM32\DNSAPI.dll
0x00007ffe996c0000 - 0x00007ffe996ce000 	C:\Program Files\Java\jdk-17.0.2\bin\sunmscapi.dll
0x00007ffed2030000 - 0x00007ffed21a7000 	C:\WINDOWS\System32\CRYPT32.dll
0x00007ffed0e30000 - 0x00007ffed0e60000 	C:\WINDOWS\SYSTEM32\ncrypt.dll
0x00007ffed0de0000 - 0x00007ffed0e1f000 	C:\WINDOWS\SYSTEM32\NTASN1.dll
0x00007ffe9b860000 - 0x00007ffe9b868000 	C:\WINDOWS\system32\wshunix.dll

dbghelp: loaded successfully - version: 4.0.5 - missing functions: none
symbol engine: initialized successfully - sym options: 0x614 - pdb path: .;C:\Program Files\Java\jdk-17.0.2\bin;C:\WINDOWS\SYSTEM32;C:\Program Files\Norton\Suite;C:\WINDOWS\WinSxS\amd64_microsoft.windows.common-controls_6595b64144ccf1df_6.0.26100.3624_none_3e086962e3345f24;C:\Program Files\Java\jdk-17.0.2\bin\server;C:\Users\bilal\.gradle\native\c067742578af261105cb4f569cf0c3c89f3d7b1fecec35dd04571415982c5e48\windows-amd64;C:\Users\bilal\.gradle\native\100fb08df4bc3b14c8652ba06237920a3bd2aa13389f12d3474272988ae205f9\windows-amd64

VM Arguments:
jvm_args: --add-opens=java.base/java.util=ALL-UNNAMED --add-opens=java.base/java.lang=ALL-UNNAMED --add-opens=java.base/java.lang.invoke=ALL-UNNAMED --add-opens=java.prefs/java.util.prefs=ALL-UNNAMED --add-exports=jdk.compiler/com.sun.tools.javac.api=ALL-UNNAMED --add-exports=jdk.compiler/com.sun.tools.javac.util=ALL-UNNAMED --add-opens=java.base/java.nio.charset=ALL-UNNAMED --add-opens=java.base/java.net=ALL-UNNAMED --add-opens=java.base/java.util.concurrent.atomic=ALL-UNNAMED -Xmx768m -Dfile.encoding=UTF-8 -Duser.country=FR -Duser.language=fr -Duser.variant -javaagent:C:\Users\bilal\.gradle\wrapper\dists\gradle-8.9-bin\90cnw93cvbtalezasaz0blq0a\gradle-8.9\lib\agents\gradle-instrumentation-agent-8.9.jar 
java_command: org.gradle.launcher.daemon.bootstrap.GradleDaemon 8.9
java_class_path (initial): C:\Users\bilal\.gradle\wrapper\dists\gradle-8.9-bin\90cnw93cvbtalezasaz0blq0a\gradle-8.9\lib\gradle-daemon-main-8.9.jar
Launcher Type: SUN_STANDARD

[Global flags]
     intx CICompilerCount                          = 12                                        {product} {ergonomic}
     uint ConcGCThreads                            = 3                                         {product} {ergonomic}
     uint G1ConcRefinementThreads                  = 13                                        {product} {ergonomic}
   size_t G1HeapRegionSize                         = 1048576                                   {product} {ergonomic}
    uintx GCDrainStackTargetSize                   = 64                                        {product} {ergonomic}
   size_t InitialHeapSize                          = 123731968                                 {product} {ergonomic}
   size_t MarkStackSize                            = 4194304                                   {product} {ergonomic}
   size_t MaxHeapSize                              = 805306368                                 {product} {command line}
   size_t MaxNewSize                               = 482344960                                 {product} {ergonomic}
   size_t MinHeapDeltaBytes                        = 1048576                                   {product} {ergonomic}
   size_t MinHeapSize                              = 8388608                                   {product} {ergonomic}
    uintx NonNMethodCodeHeapSize                   = 7602480                                {pd product} {ergonomic}
    uintx NonProfiledCodeHeapSize                  = 122027880                              {pd product} {ergonomic}
    uintx ProfiledCodeHeapSize                     = 122027880                              {pd product} {ergonomic}
    uintx ReservedCodeCacheSize                    = 251658240                              {pd product} {ergonomic}
     bool SegmentedCodeCache                       = true                                      {product} {ergonomic}
   size_t SoftMaxHeapSize                          = 805306368                              {manageable} {ergonomic}
     bool UseCompressedClassPointers               = true                           {product lp64_product} {ergonomic}
     bool UseCompressedOops                        = true                           {product lp64_product} {ergonomic}
     bool UseG1GC                                  = true                                      {product} {ergonomic}
     bool UseLargePagesIndividualAllocation        = false                                  {pd product} {ergonomic}

Logging:
Log output configuration:
 #0: stdout all=warning uptime,level,tags
 #1: stderr all=off uptime,level,tags

Environment Variables:
JAVA_HOME=C:\Program Files\Java\jdk-17.0.2
CLASSPATH=C:\Users\bilal\AndroidStudioProjects\25-airlocunlock\\gradle\wrapper\gradle-wrapper.jar
PATH=C:\Program Files (x86)\Common Files\Oracle\Java\java8path;C:\Program Files (x86)\Common Files\Oracle\Java\javapath;C:\Program Files (x86)\VMware\VMware Player\bin\;C:\WINDOWS\system32;C:\WINDOWS;C:\WINDOWS\System32\Wbem;C:\WINDOWS\System32\WindowsPowerShell\v1.0\;C:\WINDOWS\System32\OpenSSH\;C:\Program Files\GitHub CLI\;C:\Program Files\nodejs\;C:\Program Files\Git\cmd;C:\Program Files\Java\jdk-17.0.2\bin;C:\Users\bilal\AppData\Local\Programs\Eclipse Adoptium\jdk-21.0.6.7-hotspot\bin;C:\Users\bilal\AppData\Local\Programs\Python\Python312\Scripts\;C:\Users\bilal\AppData\Local\Programs\Python\Python312\;C:\Users\bilal\AppData\Local\Programs\Python\Launcher\;C:\Users\bilal\AppData\Local\Microsoft\WindowsApps;;C:\Users\bilal\AppData\Local\Programs\Microsoft VS Code\bin;C:\Users\bilal\AppData\Roaming\npm
USERNAME=bilal
OS=Windows_NT
PROCESSOR_IDENTIFIER=AMD64 Family 25 Model 80 Stepping 0, AuthenticAMD



---------------  S Y S T E M  ---------------

OS:
 Windows 11 , 64 bit Build 26100 (10.0.26100.3775)
OS uptime: 0 days 3:42 hours
Hyper-V role detected

CPU: total 16 (initial active 16) (16 cores per cpu, 2 threads per core) family 25 model 80 stepping 0 microcode 0xa50000c, cx8, cmov, fxsr, ht, mmx, 3dnowpref, sse, sse2, sse3, ssse3, sse4a, sse4.1, sse4.2, popcnt, lzcnt, tsc, tscinvbit, avx, avx2, aes, erms, clmul, bmi1, bmi2, adx, sha, fma, vzeroupper, clflush, clflushopt, hv

Memory: 4k page, system-wide physical 7471M (742M free)
TotalPageFile size 9519M (AvailPageFile size 9M)
current process WorkingSet (physical memory assigned to process): 231M, peak: 234M
current process commit charge ("private bytes"): 310M, peak: 314M

vm_info: OpenJDK 64-Bit Server VM (17.0.2+8-86) for windows-amd64 JRE (17.0.2+8-86), built on Dec  7 2021 21:49:10 by "mach5one" with MS VC++ 16.8 / 16.9 (VS2019)

END.
