#
# There is insufficient memory for the Java Runtime Environment to continue.
# Native memory allocation (mmap) failed to map 58720256 bytes for G1 virtual space
# Possible reasons:
#   The system is out of physical RAM or swap space
#   The process is running with CompressedOops enabled, and the Java Heap may be blocking the growth of the native heap
# Possible solutions:
#   Reduce memory load on the system
#   Increase physical memory or swap space
#   Check if swap backing store is full
#   Decrease Java heap size (-Xmx/-Xms)
#   Decrease number of Java threads
#   Decrease Java thread stack sizes (-Xss)
#   Set larger code cache with -XX:ReservedCodeCacheSize=
#   JVM is running with Unscaled Compressed Oops mode in which the Java heap is
#     placed in the first 4GB address space. The Java Heap base address is the
#     maximum limit for the native heap growth. Please use -XX:HeapBaseMinAddress
#     to set the Java Heap base and to place the Java Heap above 4GB virtual address.
# This output file may be truncated or incomplete.
#
#  Out of Memory Error (os_windows.cpp:3532), pid=19816, tid=15500
#
# JRE version: OpenJDK Runtime Environment (17.0.2+8) (build 17.0.2+8-86)
# Java VM: OpenJDK 64-Bit Server VM (17.0.2+8-86, mixed mode, sharing, tiered, compressed oops, compressed class ptrs, g1 gc, windows-amd64)
# No core dump will be written. Minidumps are not enabled by default on client versions of Windows
#

---------------  S U M M A R Y ------------

Command Line: --add-opens=java.base/java.util=ALL-UNNAMED --add-opens=java.base/java.lang=ALL-UNNAMED --add-opens=java.base/java.lang.invoke=ALL-UNNAMED --add-opens=java.prefs/java.util.prefs=ALL-UNNAMED --add-exports=jdk.compiler/com.sun.tools.javac.api=ALL-UNNAMED --add-exports=jdk.compiler/com.sun.tools.javac.util=ALL-UNNAMED --add-opens=java.base/java.nio.charset=ALL-UNNAMED --add-opens=java.base/java.net=ALL-UNNAMED --add-opens=java.base/java.util.concurrent.atomic=ALL-UNNAMED -Xmx768m -Dfile.encoding=UTF-8 -Duser.country=FR -Duser.language=fr -Duser.variant -javaagent:C:\Users\bilal\.gradle\wrapper\dists\gradle-8.9-bin\90cnw93cvbtalezasaz0blq0a\gradle-8.9\lib\agents\gradle-instrumentation-agent-8.9.jar org.gradle.launcher.daemon.bootstrap.GradleDaemon 8.9

Host: AMD Ryzen 7 5700G with Radeon Graphics         , 16 cores, 7G,  Windows 11 , 64 bit Build 26100 (10.0.26100.3775)
Time: Sat Apr 12 16:05:57 2025 Paris, Madrid (heure duild 26100 (10.0.26100.3775) elapsed time: 15.584697 seconds (0d 0h 0m 15s)

---------------  T H R E A D  ---------------

Current thread (0x000002c7395bdbd0):  VMThread "VM Thread" [stack: 0x000000d239a00000,0x000000d239b00000] [id=15500]

Stack: [0x000000d239a00000,0x000000d239b00000]
Native frames: (J=compiled Java code, j=interpreted, Vv=VM code, C=native code)
V  [jvm.dll+0x670baa]
V  [jvm.dll+0x7cfcb4]
V  [jvm.dll+0x7d145e]
V  [jvm.dll+0x7d1ac3]
V  [jvm.dll+0x242bc5]
V  [jvm.dll+0x66dac9]
V  [jvm.dll+0x662412]
V  [jvm.dll+0x300c0b]
V  [jvm.dll+0x3081a6]
V  [jvm.dll+0x357d0e]
V  [jvm.dll+0x357f3f]
V  [jvm.dll+0x2d7ec8]
V  [jvm.dll+0x2d6194]
V  [jvm.dll+0x2d579c]
V  [jvm.dll+0x3190eb]
V  [jvm.dll+0x7d5f9b]
V  [jvm.dll+0x7d6cd4]
V  [jvm.dll+0x7d71ec]
V  [jvm.dll+0x7d75c4]
V  [jvm.dll+0x7d7690]
V  [jvm.dll+0x77ff7a]
V  [jvm.dll+0x66fa35]
C  [ucrtbase.dll+0x37b0]
C  [KERNEL32.DLL+0x2e8d7]
C  [ntdll.dll+0xb14fc]

VM_Operation (0x000000d23dcfb6e0): G1CollectForAllocation, mode: safepoint, requested by thread 0x000002c73e250cd0


---------------  P R O C E S S  ---------------

Threads class SMR info:
_java_thread_list=0x000002c740796cc0, length=50, elements={
0x000002c71d1686b0, 0x000002c7395c1110, 0x000002c7395c3c00, 0x000002c7395d8d70,
0x000002c7395d9240, 0x000002c7395d9710, 0x000002c7395dec00, 0x000002c7395e2900,
0x000002c7395ede40, 0x000002c73961e340, 0x000002c73a0a9b90, 0x000002c73a0af370,
0x000002c73a0b7d30, 0x000002c73a0ba600, 0x000002c73a1d4be0, 0x000002c73b5338e0,
0x000002c73b5620d0, 0x000002c73b2c85e0, 0x000002c73bc26020, 0x000002c73a3f7060,
0x000002c73bae8110, 0x000002c73bb4b040, 0x000002c73bb70ba0, 0x000002c73bb72880,
0x000002c73bb736f0, 0x000002c73bb706d0, 0x000002c73bb71ee0, 0x000002c73bb723b0,
0x000002c73aedefa0, 0x000002c73bb72d50, 0x000002c73bb73bc0, 0x000002c73bb71540,
0x000002c73bb71a10, 0x000002c73bb73220, 0x000002c73bb70200, 0x000002c73eacea30,
0x000002c73eacb070, 0x000002c73eaccd50, 0x000002c73eacd220, 0x000002c73eacf8a0,
0x000002c73ead0240, 0x000002c73ead23f0, 0x000002c7401bd6c0, 0x000002c73e24c4a0,
0x000002c73e24c970, 0x000002c73e24e650, 0x000002c73e24ce40, 0x000002c73e24dcb0,
0x000002c73e24d7e0, 0x000002c73e250cd0
}

Java Threads: ( => current thread )
  0x000002c71d1686b0 JavaThread "main" [_thread_blocked, id=12040, stack(0x000000d239400000,0x000000d239500000)]
  0x000002c7395c1110 JavaThread "Reference Handler" daemon [_thread_blocked, id=3064, stack(0x000000d239b00000,0x000000d239c00000)]
  0x000002c7395c3c00 JavaThread "Finalizer" daemon [_thread_blocked, id=6056, stack(0x000000d239c00000,0x000000d239d00000)]
  0x000002c7395d8d70 JavaThread "Signal Dispatcher" daemon [_thread_blocked, id=5828, stack(0x000000d239d00000,0x000000d239e00000)]
  0x000002c7395d9240 JavaThread "Attach Listener" daemon [_thread_blocked, id=14660, stack(0x000000d239e00000,0x000000d239f00000)]
  0x000002c7395d9710 JavaThread "Service Thread" daemon [_thread_blocked, id=11356, stack(0x000000d239f00000,0x000000d23a000000)]
  0x000002c7395dec00 JavaThread "Monitor Deflation Thread" daemon [_thread_blocked, id=13048, stack(0x000000d23a000000,0x000000d23a100000)]
  0x000002c7395e2900 JavaThread "C2 CompilerThread0" daemon [_thread_blocked, id=11068, stack(0x000000d23a100000,0x000000d23a200000)]
  0x000002c7395ede40 JavaThread "C1 CompilerThread0" daemon [_thread_blocked, id=4756, stack(0x000000d23a200000,0x000000d23a300000)]
  0x000002c73961e340 JavaThread "Sweeper thread" daemon [_thread_blocked, id=7852, stack(0x000000d23a300000,0x000000d23a400000)]
  0x000002c73a0a9b90 JavaThread "Common-Cleaner" daemon [_thread_blocked, id=12176, stack(0x000000d23a400000,0x000000d23a500000)]
  0x000002c73a0af370 JavaThread "C1 CompilerThread1" daemon [_thread_blocked, id=14708, stack(0x000000d23a500000,0x000000d23a600000)]
  0x000002c73a0b7d30 JavaThread "C1 CompilerThread2" daemon [_thread_blocked, id=11088, stack(0x000000d23a600000,0x000000d23a700000)]
  0x000002c73a0ba600 JavaThread "C1 CompilerThread3" daemon [_thread_blocked, id=13184, stack(0x000000d23a700000,0x000000d23a800000)]
  0x000002c73a1d4be0 JavaThread "Notification Thread" daemon [_thread_blocked, id=6844, stack(0x000000d23a900000,0x000000d23aa00000)]
  0x000002c73b5338e0 JavaThread "Daemon health stats" [_thread_blocked, id=19384, stack(0x000000d23b000000,0x000000d23b100000)]
  0x000002c73b5620d0 JavaThread "Incoming local TCP Connector on port 62840" [_thread_in_native, id=17236, stack(0x000000d23b100000,0x000000d23b200000)]
  0x000002c73b2c85e0 JavaThread "Daemon periodic checks" [_thread_blocked, id=10724, stack(0x000000d23b200000,0x000000d23b300000)]
  0x000002c73bc26020 JavaThread "Daemon" [_thread_blocked, id=12724, stack(0x000000d23a800000,0x000000d23a900000)]
  0x000002c73a3f7060 JavaThread "Handler for socket connection from /127.0.0.1:62840 to /127.0.0.1:62841" [_thread_in_native, id=8764, stack(0x000000d23b300000,0x000000d23b400000)]
  0x000002c73bae8110 JavaThread "Cancel handler" [_thread_blocked, id=19752, stack(0x000000d23b400000,0x000000d23b500000)]
  0x000002c73bb4b040 JavaThread "Daemon worker" [_thread_blocked, id=18696, stack(0x000000d23b500000,0x000000d23b600000)]
  0x000002c73bb70ba0 JavaThread "Asynchronous log dispatcher for DefaultDaemonConnection: socket connection from /127.0.0.1:62840 to /127.0.0.1:62841" [_thread_blocked, id=7992, stack(0x000000d23b600000,0x000000d23b700000)]
  0x000002c73bb72880 JavaThread "Stdin handler" [_thread_blocked, id=14540, stack(0x000000d23b700000,0x000000d23b800000)]
  0x000002c73bb736f0 JavaThread "Daemon client event forwarder" [_thread_blocked, id=18132, stack(0x000000d23b800000,0x000000d23b900000)]
  0x000002c73bb706d0 JavaThread "Cache worker for journal cache (C:\Users\bilal\.gradle\caches\journal-1)" [_thread_blocked, id=19212, stack(0x000000d23b900000,0x000000d23ba00000)]
  0x000002c73bb71ee0 JavaThread "File lock request listener" [_thread_in_native, id=3020, stack(0x000000d23ba00000,0x000000d23bb00000)]
  0x000002c73bb723b0 JavaThread "Cache worker for file hash cache (C:\Users\bilal\.gradle\caches\8.9\fileHashes)" [_thread_blocked, id=13572, stack(0x000000d23bb00000,0x000000d23bc00000)]
  0x000002c73aedefa0 JavaThread "C2 CompilerThread1" daemon [_thread_blocked, id=12556, stack(0x000000d23bc00000,0x000000d23bd00000)]
  0x000002c73bb72d50 JavaThread "Cache worker for file hash cache (C:\Users\bilal\AndroidStudioProjects\25-airlocunlock\.gradle\8.9\fileHashes)" [_thread_blocked, id=11968, stack(0x000000d23c500000,0x000000d23c600000)]
  0x000002c73bb73bc0 JavaThread "Cache worker for Build Output Cleanup Cache (C:\Users\bilal\AndroidStudioProjects\25-airlocunlock\.gradle\buildOutputCleanup)" [_thread_blocked, id=18952, stack(0x000000d23c600000,0x000000d23c700000)]
  0x000002c73bb71540 JavaThread "File watcher server" daemon [_thread_blocked, id=6604, stack(0x000000d23c900000,0x000000d23ca00000)]
  0x000002c73bb71a10 JavaThread "File watcher consumer" daemon [_thread_blocked, id=19184, stack(0x000000d23ca00000,0x000000d23cb00000)]
  0x000002c73bb73220 JavaThread "Cache worker for checksums cache (C:\Users\bilal\AndroidStudioProjects\25-airlocunlock\.gradle\8.9\checksums)" [_thread_blocked, id=12180, stack(0x000000d23cb00000,0x000000d23cc00000)]
  0x000002c73bb70200 JavaThread "Cache worker for file content cache (C:\Users\bilal\.gradle\caches\8.9\fileContent)" [_thread_blocked, id=18028, stack(0x000000d23cc00000,0x000000d23cd00000)]
  0x000002c73eacea30 JavaThread "Cache worker for cache directory md-rule (C:\Users\bilal\.gradle\caches\8.9\md-rule)" [_thread_blocked, id=17732, stack(0x000000d23cd00000,0x000000d23ce00000)]
  0x000002c73eacb070 JavaThread "Cache worker for cache directory md-supplier (C:\Users\bilal\.gradle\caches\8.9\md-supplier)" [_thread_blocked, id=9792, stack(0x000000d23ce00000,0x000000d23cf00000)]
  0x000002c73eaccd50 JavaThread "Unconstrained build operations" [_thread_blocked, id=6012, stack(0x000000d23cf00000,0x000000d23d000000)]
  0x000002c73eacd220 JavaThread "Unconstrained build operations Thread 2" [_thread_blocked, id=15740, stack(0x000000d23d000000,0x000000d23d100000)]
  0x000002c73eacf8a0 JavaThread "Unconstrained build operations Thread 3" [_thread_blocked, id=5916, stack(0x000000d23d300000,0x000000d23d400000)]
  0x000002c73ead0240 JavaThread "Memory manager" [_thread_blocked, id=6092, stack(0x000000d23d400000,0x000000d23d500000)]
  0x000002c73ead23f0 JavaThread "build event listener" [_thread_blocked, id=13404, stack(0x000000d23d500000,0x000000d23d600000)]
  0x000002c7401bd6c0 JavaThread "C2 CompilerThread2" daemon [_thread_blocked, id=3676, stack(0x000000d23bd00000,0x000000d23be00000)]
  0x000002c73e24c4a0 JavaThread "included builds" [_thread_blocked, id=15872, stack(0x000000d23d600000,0x000000d23d700000)]
  0x000002c73e24c970 JavaThread "Execution worker" [_thread_blocked, id=5656, stack(0x000000d23d700000,0x000000d23d800000)]
  0x000002c73e24e650 JavaThread "Cache worker for execution history cache (C:\Users\bilal\AndroidStudioProjects\25-airlocunlock\.gradle\8.9\executionHistory)" [_thread_blocked, id=20392, stack(0x000000d23d800000,0x000000d23d900000)]
  0x000002c73e24ce40 JavaThread "Unconstrained build operations Thread 4" [_thread_blocked, id=3160, stack(0x000000d23d900000,0x000000d23da00000)]
  0x000002c73e24dcb0 JavaThread "WorkerExecutor Queue" [_thread_blocked, id=17528, stack(0x000000d23da00000,0x000000d23db00000)]
  0x000002c73e24d7e0 JavaThread "Unconstrained build operations Thread 5" [_thread_blocked, id=12464, stack(0x000000d23db00000,0x000000d23dc00000)]
  0x000002c73e250cd0 JavaThread "WorkerExecutor Queue Thread 2" [_thread_blocked, id=6840, stack(0x000000d23dc00000,0x000000d23dd00000)]

Other Threads:
=>0x000002c7395bdbd0 VMThread "VM Thread" [stack: 0x000000d239a00000,0x000000d239b00000] [id=15500]
  0x000002c71d1bf540 WatcherThread [stack: 0x000000d23aa00000,0x000000d23ab00000] [id=7476]
  0x000002c71d1962d0 GCTaskThread "GC Thread#0" [stack: 0x000000d239500000,0x000000d239600000] [id=3812]
  0x000002c73a91cd80 GCTaskThread "GC Thread#1" [stack: 0x000000d23ab00000,0x000000d23ac00000] [id=12648]
  0x000002c73aaeab50 GCTaskThread "GC Thread#2" [stack: 0x000000d23ac00000,0x000000d23ad00000] [id=1960]
  0x000002c73b0d0d40 GCTaskThread "GC Thread#3" [stack: 0x000000d23ad00000,0x000000d23ae00000] [id=18680]
  0x000002c73b0d1ab0 GCTaskThread "GC Thread#4" [stack: 0x000000d23ae00000,0x000000d23af00000] [id=4952]
  0x000002c73b0d0ff0 GCTaskThread "GC Thread#5" [stack: 0x000000d23af00000,0x000000d23b000000] [id=3548]
  0x000002c73b0d22c0 GCTaskThread "GC Thread#6" [stack: 0x000000d23be00000,0x000000d23bf00000] [id=12816]
  0x000002c73b0d1550 GCTaskThread "GC Thread#7" [stack: 0x000000d23bf00000,0x000000d23c000000] [id=4624]
  0x000002c73b0d1d60 GCTaskThread "GC Thread#8" [stack: 0x000000d23c000000,0x000000d23c100000] [id=19480]
  0x000002c73ebcbc40 GCTaskThread "GC Thread#9" [stack: 0x000000d23c100000,0x000000d23c200000] [id=16712]
  0x000002c73ebccf10 GCTaskThread "GC Thread#10" [stack: 0x000000d23c200000,0x000000d23c300000] [id=2084]
  0x000002c73ebcd9d0 GCTaskThread "GC Thread#11" [stack: 0x000000d23c300000,0x000000d23c400000] [id=5664]
  0x000002c73ebcc9b0 GCTaskThread "GC Thread#12" [stack: 0x000000d23c400000,0x000000d23c500000] [id=14792]
  0x000002c71d19d280 ConcurrentGCThread "G1 Main Marker" [stack: 0x000000d239600000,0x000000d239700000] [id=3364]
  0x000002c71d19fd60 ConcurrentGCThread "G1 Conc#0" [stack: 0x000000d239700000,0x000000d239800000] [id=18484]
  0x000002c73ebce740 ConcurrentGCThread "G1 Conc#1" [stack: 0x000000d23c700000,0x000000d23c800000] [id=20304]
  0x000002c73ebcdf30 ConcurrentGCThread "G1 Conc#2" [stack: 0x000000d23c800000,0x000000d23c900000] [id=15332]
  0x000002c71d2247f0 ConcurrentGCThread "G1 Refine#0" [stack: 0x000000d239800000,0x000000d239900000] [id=18728]
  0x000002c73f6d3920 ConcurrentGCThread "G1 Refine#1" [stack: 0x000000d23d100000,0x000000d23d200000] [id=788]
  0x000002c73f6d4a60 ConcurrentGCThread "G1 Refine#2" [stack: 0x000000d23d200000,0x000000d23d300000] [id=10032]
  0x000002c71d224bd0 ConcurrentGCThread "G1 Service" [stack: 0x000000d239900000,0x000000d239a00000] [id=12396]

Threads with active compile tasks:
C2 CompilerThread0    15629 15219   !   4       java.io.ObjectOutputStream::writeSerialData (223 bytes)
C1 CompilerThread1    15629 15269 %     3       java.util.HashMap::readObject @ 244 (286 bytes)
C2 CompilerThread1    15629 15248       4       java.io.ObjectInputStream$FieldValues::<init> (217 bytes)
C2 CompilerThread2    15629 15257   !   4       java.io.ObjectInputStream::readSerialData (549 bytes)

VM state: at safepoint (normal execution)

VM Mutex/Monitor currently owned by a thread:  ([mutex/lock_event])
[0x000002c71d1656a0] Threads_lock - owner thread: 0x000002c7395bdbd0
[0x000002c71d165c40] Heap_lock - owner thread: 0x000002c73e250cd0

Heap address: 0x00000000d0000000, size: 768 MB, Compressed Oops mode: 32-bit

CDS archive(s) mapped at: [0x0000000800000000-0x0000000800bc0000-0x0000000800bc0000), size 12320768, SharedBaseAddress: 0x0000000800000000, ArchiveRelocationMode: 0.
Compressed class space mapped at: 0x0000000800c00000-0x0000000840c00000, reserved size: 1073741824
Narrow klass base: 0x0000000800000000, Narrow klass shift: 0, Narrow klass range: 0x100000000

GC Precious Log:
 CPUs: 16 total, 16 available
 Memory: 7471M
 Large Page Support: Disabled
 NUMA Support: Disabled
 Compressed Oops: Enabled (32-bit)
 Heap Region Size: 1M
 Heap Min Capacity: 8M
 Heap Initial Capacity: 118M
 Heap Max Capacity: 768M
 Pre-touch: Disabled
 Parallel Workers: 13
 Concurrent Workers: 3
 Concurrent Refinement Workers: 13
 Periodic GC: Disabled

Heap:
 garbage-first heap   total 183296K, used 149080K [0x00000000d0000000, 0x0000000100000000)
  region size 1024K, 2 young (2048K), 2 survivors (2048K)
 Metaspace       used 99956K, committed 100800K, reserved 1138688K
  class space    used 13741K, committed 14144K, reserved 1048576K

Heap Regions: E=young(eden), S=young(survivor), O=old, HS=humongous(starts), HC=humongous(continues), CS=collection set, F=free, OA=open archive, CA=closed archive, TAMS=top-at-mark-start (previous, next)
|   0|0x00000000d0000000, 0x00000000d0100000, 0x00000000d0100000|100%|HS|  |TAMS 0x00000000d0100000, 0x00000000d0100000| Complete 
|   1|0x00000000d0100000, 0x00000000d0200000, 0x00000000d0200000|100%|HC|  |TAMS 0x00000000d0200000, 0x00000000d0200000| Complete 
|   2|0x00000000d0200000, 0x00000000d0300000, 0x00000000d0300000|100%|HC|  |TAMS 0x00000000d0300000, 0x00000000d0300000| Complete 
|   3|0x00000000d0300000, 0x00000000d0400000, 0x00000000d0400000|100%|HC|  |TAMS 0x00000000d0400000, 0x00000000d0400000| Complete 
|   4|0x00000000d0400000, 0x00000000d0500000, 0x00000000d0500000|100%| O|  |TAMS 0x00000000d0500000, 0x00000000d0500000| Untracked 
|   5|0x00000000d0500000, 0x00000000d0600000, 0x00000000d0600000|100%| O|  |TAMS 0x00000000d0600000, 0x00000000d0600000| Untracked 
|   6|0x00000000d0600000, 0x00000000d0700000, 0x00000000d0700000|100%| O|  |TAMS 0x00000000d0700000, 0x00000000d0700000| Untracked 
|   7|0x00000000d0700000, 0x00000000d0800000, 0x00000000d0800000|100%| O|  |TAMS 0x00000000d0800000, 0x00000000d0800000| Untracked 
|   8|0x00000000d0800000, 0x00000000d0900000, 0x00000000d0900000|100%| O|  |TAMS 0x00000000d0900000, 0x00000000d0900000| Untracked 
|   9|0x00000000d0900000, 0x00000000d0a00000, 0x00000000d0a00000|100%| O|  |TAMS 0x00000000d0a00000, 0x00000000d0a00000| Untracked 
|  10|0x00000000d0a00000, 0x00000000d0b00000, 0x00000000d0b00000|100%| O|  |TAMS 0x00000000d0b00000, 0x00000000d0b00000| Untracked 
|  11|0x00000000d0b00000, 0x00000000d0c00000, 0x00000000d0c00000|100%|HS|  |TAMS 0x00000000d0c00000, 0x00000000d0c00000| Complete 
|  12|0x00000000d0c00000, 0x00000000d0d00000, 0x00000000d0d00000|100%| O|  |TAMS 0x00000000d0d00000, 0x00000000d0d00000| Untracked 
|  13|0x00000000d0d00000, 0x00000000d0e00000, 0x00000000d0e00000|100%| O|  |TAMS 0x00000000d0e00000, 0x00000000d0e00000| Untracked 
|  14|0x00000000d0e00000, 0x00000000d0f00000, 0x00000000d0f00000|100%| O|  |TAMS 0x00000000d0f00000, 0x00000000d0f00000| Untracked 
|  15|0x00000000d0f00000, 0x00000000d1000000, 0x00000000d1000000|100%| O|  |TAMS 0x00000000d1000000, 0x00000000d1000000| Untracked 
|  16|0x00000000d1000000, 0x00000000d1100000, 0x00000000d1100000|100%| O|  |TAMS 0x00000000d1100000, 0x00000000d1100000| Untracked 
|  17|0x00000000d1100000, 0x00000000d11df600, 0x00000000d1200000| 87%| O|  |TAMS 0x00000000d11df600, 0x00000000d11df600| Untracked 
|  18|0x00000000d1200000, 0x00000000d1300000, 0x00000000d1300000|100%| O|  |TAMS 0x00000000d1300000, 0x00000000d1300000| Untracked 
|  19|0x00000000d1300000, 0x00000000d1400000, 0x00000000d1400000|100%| O|  |TAMS 0x00000000d1400000, 0x00000000d1400000| Untracked 
|  20|0x00000000d1400000, 0x00000000d1500000, 0x00000000d1500000|100%| O|  |TAMS 0x00000000d1500000, 0x00000000d1500000| Untracked 
|  21|0x00000000d1500000, 0x00000000d1600000, 0x00000000d1600000|100%| O|  |TAMS 0x00000000d1600000, 0x00000000d1600000| Untracked 
|  22|0x00000000d1600000, 0x00000000d1700000, 0x00000000d1700000|100%| O|  |TAMS 0x00000000d1700000, 0x00000000d1700000| Untracked 
|  23|0x00000000d1700000, 0x00000000d1800000, 0x00000000d1800000|100%| O|  |TAMS 0x00000000d1800000, 0x00000000d1800000| Untracked 
|  24|0x00000000d1800000, 0x00000000d1900000, 0x00000000d1900000|100%| O|  |TAMS 0x00000000d1800000, 0x00000000d1900000| Untracked 
|  25|0x00000000d1900000, 0x00000000d1a00000, 0x00000000d1a00000|100%| O|  |TAMS 0x00000000d1a00000, 0x00000000d1a00000| Untracked 
|  26|0x00000000d1a00000, 0x00000000d1b00000, 0x00000000d1b00000|100%| O|  |TAMS 0x00000000d1b00000, 0x00000000d1b00000| Untracked 
|  27|0x00000000d1b00000, 0x00000000d1c00000, 0x00000000d1c00000|100%| O|  |TAMS 0x00000000d1c00000, 0x00000000d1c00000| Untracked 
|  28|0x00000000d1c00000, 0x00000000d1d00000, 0x00000000d1d00000|100%| O|  |TAMS 0x00000000d1d00000, 0x00000000d1d00000| Untracked 
|  29|0x00000000d1d00000, 0x00000000d1e00000, 0x00000000d1e00000|100%| O|  |TAMS 0x00000000d1e00000, 0x00000000d1e00000| Untracked 
|  30|0x00000000d1e00000, 0x00000000d1f00000, 0x00000000d1f00000|100%| O|  |TAMS 0x00000000d1f00000, 0x00000000d1f00000| Untracked 
|  31|0x00000000d1f00000, 0x00000000d2000000, 0x00000000d2000000|100%| O|  |TAMS 0x00000000d2000000, 0x00000000d2000000| Untracked 
|  32|0x00000000d2000000, 0x00000000d2100000, 0x00000000d2100000|100%| O|  |TAMS 0x00000000d2100000, 0x00000000d2100000| Untracked 
|  33|0x00000000d2100000, 0x00000000d2200000, 0x00000000d2200000|100%| O|  |TAMS 0x00000000d2200000, 0x00000000d2200000| Untracked 
|  34|0x00000000d2200000, 0x00000000d2300000, 0x00000000d2300000|100%| O|  |TAMS 0x00000000d2300000, 0x00000000d2300000| Untracked 
|  35|0x00000000d2300000, 0x00000000d2400000, 0x00000000d2400000|100%| O|  |TAMS 0x00000000d2400000, 0x00000000d2400000| Untracked 
|  36|0x00000000d2400000, 0x00000000d2500000, 0x00000000d2500000|100%| O|  |TAMS 0x00000000d2500000, 0x00000000d2500000| Untracked 
|  37|0x00000000d2500000, 0x00000000d2600000, 0x00000000d2600000|100%| O|  |TAMS 0x00000000d2600000, 0x00000000d2600000| Untracked 
|  38|0x00000000d2600000, 0x00000000d2700000, 0x00000000d2700000|100%| O|  |TAMS 0x00000000d2700000, 0x00000000d2700000| Untracked 
|  39|0x00000000d2700000, 0x00000000d2800000, 0x00000000d2800000|100%| O|  |TAMS 0x00000000d2800000, 0x00000000d2800000| Untracked 
|  40|0x00000000d2800000, 0x00000000d2900000, 0x00000000d2900000|100%| O|  |TAMS 0x00000000d2900000, 0x00000000d2900000| Untracked 
|  41|0x00000000d2900000, 0x00000000d2a00000, 0x00000000d2a00000|100%| O|  |TAMS 0x00000000d2a00000, 0x00000000d2a00000| Untracked 
|  42|0x00000000d2a00000, 0x00000000d2b00000, 0x00000000d2b00000|100%| O|  |TAMS 0x00000000d2b00000, 0x00000000d2b00000| Untracked 
|  43|0x00000000d2b00000, 0x00000000d2c00000, 0x00000000d2c00000|100%| O|  |TAMS 0x00000000d2b00000, 0x00000000d2c00000| Untracked 
|  44|0x00000000d2c00000, 0x00000000d2d00000, 0x00000000d2d00000|100%|HS|  |TAMS 0x00000000d2d00000, 0x00000000d2d00000| Complete 
|  45|0x00000000d2d00000, 0x00000000d2e00000, 0x00000000d2e00000|100%| O|  |TAMS 0x00000000d2d00000, 0x00000000d2e00000| Untracked 
|  46|0x00000000d2e00000, 0x00000000d2f00000, 0x00000000d2f00000|100%| O|  |TAMS 0x00000000d2e00000, 0x00000000d2f00000| Untracked 
|  47|0x00000000d2f00000, 0x00000000d3000000, 0x00000000d3000000|100%| O|  |TAMS 0x00000000d3000000, 0x00000000d3000000| Untracked 
|  48|0x00000000d3000000, 0x00000000d3100000, 0x00000000d3100000|100%|HS|  |TAMS 0x00000000d3100000, 0x00000000d3100000| Complete 
|  49|0x00000000d3100000, 0x00000000d3200000, 0x00000000d3200000|100%|HS|  |TAMS 0x00000000d3200000, 0x00000000d3200000| Complete 
|  50|0x00000000d3200000, 0x00000000d3300000, 0x00000000d3300000|100%|HC|  |TAMS 0x00000000d3300000, 0x00000000d3300000| Complete 
|  51|0x00000000d3300000, 0x00000000d3400000, 0x00000000d3400000|100%|HS|  |TAMS 0x00000000d3400000, 0x00000000d3400000| Complete 
|  52|0x00000000d3400000, 0x00000000d3500000, 0x00000000d3500000|100%|HC|  |TAMS 0x00000000d3500000, 0x00000000d3500000| Complete 
|  53|0x00000000d3500000, 0x00000000d3600000, 0x00000000d3600000|100%|HS|  |TAMS 0x00000000d3600000, 0x00000000d3600000| Complete 
|  54|0x00000000d3600000, 0x00000000d3700000, 0x00000000d3700000|100%|HS|  |TAMS 0x00000000d3700000, 0x00000000d3700000| Complete 
|  55|0x00000000d3700000, 0x00000000d3800000, 0x00000000d3800000|100%|HC|  |TAMS 0x00000000d3800000, 0x00000000d3800000| Complete 
|  56|0x00000000d3800000, 0x00000000d3900000, 0x00000000d3900000|100%|HC|  |TAMS 0x00000000d3900000, 0x00000000d3900000| Complete 
|  57|0x00000000d3900000, 0x00000000d3a00000, 0x00000000d3a00000|100%|HS|  |TAMS 0x00000000d3a00000, 0x00000000d3a00000| Complete 
|  58|0x00000000d3a00000, 0x00000000d3b00000, 0x00000000d3b00000|100%| O|  |TAMS 0x00000000d3b00000, 0x00000000d3b00000| Untracked 
|  59|0x00000000d3b00000, 0x00000000d3c00000, 0x00000000d3c00000|100%|HS|  |TAMS 0x00000000d3c00000, 0x00000000d3c00000| Complete 
|  60|0x00000000d3c00000, 0x00000000d3d00000, 0x00000000d3d00000|100%|HS|  |TAMS 0x00000000d3d00000, 0x00000000d3d00000| Complete 
|  61|0x00000000d3d00000, 0x00000000d3e00000, 0x00000000d3e00000|100%| O|  |TAMS 0x00000000d3e00000, 0x00000000d3e00000| Untracked 
|  62|0x00000000d3e00000, 0x00000000d3f00000, 0x00000000d3f00000|100%| O|  |TAMS 0x00000000d3f00000, 0x00000000d3f00000| Untracked 
|  63|0x00000000d3f00000, 0x00000000d4000000, 0x00000000d4000000|100%| O|  |TAMS 0x00000000d4000000, 0x00000000d4000000| Untracked 
|  64|0x00000000d4000000, 0x00000000d4100000, 0x00000000d4100000|100%|HS|  |TAMS 0x00000000d4100000, 0x00000000d4100000| Complete 
|  65|0x00000000d4100000, 0x00000000d4200000, 0x00000000d4200000|100%| O|  |TAMS 0x00000000d4200000, 0x00000000d4200000| Untracked 
|  66|0x00000000d4200000, 0x00000000d4300000, 0x00000000d4300000|100%| O|  |TAMS 0x00000000d4300000, 0x00000000d4300000| Untracked 
|  67|0x00000000d4300000, 0x00000000d4400000, 0x00000000d4400000|100%| O|  |TAMS 0x00000000d4300000, 0x00000000d4400000| Untracked 
|  68|0x00000000d4400000, 0x00000000d4500000, 0x00000000d4500000|100%| O|  |TAMS 0x00000000d4500000, 0x00000000d4500000| Untracked 
|  69|0x00000000d4500000, 0x00000000d4600000, 0x00000000d4600000|100%| O|  |TAMS 0x00000000d4600000, 0x00000000d4600000| Untracked 
|  70|0x00000000d4600000, 0x00000000d4700000, 0x00000000d4700000|100%| O|  |TAMS 0x00000000d4700000, 0x00000000d4700000| Untracked 
|  71|0x00000000d4700000, 0x00000000d4800000, 0x00000000d4800000|100%| O|  |TAMS 0x00000000d4800000, 0x00000000d4800000| Untracked 
|  72|0x00000000d4800000, 0x00000000d4900000, 0x00000000d4900000|100%| O|  |TAMS 0x00000000d4900000, 0x00000000d4900000| Untracked 
|  73|0x00000000d4900000, 0x00000000d4a00000, 0x00000000d4a00000|100%| O|  |TAMS 0x00000000d4a00000, 0x00000000d4a00000| Untracked 
|  74|0x00000000d4a00000, 0x00000000d4b00000, 0x00000000d4b00000|100%| O|  |TAMS 0x00000000d4b00000, 0x00000000d4b00000| Untracked 
|  75|0x00000000d4b00000, 0x00000000d4c00000, 0x00000000d4c00000|100%| O|  |TAMS 0x00000000d4c00000, 0x00000000d4c00000| Untracked 
|  76|0x00000000d4c00000, 0x00000000d4d00000, 0x00000000d4d00000|100%| O|  |TAMS 0x00000000d4d00000, 0x00000000d4d00000| Untracked 
|  77|0x00000000d4d00000, 0x00000000d4e00000, 0x00000000d4e00000|100%| O|  |TAMS 0x00000000d4e00000, 0x00000000d4e00000| Untracked 
|  78|0x00000000d4e00000, 0x00000000d4f00000, 0x00000000d4f00000|100%|HS|  |TAMS 0x00000000d4f00000, 0x00000000d4f00000| Complete 
|  79|0x00000000d4f00000, 0x00000000d5000000, 0x00000000d5000000|100%|HC|  |TAMS 0x00000000d5000000, 0x00000000d5000000| Complete 
|  80|0x00000000d5000000, 0x00000000d5100000, 0x00000000d5100000|100%|HC|  |TAMS 0x00000000d5100000, 0x00000000d5100000| Complete 
|  81|0x00000000d5100000, 0x00000000d5200000, 0x00000000d5200000|100%| O|  |TAMS 0x00000000d5200000, 0x00000000d5200000| Untracked 
|  82|0x00000000d5200000, 0x00000000d5300000, 0x00000000d5300000|100%| O|  |TAMS 0x00000000d5300000, 0x00000000d5300000| Untracked 
|  83|0x00000000d5300000, 0x00000000d5400000, 0x00000000d5400000|100%| O|  |TAMS 0x00000000d5400000, 0x00000000d5400000| Untracked 
|  84|0x00000000d5400000, 0x00000000d5500000, 0x00000000d5500000|100%| O|  |TAMS 0x00000000d5500000, 0x00000000d5500000| Untracked 
|  85|0x00000000d5500000, 0x00000000d5600000, 0x00000000d5600000|100%| O|  |TAMS 0x00000000d5600000, 0x00000000d5600000| Untracked 
|  86|0x00000000d5600000, 0x00000000d5700000, 0x00000000d5700000|100%| O|  |TAMS 0x00000000d5700000, 0x00000000d5700000| Untracked 
|  87|0x00000000d5700000, 0x00000000d5800000, 0x00000000d5800000|100%| O|  |TAMS 0x00000000d5800000, 0x00000000d5800000| Untracked 
|  88|0x00000000d5800000, 0x00000000d5900000, 0x00000000d5900000|100%| O|  |TAMS 0x00000000d5900000, 0x00000000d5900000| Untracked 
|  89|0x00000000d5900000, 0x00000000d5a00000, 0x00000000d5a00000|100%| O|  |TAMS 0x00000000d5a00000, 0x00000000d5a00000| Untracked 
|  90|0x00000000d5a00000, 0x00000000d5b00000, 0x00000000d5b00000|100%| O|  |TAMS 0x00000000d5b00000, 0x00000000d5b00000| Untracked 
|  91|0x00000000d5b00000, 0x00000000d5c00000, 0x00000000d5c00000|100%| O|  |TAMS 0x00000000d5bd0600, 0x00000000d5c00000| Untracked 
|  92|0x00000000d5c00000, 0x00000000d5d00000, 0x00000000d5d00000|100%| O|  |TAMS 0x00000000d5c00000, 0x00000000d5d00000| Untracked 
|  93|0x00000000d5d00000, 0x00000000d5e00000, 0x00000000d5e00000|100%| O|  |TAMS 0x00000000d5d00000, 0x00000000d5e00000| Untracked 
|  94|0x00000000d5e00000, 0x00000000d5f00000, 0x00000000d5f00000|100%| O|  |TAMS 0x00000000d5e00000, 0x00000000d5f00000| Untracked 
|  95|0x00000000d5f00000, 0x00000000d6000000, 0x00000000d6000000|100%| O|  |TAMS 0x00000000d5f00000, 0x00000000d6000000| Untracked 
|  96|0x00000000d6000000, 0x00000000d6100000, 0x00000000d6100000|100%| O|  |TAMS 0x00000000d6000000, 0x00000000d6100000| Untracked 
|  97|0x00000000d6100000, 0x00000000d6200000, 0x00000000d6200000|100%| O|  |TAMS 0x00000000d6100000, 0x00000000d6200000| Untracked 
|  98|0x00000000d6200000, 0x00000000d6300000, 0x00000000d6300000|100%| O|  |TAMS 0x00000000d6200000, 0x00000000d6300000| Untracked 
|  99|0x00000000d6300000, 0x00000000d6400000, 0x00000000d6400000|100%| O|  |TAMS 0x00000000d6300000, 0x00000000d6400000| Untracked 
| 100|0x00000000d6400000, 0x00000000d6500000, 0x00000000d6500000|100%| O|  |TAMS 0x00000000d6400000, 0x00000000d6500000| Untracked 
| 101|0x00000000d6500000, 0x00000000d6600000, 0x00000000d6600000|100%| O|  |TAMS 0x00000000d6500000, 0x00000000d6600000| Untracked 
| 102|0x00000000d6600000, 0x00000000d6700000, 0x00000000d6700000|100%| O|  |TAMS 0x00000000d6600000, 0x00000000d6700000| Untracked 
| 103|0x00000000d6700000, 0x00000000d6800000, 0x00000000d6800000|100%| O|  |TAMS 0x00000000d6700000, 0x00000000d6800000| Untracked 
| 104|0x00000000d6800000, 0x00000000d6900000, 0x00000000d6900000|100%| O|  |TAMS 0x00000000d6800000, 0x00000000d6900000| Untracked 
| 105|0x00000000d6900000, 0x00000000d6a00000, 0x00000000d6a00000|100%| O|  |TAMS 0x00000000d6900000, 0x00000000d6a00000| Untracked 
| 106|0x00000000d6a00000, 0x00000000d6b00000, 0x00000000d6b00000|100%| O|  |TAMS 0x00000000d6a00000, 0x00000000d6b00000| Untracked 
| 107|0x00000000d6b00000, 0x00000000d6c00000, 0x00000000d6c00000|100%| O|  |TAMS 0x00000000d6b00000, 0x00000000d6c00000| Untracked 
| 108|0x00000000d6c00000, 0x00000000d6d00000, 0x00000000d6d00000|100%| O|  |TAMS 0x00000000d6c00000, 0x00000000d6d00000| Untracked 
| 109|0x00000000d6d00000, 0x00000000d6e00000, 0x00000000d6e00000|100%| O|  |TAMS 0x00000000d6d00000, 0x00000000d6e00000| Untracked 
| 110|0x00000000d6e00000, 0x00000000d6f00000, 0x00000000d6f00000|100%| O|  |TAMS 0x00000000d6e00000, 0x00000000d6f00000| Untracked 
| 111|0x00000000d6f00000, 0x00000000d7000000, 0x00000000d7000000|100%| O|  |TAMS 0x00000000d6f00000, 0x00000000d7000000| Untracked 
| 112|0x00000000d7000000, 0x00000000d7100000, 0x00000000d7100000|100%| O|  |TAMS 0x00000000d7000000, 0x00000000d7100000| Untracked 
| 113|0x00000000d7100000, 0x00000000d7200000, 0x00000000d7200000|100%| O|  |TAMS 0x00000000d7100000, 0x00000000d7200000| Untracked 
| 114|0x00000000d7200000, 0x00000000d7300000, 0x00000000d7300000|100%| O|  |TAMS 0x00000000d7200000, 0x00000000d7300000| Untracked 
| 115|0x00000000d7300000, 0x00000000d7400000, 0x00000000d7400000|100%| O|  |TAMS 0x00000000d7300000, 0x00000000d7400000| Untracked 
| 116|0x00000000d7400000, 0x00000000d7500000, 0x00000000d7500000|100%| O|  |TAMS 0x00000000d7400000, 0x00000000d7500000| Untracked 
| 117|0x00000000d7500000, 0x00000000d7600000, 0x00000000d7600000|100%| O|  |TAMS 0x00000000d7500000, 0x00000000d7600000| Untracked 
| 118|0x00000000d7600000, 0x00000000d7700000, 0x00000000d7700000|100%| O|  |TAMS 0x00000000d7600000, 0x00000000d7700000| Untracked 
| 119|0x00000000d7700000, 0x00000000d7800000, 0x00000000d7800000|100%| O|  |TAMS 0x00000000d7700000, 0x00000000d7800000| Untracked 
| 120|0x00000000d7800000, 0x00000000d7900000, 0x00000000d7900000|100%| O|  |TAMS 0x00000000d7800000, 0x00000000d7900000| Untracked 
| 121|0x00000000d7900000, 0x00000000d7a00000, 0x00000000d7a00000|100%| O|  |TAMS 0x00000000d7900000, 0x00000000d7a00000| Untracked 
| 122|0x00000000d7a00000, 0x00000000d7b00000, 0x00000000d7b00000|100%| O|  |TAMS 0x00000000d7a00000, 0x00000000d7b00000| Untracked 
| 123|0x00000000d7b00000, 0x00000000d7c00000, 0x00000000d7c00000|100%| O|  |TAMS 0x00000000d7b00000, 0x00000000d7c00000| Untracked 
| 124|0x00000000d7c00000, 0x00000000d7d00000, 0x00000000d7d00000|100%| O|  |TAMS 0x00000000d7c00000, 0x00000000d7d00000| Untracked 
| 125|0x00000000d7d00000, 0x00000000d7e00000, 0x00000000d7e00000|100%| O|  |TAMS 0x00000000d7d00000, 0x00000000d7e00000| Untracked 
| 126|0x00000000d7e00000, 0x00000000d7f00000, 0x00000000d7f00000|100%| O|  |TAMS 0x00000000d7e00000, 0x00000000d7f00000| Untracked 
| 127|0x00000000d7f00000, 0x00000000d8000000, 0x00000000d8000000|100%| O|  |TAMS 0x00000000d7f00000, 0x00000000d8000000| Untracked 
| 128|0x00000000d8000000, 0x00000000d8100000, 0x00000000d8100000|100%| O|  |TAMS 0x00000000d8000000, 0x00000000d8100000| Untracked 
| 129|0x00000000d8100000, 0x00000000d8200000, 0x00000000d8200000|100%| O|  |TAMS 0x00000000d8100000, 0x00000000d8200000| Untracked 
| 130|0x00000000d8200000, 0x00000000d8300000, 0x00000000d8300000|100%| O|  |TAMS 0x00000000d8200000, 0x00000000d8300000| Untracked 
| 131|0x00000000d8300000, 0x00000000d8400000, 0x00000000d8400000|100%| O|  |TAMS 0x00000000d8300000, 0x00000000d8400000| Untracked 
| 132|0x00000000d8400000, 0x00000000d8500000, 0x00000000d8500000|100%| O|  |TAMS 0x00000000d8400000, 0x00000000d8500000| Untracked 
| 133|0x00000000d8500000, 0x00000000d8600000, 0x00000000d8600000|100%| O|  |TAMS 0x00000000d8500000, 0x00000000d8600000| Untracked 
| 134|0x00000000d8600000, 0x00000000d8700000, 0x00000000d8700000|100%| O|  |TAMS 0x00000000d8600000, 0x00000000d8620c00| Untracked 
| 135|0x00000000d8700000, 0x00000000d8800000, 0x00000000d8800000|100%| O|  |TAMS 0x00000000d8700000, 0x00000000d8700000| Untracked 
| 136|0x00000000d8800000, 0x00000000d8900000, 0x00000000d8900000|100%| O|  |TAMS 0x00000000d8800000, 0x00000000d8800000| Untracked 
| 137|0x00000000d8900000, 0x00000000d8a00000, 0x00000000d8a00000|100%| O|  |TAMS 0x00000000d8900000, 0x00000000d8900000| Untracked 
| 138|0x00000000d8a00000, 0x00000000d8b00000, 0x00000000d8b00000|100%| O|  |TAMS 0x00000000d8a00000, 0x00000000d8a00000| Untracked 
| 139|0x00000000d8b00000, 0x00000000d8c00000, 0x00000000d8c00000|100%| O|  |TAMS 0x00000000d8b00000, 0x00000000d8b00000| Untracked 
| 140|0x00000000d8c00000, 0x00000000d8d00000, 0x00000000d8d00000|100%| O|  |TAMS 0x00000000d8c00000, 0x00000000d8c00000| Untracked 
| 141|0x00000000d8d00000, 0x00000000d8e00000, 0x00000000d8e00000|100%| O|  |TAMS 0x00000000d8d00000, 0x00000000d8d00000| Untracked 
| 142|0x00000000d8e00000, 0x00000000d8ece000, 0x00000000d8f00000| 80%| O|  |TAMS 0x00000000d8e00000, 0x00000000d8e00000| Untracked 
| 143|0x00000000d8f00000, 0x00000000d8f00000, 0x00000000d9000000|  0%| F|  |TAMS 0x00000000d8f00000, 0x00000000d8f00000| Untracked 
| 144|0x00000000d9000000, 0x00000000d9000000, 0x00000000d9100000|  0%| F|  |TAMS 0x00000000d9000000, 0x00000000d9000000| Untracked 
| 145|0x00000000d9100000, 0x00000000d9100000, 0x00000000d9200000|  0%| F|  |TAMS 0x00000000d9100000, 0x00000000d9100000| Untracked 
| 146|0x00000000d9200000, 0x00000000d9200000, 0x00000000d9300000|  0%| F|  |TAMS 0x00000000d9200000, 0x00000000d9200000| Untracked 
| 147|0x00000000d9300000, 0x00000000d9400000, 0x00000000d9400000|100%| O|  |TAMS 0x00000000d9300000, 0x00000000d9300000| Untracked 
| 148|0x00000000d9400000, 0x00000000d9400000, 0x00000000d9500000|  0%| F|  |TAMS 0x00000000d9400000, 0x00000000d9400000| Untracked 
| 149|0x00000000d9500000, 0x00000000d9500000, 0x00000000d9600000|  0%| F|  |TAMS 0x00000000d9500000, 0x00000000d9500000| Untracked 
| 150|0x00000000d9600000, 0x00000000d9600000, 0x00000000d9700000|  0%| F|  |TAMS 0x00000000d9600000, 0x00000000d9600000| Untracked 
| 151|0x00000000d9700000, 0x00000000d9700000, 0x00000000d9800000|  0%| F|  |TAMS 0x00000000d9700000, 0x00000000d9700000| Untracked 
| 152|0x00000000d9800000, 0x00000000d9800000, 0x00000000d9900000|  0%| F|  |TAMS 0x00000000d9800000, 0x00000000d9800000| Untracked 
| 153|0x00000000d9900000, 0x00000000d9900000, 0x00000000d9a00000|  0%| F|  |TAMS 0x00000000d9900000, 0x00000000d9900000| Untracked 
| 154|0x00000000d9a00000, 0x00000000d9a00000, 0x00000000d9b00000|  0%| F|  |TAMS 0x00000000d9a00000, 0x00000000d9a00000| Untracked 
| 155|0x00000000d9b00000, 0x00000000d9b00000, 0x00000000d9c00000|  0%| F|  |TAMS 0x00000000d9b00000, 0x00000000d9b00000| Untracked 
| 156|0x00000000d9c00000, 0x00000000d9c00000, 0x00000000d9d00000|  0%| F|  |TAMS 0x00000000d9c00000, 0x00000000d9c00000| Untracked 
| 157|0x00000000d9d00000, 0x00000000d9d00000, 0x00000000d9e00000|  0%| F|  |TAMS 0x00000000d9d00000, 0x00000000d9d00000| Untracked 
| 158|0x00000000d9e00000, 0x00000000d9e00000, 0x00000000d9f00000|  0%| F|  |TAMS 0x00000000d9e00000, 0x00000000d9e00000| Untracked 
| 159|0x00000000d9f00000, 0x00000000d9f00000, 0x00000000da000000|  0%| F|  |TAMS 0x00000000d9f00000, 0x00000000d9f00000| Untracked 
| 160|0x00000000da000000, 0x00000000da000000, 0x00000000da100000|  0%| F|  |TAMS 0x00000000da000000, 0x00000000da000000| Untracked 
| 161|0x00000000da100000, 0x00000000da100000, 0x00000000da200000|  0%| F|  |TAMS 0x00000000da100000, 0x00000000da100000| Untracked 
| 162|0x00000000da200000, 0x00000000da200000, 0x00000000da300000|  0%| F|  |TAMS 0x00000000da200000, 0x00000000da200000| Untracked 
| 163|0x00000000da300000, 0x00000000da300000, 0x00000000da400000|  0%| F|  |TAMS 0x00000000da300000, 0x00000000da300000| Untracked 
| 164|0x00000000da400000, 0x00000000da400000, 0x00000000da500000|  0%| F|  |TAMS 0x00000000da400000, 0x00000000da400000| Untracked 
| 165|0x00000000da500000, 0x00000000da500000, 0x00000000da600000|  0%| F|  |TAMS 0x00000000da500000, 0x00000000da500000| Untracked 
| 166|0x00000000da600000, 0x00000000da6e8d28, 0x00000000da700000| 90%| S|CS|TAMS 0x00000000da600000, 0x00000000da600000| Complete 
| 167|0x00000000da700000, 0x00000000da700000, 0x00000000da800000|  0%| F|  |TAMS 0x00000000da700000, 0x00000000da700000| Untracked 
| 168|0x00000000da800000, 0x00000000da900000, 0x00000000da900000|100%| S|CS|TAMS 0x00000000da800000, 0x00000000da800000| Complete 
| 169|0x00000000da900000, 0x00000000da900000, 0x00000000daa00000|  0%| F|  |TAMS 0x00000000da900000, 0x00000000da900000| Untracked 
| 170|0x00000000daa00000, 0x00000000daa00000, 0x00000000dab00000|  0%| F|  |TAMS 0x00000000daa00000, 0x00000000daa00000| Untracked 
| 171|0x00000000dab00000, 0x00000000dab00000, 0x00000000dac00000|  0%| F|  |TAMS 0x00000000dab00000, 0x00000000dab00000| Untracked 
| 172|0x00000000dac00000, 0x00000000dac00000, 0x00000000dad00000|  0%| F|  |TAMS 0x00000000dac00000, 0x00000000dac00000| Untracked 
| 173|0x00000000dad00000, 0x00000000dad00000, 0x00000000dae00000|  0%| F|  |TAMS 0x00000000dad00000, 0x00000000dad00000| Untracked 
| 174|0x00000000dae00000, 0x00000000dae00000, 0x00000000daf00000|  0%| F|  |TAMS 0x00000000dae00000, 0x00000000dae00000| Untracked 
| 175|0x00000000daf00000, 0x00000000daf00000, 0x00000000db000000|  0%| F|  |TAMS 0x00000000daf00000, 0x00000000daf00000| Untracked 
| 176|0x00000000db000000, 0x00000000db000000, 0x00000000db100000|  0%| F|  |TAMS 0x00000000db000000, 0x00000000db000000| Untracked 
| 177|0x00000000db100000, 0x00000000db100000, 0x00000000db200000|  0%| F|  |TAMS 0x00000000db100000, 0x00000000db100000| Untracked 
| 178|0x00000000db200000, 0x00000000db200000, 0x00000000db300000|  0%| F|  |TAMS 0x00000000db200000, 0x00000000db200000| Untracked 

Card table byte_map: [0x000002c734b40000,0x000002c734cc0000] _byte_map_base: 0x000002c7344c0000

Marking Bits (Prev, Next): (CMBitMap*) 0x000002c71d1967f0, (CMBitMap*) 0x000002c71d196830
 Prev Bits: [0x000002c734e40000, 0x000002c735a40000)
 Next Bits: [0x000002c735a40000, 0x000002c736640000)

Polling page: 0x000002c71d230000

Metaspace:

Usage:
  Non-class:     84.19 MB used.
      Class:     13.42 MB used.
       Both:     97.61 MB used.

Virtual space:
  Non-class space:       88.00 MB reserved,      84.62 MB ( 96%) committed,  11 nodes.
      Class space:        1.00 GB reserved,      13.81 MB (  1%) committed,  1 nodes.
             Both:        1.09 GB reserved,      98.44 MB (  9%) committed. 

Chunk freelists:
   Non-Class:  3.41 MB
       Class:  2.20 MB
        Both:  5.61 MB

MaxMetaspaceSize: unlimited
CompressedClassSpaceSize: 1.00 GB
Initial GC threshold: 21.00 MB
Current GC threshold: 134.50 MB
CDS: on
MetaspaceReclaimPolicy: balanced
 - commit_granule_bytes: 65536.
 - commit_granule_words: 8192.
 - virtual_space_node_default_size: 1048576.
 - enlarge_chunks_in_place: 1.
 - new_chunks_are_fully_committed: 0.
 - uncommit_free_chunks: 1.
 - use_allocation_guard: 0.
 - handle_deallocations: 1.


Internal statistics:

num_allocs_failed_limit: 6.
num_arena_births: 1342.
num_arena_deaths: 0.
num_vsnodes_births: 12.
num_vsnodes_deaths: 0.
num_space_committed: 1574.
num_space_uncommitted: 0.
num_chunks_returned_to_freelist: 6.
num_chunks_taken_from_freelist: 5633.
num_chunk_merges: 6.
num_chunk_splits: 3666.
num_chunks_enlarged: 2372.
num_purges: 0.
num_inconsistent_stats: 0.

CodeHeap 'non-profiled nmethods': size=119168Kb used=7691Kb max_used=7691Kb free=111476Kb
 bounds [0x000002c72c580000, 0x000002c72cd20000, 0x000002c7339e0000]
CodeHeap 'profiled nmethods': size=119104Kb used=25626Kb max_used=25626Kb free=93477Kb
 bounds [0x000002c725130000, 0x000002c726a40000, 0x000002c72c580000]
CodeHeap 'non-nmethods': size=7488Kb used=3420Kb max_used=3491Kb free=4067Kb
 bounds [0x000002c7249e0000, 0x000002c724d50000, 0x000002c725130000]
 total_blobs=13684 nmethods=12857 adapters=735
 compilation: enabled
              stopped_count=0, restarted_count=0
 full_count=0

Compilation events (20 events):
Event: 13.555 Thread 0x000002c73a0ba600 nmethod 15261 0x000002c726a34f90 code [0x000002c726a35160, 0x000002c726a35478]
Event: 13.555 Thread 0x000002c73a0ba600 15262   !   2       jdk.internal.reflect.GeneratedSerializationConstructorAccessor55::newInstance (49 bytes)
Event: 13.555 Thread 0x000002c73a0af370 15263  s    2       java.io.File::readObject (81 bytes)
Event: 13.556 Thread 0x000002c73a0b7d30 15264       2       java.io.ObjectInputStream$FieldValues::get (67 bytes)
Event: 13.556 Thread 0x000002c7395ede40 15265       2       java.io.ObjectInputStream::readChar (8 bytes)
Event: 13.556 Thread 0x000002c7395ede40 nmethod 15265 0x000002c726a35610 code [0x000002c726a357a0, 0x000002c726a358c8]
Event: 13.556 Thread 0x000002c73a0ba600 nmethod 15262 0x000002c726a35990 code [0x000002c726a35b60, 0x000002c726a35e88]
Event: 13.556 Thread 0x000002c7395ede40 15266       2       java.io.ObjectInputStream$BlockDataInputStream::readChar (73 bytes)
Event: 13.556 Thread 0x000002c73a0ba600 15267       2       java.io.DataInputStream::readChar (40 bytes)
Event: 13.556 Thread 0x000002c73a0b7d30 nmethod 15264 0x000002c726a36090 code [0x000002c726a36280, 0x000002c726a36598]
Event: 13.556 Thread 0x000002c73a0af370 nmethod 15263 0x000002c726a36890 code [0x000002c726a36a80, 0x000002c726a36e18]
Event: 13.556 Thread 0x000002c7395ede40 nmethod 15266 0x000002c726a37090 code [0x000002c726a37240, 0x000002c726a37478]
Event: 13.556 Thread 0x000002c73a0ba600 nmethod 15267 0x000002c726a37610 code [0x000002c726a377c0, 0x000002c726a37a08]
Event: 13.557 Thread 0x000002c73aedefa0 nmethod 15069 0x000002c72cd0b910 code [0x000002c72cd0bf20, 0x000002c72cd12968]
Event: 13.558 Thread 0x000002c7395ede40 15268   !   2       jdk.internal.reflect.GeneratedMethodAccessor56::invoke (66 bytes)
Event: 13.558 Thread 0x000002c73aedefa0 15248       4       java.io.ObjectInputStream$FieldValues::<init> (217 bytes)
Event: 13.558 Thread 0x000002c7395ede40 nmethod 15268 0x000002c726a37b10 code [0x000002c726a37d20, 0x000002c726a38238]
Event: 13.558 Thread 0x000002c7395e2900 nmethod 15256 0x000002c72c83c790 code [0x000002c72c83c940, 0x000002c72c83cd08]
Event: 13.558 Thread 0x000002c7395e2900 15219   !   4       java.io.ObjectOutputStream::writeSerialData (223 bytes)
Event: 13.559 Thread 0x000002c73a0af370 15269 %     3       java.util.HashMap::readObject @ 244 (286 bytes)

GC Heap History (20 events):
Event: 12.025 GC heap after
{Heap after GC invocations=42 (full 0):
 garbage-first heap   total 183296K, used 112867K [0x00000000d0000000, 0x0000000100000000)
  region size 1024K, 4 young (4096K), 4 survivors (4096K)
 Metaspace       used 96654K, committed 97536K, reserved 1138688K
  class space    used 13439K, committed 13888K, reserved 1048576K
}
Event: 12.503 GC heap before
{Heap before GC invocations=42 (full 0):
 garbage-first heap   total 183296K, used 152803K [0x00000000d0000000, 0x0000000100000000)
  region size 1024K, 44 young (45056K), 4 survivors (4096K)
 Metaspace       used 98667K, committed 99520K, reserved 1138688K
  class space    used 13650K, committed 14080K, reserved 1048576K
}
Event: 12.507 GC heap after
{Heap after GC invocations=43 (full 0):
 garbage-first heap   total 183296K, used 116884K [0x00000000d0000000, 0x0000000100000000)
  region size 1024K, 6 young (6144K), 6 survivors (6144K)
 Metaspace       used 98667K, committed 99520K, reserved 1138688K
  class space    used 13650K, committed 14080K, reserved 1048576K
}
Event: 12.868 GC heap before
{Heap before GC invocations=43 (full 0):
 garbage-first heap   total 183296K, used 151700K [0x00000000d0000000, 0x0000000100000000)
  region size 1024K, 41 young (41984K), 6 survivors (6144K)
 Metaspace       used 98871K, committed 99776K, reserved 1138688K
  class space    used 13650K, committed 14080K, reserved 1048576K
}
Event: 12.875 GC heap after
{Heap after GC invocations=44 (full 0):
 garbage-first heap   total 183296K, used 128893K [0x00000000d0000000, 0x0000000100000000)
  region size 1024K, 6 young (6144K), 6 survivors (6144K)
 Metaspace       used 98871K, committed 99776K, reserved 1138688K
  class space    used 13650K, committed 14080K, reserved 1048576K
}
Event: 13.086 GC heap before
{Heap before GC invocations=44 (full 0):
 garbage-first heap   total 183296K, used 149373K [0x00000000d0000000, 0x0000000100000000)
  region size 1024K, 27 young (27648K), 6 survivors (6144K)
 Metaspace       used 99271K, committed 100160K, reserved 1138688K
  class space    used 13684K, committed 14080K, reserved 1048576K
}
Event: 13.091 GC heap after
{Heap after GC invocations=45 (full 0):
 garbage-first heap   total 183296K, used 134148K [0x00000000d0000000, 0x0000000100000000)
  region size 1024K, 4 young (4096K), 4 survivors (4096K)
 Metaspace       used 99271K, committed 100160K, reserved 1138688K
  class space    used 13684K, committed 14080K, reserved 1048576K
}
Event: 13.243 GC heap before
{Heap before GC invocations=45 (full 0):
 garbage-first heap   total 183296K, used 150532K [0x00000000d0000000, 0x0000000100000000)
  region size 1024K, 21 young (21504K), 4 survivors (4096K)
 Metaspace       used 99409K, committed 100224K, reserved 1138688K
  class space    used 13696K, committed 14080K, reserved 1048576K
}
Event: 13.247 GC heap after
{Heap after GC invocations=46 (full 0):
 garbage-first heap   total 183296K, used 137289K [0x00000000d0000000, 0x0000000100000000)
  region size 1024K, 3 young (3072K), 3 survivors (3072K)
 Metaspace       used 99409K, committed 100224K, reserved 1138688K
  class space    used 13696K, committed 14080K, reserved 1048576K
}
Event: 13.395 GC heap before
{Heap before GC invocations=46 (full 0):
 garbage-first heap   total 183296K, used 153673K [0x00000000d0000000, 0x0000000100000000)
  region size 1024K, 19 young (19456K), 3 survivors (3072K)
 Metaspace       used 99529K, committed 100352K, reserved 1138688K
  class space    used 13705K, committed 14144K, reserved 1048576K
}
Event: 13.398 GC heap after
{Heap after GC invocations=47 (full 0):
 garbage-first heap   total 183296K, used 138846K [0x00000000d0000000, 0x0000000100000000)
  region size 1024K, 2 young (2048K), 2 survivors (2048K)
 Metaspace       used 99529K, committed 100352K, reserved 1138688K
  class space    used 13705K, committed 14144K, reserved 1048576K
}
Event: 13.439 GC heap before
{Heap before GC invocations=47 (full 0):
 garbage-first heap   total 183296K, used 155230K [0x00000000d0000000, 0x0000000100000000)
  region size 1024K, 8 young (8192K), 2 survivors (2048K)
 Metaspace       used 99534K, committed 100352K, reserved 1138688K
  class space    used 13705K, committed 14144K, reserved 1048576K
}
Event: 13.441 GC heap after
{Heap after GC invocations=48 (full 0):
 garbage-first heap   total 183296K, used 144998K [0x00000000d0000000, 0x0000000100000000)
  region size 1024K, 3 young (3072K), 3 survivors (3072K)
 Metaspace       used 99534K, committed 100352K, reserved 1138688K
  class space    used 13705K, committed 14144K, reserved 1048576K
}
Event: 13.506 GC heap before
{Heap before GC invocations=48 (full 0):
 garbage-first heap   total 183296K, used 156262K [0x00000000d0000000, 0x0000000100000000)
  region size 1024K, 11 young (11264K), 3 survivors (3072K)
 Metaspace       used 99781K, committed 100672K, reserved 1138688K
  class space    used 13726K, committed 14144K, reserved 1048576K
}
Event: 13.509 GC heap after
{Heap after GC invocations=49 (full 0):
 garbage-first heap   total 183296K, used 143306K [0x00000000d0000000, 0x0000000100000000)
  region size 1024K, 2 young (2048K), 2 survivors (2048K)
 Metaspace       used 99781K, committed 100672K, reserved 1138688K
  class space    used 13726K, committed 14144K, reserved 1048576K
}
Event: 13.528 GC heap before
{Heap before GC invocations=49 (full 0):
 garbage-first heap   total 183296K, used 152522K [0x00000000d0000000, 0x0000000100000000)
  region size 1024K, 12 young (12288K), 2 survivors (2048K)
 Metaspace       used 99867K, committed 100736K, reserved 1138688K
  class space    used 13732K, committed 14144K, reserved 1048576K
}
Event: 13.530 GC heap after
{Heap after GC invocations=50 (full 0):
 garbage-first heap   total 183296K, used 145278K [0x00000000d0000000, 0x0000000100000000)
  region size 1024K, 2 young (2048K), 2 survivors (2048K)
 Metaspace       used 99867K, committed 100736K, reserved 1138688K
  class space    used 13732K, committed 14144K, reserved 1048576K
}
Event: 13.544 GC heap before
{Heap before GC invocations=50 (full 0):
 garbage-first heap   total 183296K, used 154494K [0x00000000d0000000, 0x0000000100000000)
  region size 1024K, 11 young (11264K), 2 survivors (2048K)
 Metaspace       used 99888K, committed 100736K, reserved 1138688K
  class space    used 13735K, committed 14144K, reserved 1048576K
}
Event: 13.546 GC heap after
{Heap after GC invocations=51 (full 0):
 garbage-first heap   total 183296K, used 147126K [0x00000000d0000000, 0x0000000100000000)
  region size 1024K, 2 young (2048K), 2 survivors (2048K)
 Metaspace       used 99888K, committed 100736K, reserved 1138688K
  class space    used 13735K, committed 14144K, reserved 1048576K
}
Event: 13.560 GC heap before
{Heap before GC invocations=51 (full 0):
 garbage-first heap   total 183296K, used 156342K [0x00000000d0000000, 0x0000000100000000)
  region size 1024K, 11 young (11264K), 2 survivors (2048K)
 Metaspace       used 99956K, committed 100800K, reserved 1138688K
  class space    used 13741K, committed 14144K, reserved 1048576K
}

Deoptimization events (20 events):
Event: 13.389 Thread 0x000002c73e24c970 DEOPT PACKING pc=0x000002c72c6d06c0 sp=0x000000d23d7fa5c0
Event: 13.389 Thread 0x000002c73e24c970 DEOPT UNPACKING pc=0x000002c724a323a3 sp=0x000000d23d7fa4f0 mode 2
Event: 13.389 Thread 0x000002c73e24c970 Uncommon trap: trap_request=0xffffffc6 fr.pc=0x000002c72c6d06c0 relative=0x00000000000004c0
Event: 13.389 Thread 0x000002c73e24c970 Uncommon trap: reason=bimorphic_or_optimized_type_check action=maybe_recompile pc=0x000002c72c6d06c0 method=com.sun.org.apache.xerces.internal.dom.ParentNode.checkNormalizationAfterInsert(Lcom/sun/org/apache/xerces/internal/dom/ChildNode;)V @ 23 c2
Event: 13.389 Thread 0x000002c73e24c970 DEOPT PACKING pc=0x000002c72c6d06c0 sp=0x000000d23d7fa5c0
Event: 13.389 Thread 0x000002c73e24c970 DEOPT UNPACKING pc=0x000002c724a323a3 sp=0x000000d23d7fa4f0 mode 2
Event: 13.389 Thread 0x000002c73e24c970 Uncommon trap: trap_request=0xffffffc6 fr.pc=0x000002c72c6d06c0 relative=0x00000000000004c0
Event: 13.389 Thread 0x000002c73e24c970 Uncommon trap: reason=bimorphic_or_optimized_type_check action=maybe_recompile pc=0x000002c72c6d06c0 method=com.sun.org.apache.xerces.internal.dom.ParentNode.checkNormalizationAfterInsert(Lcom/sun/org/apache/xerces/internal/dom/ChildNode;)V @ 23 c2
Event: 13.389 Thread 0x000002c73e24c970 DEOPT PACKING pc=0x000002c72c6d06c0 sp=0x000000d23d7fa5c0
Event: 13.389 Thread 0x000002c73e24c970 DEOPT UNPACKING pc=0x000002c724a323a3 sp=0x000000d23d7fa4f0 mode 2
Event: 13.419 Thread 0x000002c73e24c970 Uncommon trap: trap_request=0xffffff45 fr.pc=0x000002c72cba9ed4 relative=0x00000000000003b4
Event: 13.419 Thread 0x000002c73e24c970 Uncommon trap: reason=unstable_if action=reinterpret pc=0x000002c72cba9ed4 method=com.android.utils.XmlUtils.toXmlAttributeValue(Ljava/lang/String;)Ljava/lang/String; @ 33 c2
Event: 13.419 Thread 0x000002c73e24c970 DEOPT PACKING pc=0x000002c72cba9ed4 sp=0x000000d23d7fa450
Event: 13.419 Thread 0x000002c73e24c970 DEOPT UNPACKING pc=0x000002c724a323a3 sp=0x000000d23d7fa3d0 mode 2
Event: 13.420 Thread 0x000002c73e24c970 DEOPT PACKING pc=0x000002c72526e4d6 sp=0x000000d23d7f9cf0
Event: 13.420 Thread 0x000002c73e24c970 DEOPT UNPACKING pc=0x000002c724a32b43 sp=0x000000d23d7f91c8 mode 0
Event: 13.466 Thread 0x000002c73e24c970 Uncommon trap: trap_request=0xffffff45 fr.pc=0x000002c72c66eec8 relative=0x00000000000000a8
Event: 13.466 Thread 0x000002c73e24c970 Uncommon trap: reason=unstable_if action=reinterpret pc=0x000002c72c66eec8 method=java.lang.CharacterDataLatin1.digit(II)I @ 12 c2
Event: 13.466 Thread 0x000002c73e24c970 DEOPT PACKING pc=0x000002c72c66eec8 sp=0x000000d23d7fa500
Event: 13.467 Thread 0x000002c73e24c970 DEOPT UNPACKING pc=0x000002c724a323a3 sp=0x000000d23d7fa478 mode 2

Classes unloaded (0 events):
No events

Classes redefined (0 events):
No events

Internal exceptions (20 events):
Event: 11.459 Thread 0x000002c73e24c4a0 Exception <a 'java/lang/IncompatibleClassChangeError'{0x00000000da3422e0}: Found class java.lang.Object, but interface was expected> (0x00000000da3422e0) 
thrown [t:\workspace\open\src\hotspot\share\interpreter\linkResolver.cpp, line 833]
Event: 11.491 Thread 0x000002c73e24c4a0 Exception <a 'java/lang/NoSuchMethodError'{0x00000000da1a4528}: 'int java.lang.invoke.DirectMethodHandle$Holder.invokeSpecial(java.lang.Object, java.lang.Object, int)'> (0x00000000da1a4528) 
thrown [t:\workspace\open\src\hotspot\share\interpreter\linkResolver.cpp, line 766]
Event: 11.960 Thread 0x000002c73e24c4a0 Exception <a 'java/lang/NoSuchMethodError'{0x00000000d92dd450}: 'int java.lang.invoke.DirectMethodHandle$Holder.invokeStaticInit(java.lang.Object, java.lang.Object, java.lang.Object, java.lang.Object, java.lang.Object)'> (0x00000000d92dd450) 
thrown [t:\workspace\open\src\hotspot\share\interpreter\linkResolver.cpp, line 766]
Event: 12.008 Thread 0x000002c73e24c4a0 Exception <a 'java/lang/NoSuchMethodError'{0x00000000d8c11428}: static Lcom/android/build/gradle/internal/tasks/AarMetadataArtifact;.<clinit>()V> (0x00000000d8c11428) 
thrown [t:\workspace\open\src\hotspot\share\prims\jni.cpp, line 1107]
Event: 12.030 Thread 0x000002c73e24dcb0 Exception <a 'java/lang/NoSuchMethodError'{0x00000000db2aef98}: 'java.lang.Object java.lang.invoke.DirectMethodHandle$Holder.invokeSpecial(java.lang.Object, java.lang.Object, long, java.lang.Object, java.lang.Object, java.lang.Object, java.lang.Object, java.lang.Object, java.lang.Object, java.lang.Object, java.lang.Object, java.lang.Object)'> (0x00000000db2aef98) 
thrown [t:\workspace\open\src\hotspot\share\interpreter\linkResolver.cpp, line 766]
Event: 12.031 Thread 0x000002c73e24dcb0 Exception <a 'java/lang/NoSuchMethodError'{0x00000000db2b3740}: 'java.lang.Object java.lang.invoke.DelegatingMethodHandle$Holder.reinvoke_L(java.lang.Object, long, java.lang.Object, java.lang.Object, java.lang.Object, java.lang.Object, java.lang.Object, java.lang.Object, java.lang.Object, java.lang.Object, java.lang.Object)'> (0x00000000db2b3740) 
thrown [t:\workspace\open\src\hotspot\share\interpreter\linkResolver.cpp, line 766]
Event: 12.108 Thread 0x000002c73e24c970 Exception <a 'sun/nio/fs/WindowsException'{0x00000000da6b4220}> (0x00000000da6b4220) 
thrown [t:\workspace\open\src\hotspot\share\prims\jni.cpp, line 516]
Event: 12.108 Thread 0x000002c73e24c970 Exception <a 'sun/nio/fs/WindowsException'{0x00000000da6b5248}> (0x00000000da6b5248) 
thrown [t:\workspace\open\src\hotspot\share\prims\jni.cpp, line 516]
Event: 12.108 Thread 0x000002c73e24c970 Exception <a 'sun/nio/fs/WindowsException'{0x00000000da6b52d8}> (0x00000000da6b52d8) 
thrown [t:\workspace\open\src\hotspot\share\prims\jni.cpp, line 516]
Event: 12.108 Thread 0x000002c73e24c970 Exception <a 'sun/nio/fs/WindowsException'{0x00000000da6b5748}> (0x00000000da6b5748) 
thrown [t:\workspace\open\src\hotspot\share\prims\jni.cpp, line 516]
Event: 12.129 Thread 0x000002c73e24c970 Exception <a 'sun/nio/fs/WindowsException'{0x00000000da5fc108}> (0x00000000da5fc108) 
thrown [t:\workspace\open\src\hotspot\share\prims\jni.cpp, line 516]
Event: 12.129 Thread 0x000002c73e24c970 Exception <a 'sun/nio/fs/WindowsException'{0x00000000da5fd020}> (0x00000000da5fd020) 
thrown [t:\workspace\open\src\hotspot\share\prims\jni.cpp, line 516]
Event: 12.129 Thread 0x000002c73e24c970 Exception <a 'sun/nio/fs/WindowsException'{0x00000000da5fd0b0}> (0x00000000da5fd0b0) 
thrown [t:\workspace\open\src\hotspot\share\prims\jni.cpp, line 516]
Event: 12.129 Thread 0x000002c73e24c970 Exception <a 'sun/nio/fs/WindowsException'{0x00000000da5fd608}> (0x00000000da5fd608) 
thrown [t:\workspace\open\src\hotspot\share\prims\jni.cpp, line 516]
Event: 12.130 Thread 0x000002c73e24c970 Exception <a 'sun/nio/fs/WindowsException'{0x00000000da48b5b8}> (0x00000000da48b5b8) 
thrown [t:\workspace\open\src\hotspot\share\prims\jni.cpp, line 516]
Event: 13.487 Thread 0x000002c73e24c970 Exception <a 'java/lang/NoSuchMethodError'{0x00000000db039458}: static Lcom/android/ide/common/resources/CompileResourceRequest;.<clinit>()V> (0x00000000db039458) 
thrown [t:\workspace\open\src\hotspot\share\prims\jni.cpp, line 1107]
Event: 13.488 Thread 0x000002c73e24c970 Exception <a 'java/lang/NoSuchMethodError'{0x00000000db0623f8}: static Ljava/lang/Object;.<clinit>()V> (0x00000000db0623f8) 
thrown [t:\workspace\open\src\hotspot\share\prims\jni.cpp, line 1107]
Event: 13.489 Thread 0x000002c73e24c970 Exception <a 'java/lang/NoSuchMethodError'{0x00000000db074368}: static Ljava/lang/Object;.<clinit>()V> (0x00000000db074368) 
thrown [t:\workspace\open\src\hotspot\share\prims\jni.cpp, line 1107]
Event: 13.489 Thread 0x000002c73e24c970 Exception <a 'java/lang/NoSuchMethodError'{0x00000000db085ec8}: static Ljava/lang/Object;.<clinit>()V> (0x00000000db085ec8) 
thrown [t:\workspace\open\src\hotspot\share\prims\jni.cpp, line 1107]
Event: 13.493 Thread 0x000002c73e24c970 Exception <a 'java/lang/NoSuchMethodError'{0x00000000daf1bb78}: static Lkotlin/InitializedLazyImpl;.<clinit>()V> (0x00000000daf1bb78) 
thrown [t:\workspace\open\src\hotspot\share\prims\jni.cpp, line 1107]

VM Operations (20 events):
Event: 12.664 Executing VM operation: HandshakeAllThreads done
Event: 12.868 Executing VM operation: G1CollectForAllocation
Event: 12.875 Executing VM operation: G1CollectForAllocation done
Event: 13.063 Executing VM operation: HandshakeAllThreads
Event: 13.063 Executing VM operation: HandshakeAllThreads done
Event: 13.086 Executing VM operation: G1CollectForAllocation
Event: 13.091 Executing VM operation: G1CollectForAllocation done
Event: 13.243 Executing VM operation: G1CollectForAllocation
Event: 13.247 Executing VM operation: G1CollectForAllocation done
Event: 13.395 Executing VM operation: G1CollectForAllocation
Event: 13.398 Executing VM operation: G1CollectForAllocation done
Event: 13.439 Executing VM operation: G1TryInitiateConcMark
Event: 13.441 Executing VM operation: G1TryInitiateConcMark done
Event: 13.506 Executing VM operation: G1CollectForAllocation
Event: 13.509 Executing VM operation: G1CollectForAllocation done
Event: 13.528 Executing VM operation: G1CollectForAllocation
Event: 13.530 Executing VM operation: G1CollectForAllocation done
Event: 13.544 Executing VM operation: G1CollectForAllocation
Event: 13.546 Executing VM operation: G1CollectForAllocation done
Event: 13.560 Executing VM operation: G1CollectForAllocation

Events (20 events):
Event: 12.970 loading class java/util/stream/Nodes$IntArrayNode
Event: 12.970 loading class java/util/stream/Nodes$IntArrayNode done
Event: 12.970 loading class java/util/stream/Nodes$IntFixedNodeBuilder done
Event: 12.987 loading class java/io/FileReader
Event: 12.987 loading class java/io/FileReader done
Event: 12.988 loading class java/util/concurrent/ConcurrentLinkedDeque
Event: 12.988 loading class java/util/concurrent/ConcurrentLinkedDeque done
Event: 12.988 loading class java/util/concurrent/ConcurrentLinkedDeque$Node
Event: 12.988 loading class java/util/concurrent/ConcurrentLinkedDeque$Node done
Event: 13.065 loading class com/sun/org/apache/xerces/internal/dom/DOMImplementationImpl
Event: 13.065 loading class org/w3c/dom/DOMImplementation
Event: 13.065 loading class org/w3c/dom/DOMImplementation done
Event: 13.065 loading class com/sun/org/apache/xerces/internal/dom/CoreDOMImplementationImpl
Event: 13.065 loading class org/w3c/dom/ls/DOMImplementationLS
Event: 13.065 loading class org/w3c/dom/ls/DOMImplementationLS done
Event: 13.065 loading class com/sun/org/apache/xerces/internal/dom/CoreDOMImplementationImpl done
Event: 13.065 loading class com/sun/org/apache/xerces/internal/dom/DOMImplementationImpl done
Event: 13.065 loading class com/sun/org/apache/xerces/internal/dom/DeferredDOMImplementationImpl
Event: 13.066 loading class com/sun/org/apache/xerces/internal/dom/DeferredDOMImplementationImpl done
Event: 13.517 Thread 0x000002c73e250cd0 Thread added: 0x000002c73e250cd0


Dynamic libraries:
0x00007ff6c23b0000 - 0x00007ff6c23be000 	C:\Program Files\Java\jdk-17.0.2\bin\java.exe
0x00007ffed4480000 - 0x00007ffed46e0000 	C:\WINDOWS\SYSTEM32\ntdll.dll
0x00007ffea7330000 - 0x00007ffea734a000 	C:\Program Files\Norton\Suite\aswhook.dll
0x00007ffed2550000 - 0x00007ffed2617000 	C:\WINDOWS\System32\KERNEL32.DLL
0x00007ffed1660000 - 0x00007ffed1a2a000 	C:\WINDOWS\System32\KERNELBASE.dll
0x00007ffed1cf0000 - 0x00007ffed1e3b000 	C:\WINDOWS\System32\ucrtbase.dll
0x00007ffe91f10000 - 0x00007ffe91f2a000 	C:\Program Files\Java\jdk-17.0.2\bin\VCRUNTIME140.dll
0x00007ffe982e0000 - 0x00007ffe982f8000 	C:\Program Files\Java\jdk-17.0.2\bin\jli.dll
0x00007ffed2380000 - 0x00007ffed254c000 	C:\WINDOWS\System32\USER32.dll
0x00007ffeb02c0000 - 0x00007ffeb0557000 	C:\WINDOWS\WinSxS\amd64_microsoft.windows.common-controls_6595b64144ccf1df_6.0.26100.3624_none_3e086962e3345f24\COMCTL32.dll
0x00007ffed21b0000 - 0x00007ffed21d7000 	C:\WINDOWS\System32\win32u.dll
0x00007ffed2660000 - 0x00007ffed2709000 	C:\WINDOWS\System32\msvcrt.dll
0x00007ffed2bb0000 - 0x00007ffed2bda000 	C:\WINDOWS\System32\GDI32.dll
0x00007ffed1e40000 - 0x00007ffed1f71000 	C:\WINDOWS\System32\gdi32full.dll
0x00007ffed1f80000 - 0x00007ffed2023000 	C:\WINDOWS\System32\msvcp_win.dll
0x00007ffed2620000 - 0x00007ffed264f000 	C:\WINDOWS\System32\IMM32.DLL
0x00007ffeb4940000 - 0x00007ffeb494c000 	C:\Program Files\Java\jdk-17.0.2\bin\vcruntime140_1.dll
0x00007ffe73fd0000 - 0x00007ffe7405d000 	C:\Program Files\Java\jdk-17.0.2\bin\msvcp140.dll
0x00007ffe36fb0000 - 0x00007ffe37b71000 	C:\Program Files\Java\jdk-17.0.2\bin\server\jvm.dll
0x00007ffed3c40000 - 0x00007ffed3cf2000 	C:\WINDOWS\System32\ADVAPI32.dll
0x00007ffed29a0000 - 0x00007ffed2a46000 	C:\WINDOWS\System32\sechost.dll
0x00007ffed3710000 - 0x00007ffed3826000 	C:\WINDOWS\System32\RPCRT4.dll
0x00007ffed2280000 - 0x00007ffed2288000 	C:\WINDOWS\System32\PSAPI.DLL
0x00007ffec1c80000 - 0x00007ffec1c8a000 	C:\WINDOWS\SYSTEM32\WSOCK32.dll
0x00007ffec84c0000 - 0x00007ffec84f6000 	C:\WINDOWS\SYSTEM32\WINMM.dll
0x00007ffec8500000 - 0x00007ffec850b000 	C:\WINDOWS\SYSTEM32\VERSION.dll
0x00007ffed2bf0000 - 0x00007ffed2c64000 	C:\WINDOWS\System32\WS2_32.dll
0x00007ffed0450000 - 0x00007ffed046a000 	C:\WINDOWS\SYSTEM32\kernel.appcore.dll
0x00007ffe9d260000 - 0x00007ffe9d26a000 	C:\Program Files\Java\jdk-17.0.2\bin\jimage.dll
0x00007ffecf060000 - 0x00007ffecf2a1000 	C:\WINDOWS\SYSTEM32\DBGHELP.DLL
0x00007ffed38b0000 - 0x00007ffed3c32000 	C:\WINDOWS\System32\combase.dll
0x00007ffed28c0000 - 0x00007ffed2996000 	C:\WINDOWS\System32\OLEAUT32.dll
0x00007ffec5320000 - 0x00007ffec5359000 	C:\WINDOWS\SYSTEM32\dbgcore.DLL
0x00007ffed21e0000 - 0x00007ffed2279000 	C:\WINDOWS\System32\bcryptPrimitives.dll
0x00007ffe93700000 - 0x00007ffe9370e000 	C:\Program Files\Java\jdk-17.0.2\bin\instrument.dll
0x00007ffe74820000 - 0x00007ffe74845000 	C:\Program Files\Java\jdk-17.0.2\bin\java.dll
0x00007ffe6c9e0000 - 0x00007ffe6cab6000 	C:\Program Files\Java\jdk-17.0.2\bin\jsvml.dll
0x00007ffed2c70000 - 0x00007ffed3399000 	C:\WINDOWS\System32\SHELL32.dll
0x00007ffed1a30000 - 0x00007ffed1b98000 	C:\WINDOWS\System32\wintypes.dll
0x00007ffecf2e0000 - 0x00007ffecfb32000 	C:\WINDOWS\SYSTEM32\windows.storage.dll
0x00007ffed2290000 - 0x00007ffed237d000 	C:\WINDOWS\System32\SHCORE.dll
0x00007ffed2ae0000 - 0x00007ffed2b44000 	C:\WINDOWS\System32\shlwapi.dll
0x00007ffed1570000 - 0x00007ffed159f000 	C:\WINDOWS\SYSTEM32\profapi.dll
0x00007ffe74710000 - 0x00007ffe74728000 	C:\Program Files\Java\jdk-17.0.2\bin\zip.dll
0x00007ffe91ef0000 - 0x00007ffe91f09000 	C:\Program Files\Java\jdk-17.0.2\bin\net.dll
0x00007ffeca180000 - 0x00007ffeca29d000 	C:\WINDOWS\SYSTEM32\WINHTTP.dll
0x00007ffed0990000 - 0x00007ffed09fa000 	C:\WINDOWS\system32\mswsock.dll
0x00007ffe74730000 - 0x00007ffe74746000 	C:\Program Files\Java\jdk-17.0.2\bin\nio.dll
0x00007ffe9b4f0000 - 0x00007ffe9b500000 	C:\Program Files\Java\jdk-17.0.2\bin\verify.dll
0x00007ffe92660000 - 0x00007ffe92687000 	C:\Users\bilal\.gradle\native\c067742578af261105cb4f569cf0c3c89f3d7b1fecec35dd04571415982c5e48\windows-amd64\native-platform.dll
0x00007ffe3fb80000 - 0x00007ffe3fcc4000 	C:\Users\bilal\.gradle\native\100fb08df4bc3b14c8652ba06237920a3bd2aa13389f12d3474272988ae205f9\windows-amd64\native-platform-file-events.dll
0x00007ffe98400000 - 0x00007ffe98409000 	C:\Program Files\Java\jdk-17.0.2\bin\management.dll
0x00007ffe975a0000 - 0x00007ffe975ab000 	C:\Program Files\Java\jdk-17.0.2\bin\management_ext.dll
0x00007ffed0c30000 - 0x00007ffed0c4c000 	C:\WINDOWS\SYSTEM32\CRYPTSP.dll
0x00007ffed03a0000 - 0x00007ffed03da000 	C:\WINDOWS\system32\rsaenh.dll
0x00007ffed0a30000 - 0x00007ffed0a5b000 	C:\WINDOWS\SYSTEM32\USERENV.dll
0x00007ffed1540000 - 0x00007ffed1566000 	C:\WINDOWS\SYSTEM32\bcrypt.dll
0x00007ffed0c50000 - 0x00007ffed0c5c000 	C:\WINDOWS\SYSTEM32\CRYPTBASE.dll
0x00007ffecfea0000 - 0x00007ffecfed3000 	C:\WINDOWS\SYSTEM32\IPHLPAPI.DLL
0x00007ffed3650000 - 0x00007ffed365a000 	C:\WINDOWS\System32\NSI.dll
0x00007ffecada0000 - 0x00007ffecadbf000 	C:\WINDOWS\SYSTEM32\dhcpcsvc6.DLL
0x00007ffeca470000 - 0x00007ffeca495000 	C:\WINDOWS\SYSTEM32\dhcpcsvc.DLL
0x00007ffecff40000 - 0x00007ffed0065000 	C:\WINDOWS\SYSTEM32\DNSAPI.dll
0x00007ffe92c80000 - 0x00007ffe92c8e000 	C:\Program Files\Java\jdk-17.0.2\bin\sunmscapi.dll
0x00007ffed2030000 - 0x00007ffed21a7000 	C:\WINDOWS\System32\CRYPT32.dll
0x00007ffed0e30000 - 0x00007ffed0e60000 	C:\WINDOWS\SYSTEM32\ncrypt.dll
0x00007ffed0de0000 - 0x00007ffed0e1f000 	C:\WINDOWS\SYSTEM32\NTASN1.dll
0x00007ffe9b860000 - 0x00007ffe9b868000 	C:\WINDOWS\system32\wshunix.dll
0x00007ffeb56b0000 - 0x00007ffeb56c8000 	C:\WINDOWS\system32\napinsp.dll
0x00007ffeb5690000 - 0x00007ffeb56a2000 	C:\WINDOWS\System32\winrnr.dll
0x00007ffeb5650000 - 0x00007ffeb5680000 	C:\WINDOWS\system32\nlansp_c.dll
0x00007ffec99e0000 - 0x00007ffec99f6000 	C:\WINDOWS\system32\wshbth.dll
0x00007ffec5900000 - 0x00007ffec590b000 	C:\Windows\System32\rasadhlp.dll
0x00007ffec82c0000 - 0x00007ffec8345000 	C:\WINDOWS\System32\fwpuclnt.dll

dbghelp: loaded successfully - version: 4.0.5 - missing functions: none
symbol engine: initialized successfully - sym options: 0x614 - pdb path: .;C:\Program Files\Java\jdk-17.0.2\bin;C:\WINDOWS\SYSTEM32;C:\Program Files\Norton\Suite;C:\WINDOWS\WinSxS\amd64_microsoft.windows.common-controls_6595b64144ccf1df_6.0.26100.3624_none_3e086962e3345f24;C:\Program Files\Java\jdk-17.0.2\bin\server;C:\Users\bilal\.gradle\native\c067742578af261105cb4f569cf0c3c89f3d7b1fecec35dd04571415982c5e48\windows-amd64;C:\Users\bilal\.gradle\native\100fb08df4bc3b14c8652ba06237920a3bd2aa13389f12d3474272988ae205f9\windows-amd64

VM Arguments:
jvm_args: --add-opens=java.base/java.util=ALL-UNNAMED --add-opens=java.base/java.lang=ALL-UNNAMED --add-opens=java.base/java.lang.invoke=ALL-UNNAMED --add-opens=java.prefs/java.util.prefs=ALL-UNNAMED --add-exports=jdk.compiler/com.sun.tools.javac.api=ALL-UNNAMED --add-exports=jdk.compiler/com.sun.tools.javac.util=ALL-UNNAMED --add-opens=java.base/java.nio.charset=ALL-UNNAMED --add-opens=java.base/java.net=ALL-UNNAMED --add-opens=java.base/java.util.concurrent.atomic=ALL-UNNAMED -Xmx768m -Dfile.encoding=UTF-8 -Duser.country=FR -Duser.language=fr -Duser.variant -javaagent:C:\Users\bilal\.gradle\wrapper\dists\gradle-8.9-bin\90cnw93cvbtalezasaz0blq0a\gradle-8.9\lib\agents\gradle-instrumentation-agent-8.9.jar 
java_command: org.gradle.launcher.daemon.bootstrap.GradleDaemon 8.9
java_class_path (initial): C:\Users\bilal\.gradle\wrapper\dists\gradle-8.9-bin\90cnw93cvbtalezasaz0blq0a\gradle-8.9\lib\gradle-daemon-main-8.9.jar
Launcher Type: SUN_STANDARD

[Global flags]
     intx CICompilerCount                          = 12                                        {product} {ergonomic}
     uint ConcGCThreads                            = 3                                         {product} {ergonomic}
     uint G1ConcRefinementThreads                  = 13                                        {product} {ergonomic}
   size_t G1HeapRegionSize                         = 1048576                                   {product} {ergonomic}
    uintx GCDrainStackTargetSize                   = 64                                        {product} {ergonomic}
   size_t InitialHeapSize                          = 123731968                                 {product} {ergonomic}
   size_t MarkStackSize                            = 4194304                                   {product} {ergonomic}
   size_t MaxHeapSize                              = 805306368                                 {product} {command line}
   size_t MaxNewSize                               = 482344960                                 {product} {ergonomic}
   size_t MinHeapDeltaBytes                        = 1048576                                   {product} {ergonomic}
   size_t MinHeapSize                              = 8388608                                   {product} {ergonomic}
    uintx NonNMethodCodeHeapSize                   = 7602480                                {pd product} {ergonomic}
    uintx NonProfiledCodeHeapSize                  = 122027880                              {pd product} {ergonomic}
    uintx ProfiledCodeHeapSize                     = 122027880                              {pd product} {ergonomic}
    uintx ReservedCodeCacheSize                    = 251658240                              {pd product} {ergonomic}
     bool SegmentedCodeCache                       = true                                      {product} {ergonomic}
   size_t SoftMaxHeapSize                          = 805306368                              {manageable} {ergonomic}
     bool UseCompressedClassPointers               = true                           {product lp64_product} {ergonomic}
     bool UseCompressedOops                        = true                           {product lp64_product} {ergonomic}
     bool UseG1GC                                  = true                                      {product} {ergonomic}
     bool UseLargePagesIndividualAllocation        = false                                  {pd product} {ergonomic}

Logging:
Log output configuration:
 #0: stdout all=warning uptime,level,tags
 #1: stderr all=off uptime,level,tags

Environment Variables:
JAVA_HOME=C:\Program Files\Java\jdk-17.0.2
CLASSPATH=C:\Users\bilal\AndroidStudioProjects\25-airlocunlock\\gradle\wrapper\gradle-wrapper.jar
PATH=C:\Program Files (x86)\Common Files\Oracle\Java\java8path;C:\Program Files (x86)\Common Files\Oracle\Java\javapath;C:\Program Files (x86)\VMware\VMware Player\bin\;C:\WINDOWS\system32;C:\WINDOWS;C:\WINDOWS\System32\Wbem;C:\WINDOWS\System32\WindowsPowerShell\v1.0\;C:\WINDOWS\System32\OpenSSH\;C:\Program Files\GitHub CLI\;C:\Program Files\nodejs\;C:\Program Files\Git\cmd;C:\Program Files\Java\jdk-17.0.2\bin;C:\Users\bilal\AppData\Local\Programs\Eclipse Adoptium\jdk-21.0.6.7-hotspot\bin;C:\Users\bilal\AppData\Local\Programs\Python\Python312\Scripts\;C:\Users\bilal\AppData\Local\Programs\Python\Python312\;C:\Users\bilal\AppData\Local\Programs\Python\Launcher\;C:\Users\bilal\AppData\Local\Microsoft\WindowsApps;;C:\Users\bilal\AppData\Local\Programs\Microsoft VS Code\bin;C:\Users\bilal\AppData\Roaming\npm
USERNAME=bilal
OS=Windows_NT
PROCESSOR_IDENTIFIER=AMD64 Family 25 Model 80 Stepping 0, AuthenticAMD



---------------  S Y S T E M  ---------------

OS:
 Windows 11 , 64 bit Build 26100 (10.0.26100.3775)
OS uptime: 0 days 3:26 hours
Hyper-V role detected

CPU: total 16 (initial active 16) (16 cores per cpu, 2 threads per core) family 25 model 80 stepping 0 microcode 0xa50000c, cx8, cmov, fxsr, ht, mmx, 3dnowpref, sse, sse2, sse3, ssse3, sse4a, sse4.1, sse4.2, popcnt, lzcnt, tsc, tscinvbit, avx, avx2, aes, erms, clmul, bmi1, bmi2, adx, sha, fma, vzeroupper, clflush, clflushopt, hv

Memory: 4k page, system-wide physical 7471M (972M free)
TotalPageFile size 9519M (AvailPageFile size 97M)
current process WorkingSet (physical memory assigned to process): 433M, peak: 495M
current process commit charge ("private bytes"): 488M, peak: 587M

vm_info: OpenJDK 64-Bit Server VM (17.0.2+8-86) for windows-amd64 JRE (17.0.2+8-86), built on Dec  7 2021 21:49:10 by "mach5one" with MS VC++ 16.8 / 16.9 (VS2019)

END.
